<?xml version="1.0" encoding="utf-8"?>
<CoverageSession>
  <Summary numSequencePoints="3350" visitedSequencePoints="1251" numBranchPoints="236" visitedBranchPoints="130" sequenceCoverage="37.34" branchCoverage="55.08" maxCyclomaticComplexity="314" minCyclomaticComplexity="4" visitedClasses="50" numClasses="65" visitedMethods="119" numMethods="143" />
  <Modules>
    <Module hash="513D13C2-A3A2-4C5A-9303-190AE974F606">
      <ModulePath>migrations-mssql.dll</ModulePath>
      <ModuleTime>2023-10-22T11:15:36</ModuleTime>
      <ModuleName>migrations-mssql</ModuleName>
      <Files>
        <File uid="1" fullPath="/home/devel0/Documents/opensource/example-webapp/backend/backend-data/migrations-mssql/Migrations/20231022131201_init.cs" />
        <File uid="2" fullPath="/home/devel0/Documents/opensource/example-webapp/backend/backend-data/migrations-mssql/Migrations/20231022131201_init.Designer.cs" />
        <File uid="3" fullPath="/home/devel0/Documents/opensource/example-webapp/backend/backend-data/migrations-mssql/Migrations/ApplicationDbContextModelSnapshot.cs" />
      </Files>
      <Classes>
        <Class>
          <Summary numSequencePoints="220" visitedSequencePoints="0" numBranchPoints="0" visitedBranchPoints="0" sequenceCoverage="0" branchCoverage="100" maxCyclomaticComplexity="1" minCyclomaticComplexity="1" visitedClasses="0" numClasses="1" visitedMethods="0" numMethods="2" />
          <FullName>migrations_mssql.Migrations.init</FullName>
          <Methods>
            <Method cyclomaticComplexity="1" nPathComplexity="1" sequenceCoverage="0" branchCoverage="100" isConstructor="False" isGetter="False" isSetter="False" isStatic="True">
              <Summary numSequencePoints="200" visitedSequencePoints="0" numBranchPoints="0" visitedBranchPoints="0" sequenceCoverage="0" branchCoverage="100" maxCyclomaticComplexity="1" minCyclomaticComplexity="1" visitedClasses="0" numClasses="0" visitedMethods="0" numMethods="1" />
              <MetadataToken />
              <Name>System.Void migrations_mssql.Migrations.init::Up(Microsoft.EntityFrameworkCore.Migrations.MigrationBuilder)</Name>
              <FileRef uid="1" />
              <SequencePoints>
                <SequencePoint vc="0" uspid="13" ordinal="0" sl="13" sc="1" el="13" ec="2" bec="0" bev="0" fileid="1" />
                <SequencePoint vc="0" uspid="14" ordinal="1" sl="14" sc="1" el="14" ec="2" bec="0" bev="0" fileid="1" />
                <SequencePoint vc="0" uspid="15" ordinal="2" sl="15" sc="1" el="15" ec="2" bec="0" bev="0" fileid="1" />
                <SequencePoint vc="0" uspid="16" ordinal="3" sl="16" sc="1" el="16" ec="2" bec="0" bev="0" fileid="1" />
                <SequencePoint vc="0" uspid="17" ordinal="4" sl="17" sc="1" el="17" ec="2" bec="0" bev="0" fileid="1" />
                <SequencePoint vc="0" uspid="18" ordinal="5" sl="18" sc="1" el="18" ec="2" bec="0" bev="0" fileid="1" />
                <SequencePoint vc="0" uspid="19" ordinal="6" sl="19" sc="1" el="19" ec="2" bec="0" bev="0" fileid="1" />
                <SequencePoint vc="0" uspid="20" ordinal="7" sl="20" sc="1" el="20" ec="2" bec="0" bev="0" fileid="1" />
                <SequencePoint vc="0" uspid="21" ordinal="8" sl="21" sc="1" el="21" ec="2" bec="0" bev="0" fileid="1" />
                <SequencePoint vc="0" uspid="22" ordinal="9" sl="22" sc="1" el="22" ec="2" bec="0" bev="0" fileid="1" />
                <SequencePoint vc="0" uspid="23" ordinal="10" sl="23" sc="1" el="23" ec="2" bec="0" bev="0" fileid="1" />
                <SequencePoint vc="0" uspid="24" ordinal="11" sl="24" sc="1" el="24" ec="2" bec="0" bev="0" fileid="1" />
                <SequencePoint vc="0" uspid="25" ordinal="12" sl="25" sc="1" el="25" ec="2" bec="0" bev="0" fileid="1" />
                <SequencePoint vc="0" uspid="26" ordinal="13" sl="26" sc="1" el="26" ec="2" bec="0" bev="0" fileid="1" />
                <SequencePoint vc="0" uspid="28" ordinal="14" sl="28" sc="1" el="28" ec="2" bec="0" bev="0" fileid="1" />
                <SequencePoint vc="0" uspid="29" ordinal="15" sl="29" sc="1" el="29" ec="2" bec="0" bev="0" fileid="1" />
                <SequencePoint vc="0" uspid="30" ordinal="16" sl="30" sc="1" el="30" ec="2" bec="0" bev="0" fileid="1" />
                <SequencePoint vc="0" uspid="31" ordinal="17" sl="31" sc="1" el="31" ec="2" bec="0" bev="0" fileid="1" />
                <SequencePoint vc="0" uspid="32" ordinal="18" sl="32" sc="1" el="32" ec="2" bec="0" bev="0" fileid="1" />
                <SequencePoint vc="0" uspid="33" ordinal="19" sl="33" sc="1" el="33" ec="2" bec="0" bev="0" fileid="1" />
                <SequencePoint vc="0" uspid="34" ordinal="20" sl="34" sc="1" el="34" ec="2" bec="0" bev="0" fileid="1" />
                <SequencePoint vc="0" uspid="35" ordinal="21" sl="35" sc="1" el="35" ec="2" bec="0" bev="0" fileid="1" />
                <SequencePoint vc="0" uspid="36" ordinal="22" sl="36" sc="1" el="36" ec="2" bec="0" bev="0" fileid="1" />
                <SequencePoint vc="0" uspid="37" ordinal="23" sl="37" sc="1" el="37" ec="2" bec="0" bev="0" fileid="1" />
                <SequencePoint vc="0" uspid="38" ordinal="24" sl="38" sc="1" el="38" ec="2" bec="0" bev="0" fileid="1" />
                <SequencePoint vc="0" uspid="39" ordinal="25" sl="39" sc="1" el="39" ec="2" bec="0" bev="0" fileid="1" />
                <SequencePoint vc="0" uspid="40" ordinal="26" sl="40" sc="1" el="40" ec="2" bec="0" bev="0" fileid="1" />
                <SequencePoint vc="0" uspid="41" ordinal="27" sl="41" sc="1" el="41" ec="2" bec="0" bev="0" fileid="1" />
                <SequencePoint vc="0" uspid="42" ordinal="28" sl="42" sc="1" el="42" ec="2" bec="0" bev="0" fileid="1" />
                <SequencePoint vc="0" uspid="43" ordinal="29" sl="43" sc="1" el="43" ec="2" bec="0" bev="0" fileid="1" />
                <SequencePoint vc="0" uspid="44" ordinal="30" sl="44" sc="1" el="44" ec="2" bec="0" bev="0" fileid="1" />
                <SequencePoint vc="0" uspid="45" ordinal="31" sl="45" sc="1" el="45" ec="2" bec="0" bev="0" fileid="1" />
                <SequencePoint vc="0" uspid="46" ordinal="32" sl="46" sc="1" el="46" ec="2" bec="0" bev="0" fileid="1" />
                <SequencePoint vc="0" uspid="47" ordinal="33" sl="47" sc="1" el="47" ec="2" bec="0" bev="0" fileid="1" />
                <SequencePoint vc="0" uspid="48" ordinal="34" sl="48" sc="1" el="48" ec="2" bec="0" bev="0" fileid="1" />
                <SequencePoint vc="0" uspid="49" ordinal="35" sl="49" sc="1" el="49" ec="2" bec="0" bev="0" fileid="1" />
                <SequencePoint vc="0" uspid="50" ordinal="36" sl="50" sc="1" el="50" ec="2" bec="0" bev="0" fileid="1" />
                <SequencePoint vc="0" uspid="51" ordinal="37" sl="51" sc="1" el="51" ec="2" bec="0" bev="0" fileid="1" />
                <SequencePoint vc="0" uspid="53" ordinal="38" sl="53" sc="1" el="53" ec="2" bec="0" bev="0" fileid="1" />
                <SequencePoint vc="0" uspid="54" ordinal="39" sl="54" sc="1" el="54" ec="2" bec="0" bev="0" fileid="1" />
                <SequencePoint vc="0" uspid="55" ordinal="40" sl="55" sc="1" el="55" ec="2" bec="0" bev="0" fileid="1" />
                <SequencePoint vc="0" uspid="56" ordinal="41" sl="56" sc="1" el="56" ec="2" bec="0" bev="0" fileid="1" />
                <SequencePoint vc="0" uspid="57" ordinal="42" sl="57" sc="1" el="57" ec="2" bec="0" bev="0" fileid="1" />
                <SequencePoint vc="0" uspid="58" ordinal="43" sl="58" sc="1" el="58" ec="2" bec="0" bev="0" fileid="1" />
                <SequencePoint vc="0" uspid="59" ordinal="44" sl="59" sc="1" el="59" ec="2" bec="0" bev="0" fileid="1" />
                <SequencePoint vc="0" uspid="60" ordinal="45" sl="60" sc="1" el="60" ec="2" bec="0" bev="0" fileid="1" />
                <SequencePoint vc="0" uspid="61" ordinal="46" sl="61" sc="1" el="61" ec="2" bec="0" bev="0" fileid="1" />
                <SequencePoint vc="0" uspid="62" ordinal="47" sl="62" sc="1" el="62" ec="2" bec="0" bev="0" fileid="1" />
                <SequencePoint vc="0" uspid="63" ordinal="48" sl="63" sc="1" el="63" ec="2" bec="0" bev="0" fileid="1" />
                <SequencePoint vc="0" uspid="64" ordinal="49" sl="64" sc="1" el="64" ec="2" bec="0" bev="0" fileid="1" />
                <SequencePoint vc="0" uspid="65" ordinal="50" sl="65" sc="1" el="65" ec="2" bec="0" bev="0" fileid="1" />
                <SequencePoint vc="0" uspid="66" ordinal="51" sl="66" sc="1" el="66" ec="2" bec="0" bev="0" fileid="1" />
                <SequencePoint vc="0" uspid="68" ordinal="52" sl="68" sc="1" el="68" ec="2" bec="0" bev="0" fileid="1" />
                <SequencePoint vc="0" uspid="69" ordinal="53" sl="69" sc="1" el="69" ec="2" bec="0" bev="0" fileid="1" />
                <SequencePoint vc="0" uspid="70" ordinal="54" sl="70" sc="1" el="70" ec="2" bec="0" bev="0" fileid="1" />
                <SequencePoint vc="0" uspid="71" ordinal="55" sl="71" sc="1" el="71" ec="2" bec="0" bev="0" fileid="1" />
                <SequencePoint vc="0" uspid="72" ordinal="56" sl="72" sc="1" el="72" ec="2" bec="0" bev="0" fileid="1" />
                <SequencePoint vc="0" uspid="73" ordinal="57" sl="73" sc="1" el="73" ec="2" bec="0" bev="0" fileid="1" />
                <SequencePoint vc="0" uspid="74" ordinal="58" sl="74" sc="1" el="74" ec="2" bec="0" bev="0" fileid="1" />
                <SequencePoint vc="0" uspid="75" ordinal="59" sl="75" sc="1" el="75" ec="2" bec="0" bev="0" fileid="1" />
                <SequencePoint vc="0" uspid="76" ordinal="60" sl="76" sc="1" el="76" ec="2" bec="0" bev="0" fileid="1" />
                <SequencePoint vc="0" uspid="77" ordinal="61" sl="77" sc="1" el="77" ec="2" bec="0" bev="0" fileid="1" />
                <SequencePoint vc="0" uspid="78" ordinal="62" sl="78" sc="1" el="78" ec="2" bec="0" bev="0" fileid="1" />
                <SequencePoint vc="0" uspid="79" ordinal="63" sl="79" sc="1" el="79" ec="2" bec="0" bev="0" fileid="1" />
                <SequencePoint vc="0" uspid="80" ordinal="64" sl="80" sc="1" el="80" ec="2" bec="0" bev="0" fileid="1" />
                <SequencePoint vc="0" uspid="81" ordinal="65" sl="81" sc="1" el="81" ec="2" bec="0" bev="0" fileid="1" />
                <SequencePoint vc="0" uspid="83" ordinal="66" sl="83" sc="1" el="83" ec="2" bec="0" bev="0" fileid="1" />
                <SequencePoint vc="0" uspid="84" ordinal="67" sl="84" sc="1" el="84" ec="2" bec="0" bev="0" fileid="1" />
                <SequencePoint vc="0" uspid="85" ordinal="68" sl="85" sc="1" el="85" ec="2" bec="0" bev="0" fileid="1" />
                <SequencePoint vc="0" uspid="86" ordinal="69" sl="86" sc="1" el="86" ec="2" bec="0" bev="0" fileid="1" />
                <SequencePoint vc="0" uspid="87" ordinal="70" sl="87" sc="1" el="87" ec="2" bec="0" bev="0" fileid="1" />
                <SequencePoint vc="0" uspid="88" ordinal="71" sl="88" sc="1" el="88" ec="2" bec="0" bev="0" fileid="1" />
                <SequencePoint vc="0" uspid="89" ordinal="72" sl="89" sc="1" el="89" ec="2" bec="0" bev="0" fileid="1" />
                <SequencePoint vc="0" uspid="90" ordinal="73" sl="90" sc="1" el="90" ec="2" bec="0" bev="0" fileid="1" />
                <SequencePoint vc="0" uspid="91" ordinal="74" sl="91" sc="1" el="91" ec="2" bec="0" bev="0" fileid="1" />
                <SequencePoint vc="0" uspid="92" ordinal="75" sl="92" sc="1" el="92" ec="2" bec="0" bev="0" fileid="1" />
                <SequencePoint vc="0" uspid="93" ordinal="76" sl="93" sc="1" el="93" ec="2" bec="0" bev="0" fileid="1" />
                <SequencePoint vc="0" uspid="94" ordinal="77" sl="94" sc="1" el="94" ec="2" bec="0" bev="0" fileid="1" />
                <SequencePoint vc="0" uspid="95" ordinal="78" sl="95" sc="1" el="95" ec="2" bec="0" bev="0" fileid="1" />
                <SequencePoint vc="0" uspid="96" ordinal="79" sl="96" sc="1" el="96" ec="2" bec="0" bev="0" fileid="1" />
                <SequencePoint vc="0" uspid="97" ordinal="80" sl="97" sc="1" el="97" ec="2" bec="0" bev="0" fileid="1" />
                <SequencePoint vc="0" uspid="98" ordinal="81" sl="98" sc="1" el="98" ec="2" bec="0" bev="0" fileid="1" />
                <SequencePoint vc="0" uspid="99" ordinal="82" sl="99" sc="1" el="99" ec="2" bec="0" bev="0" fileid="1" />
                <SequencePoint vc="0" uspid="100" ordinal="83" sl="100" sc="1" el="100" ec="2" bec="0" bev="0" fileid="1" />
                <SequencePoint vc="0" uspid="101" ordinal="84" sl="101" sc="1" el="101" ec="2" bec="0" bev="0" fileid="1" />
                <SequencePoint vc="0" uspid="102" ordinal="85" sl="102" sc="1" el="102" ec="2" bec="0" bev="0" fileid="1" />
                <SequencePoint vc="0" uspid="104" ordinal="86" sl="104" sc="1" el="104" ec="2" bec="0" bev="0" fileid="1" />
                <SequencePoint vc="0" uspid="105" ordinal="87" sl="105" sc="1" el="105" ec="2" bec="0" bev="0" fileid="1" />
                <SequencePoint vc="0" uspid="106" ordinal="88" sl="106" sc="1" el="106" ec="2" bec="0" bev="0" fileid="1" />
                <SequencePoint vc="0" uspid="107" ordinal="89" sl="107" sc="1" el="107" ec="2" bec="0" bev="0" fileid="1" />
                <SequencePoint vc="0" uspid="108" ordinal="90" sl="108" sc="1" el="108" ec="2" bec="0" bev="0" fileid="1" />
                <SequencePoint vc="0" uspid="109" ordinal="91" sl="109" sc="1" el="109" ec="2" bec="0" bev="0" fileid="1" />
                <SequencePoint vc="0" uspid="110" ordinal="92" sl="110" sc="1" el="110" ec="2" bec="0" bev="0" fileid="1" />
                <SequencePoint vc="0" uspid="111" ordinal="93" sl="111" sc="1" el="111" ec="2" bec="0" bev="0" fileid="1" />
                <SequencePoint vc="0" uspid="112" ordinal="94" sl="112" sc="1" el="112" ec="2" bec="0" bev="0" fileid="1" />
                <SequencePoint vc="0" uspid="113" ordinal="95" sl="113" sc="1" el="113" ec="2" bec="0" bev="0" fileid="1" />
                <SequencePoint vc="0" uspid="114" ordinal="96" sl="114" sc="1" el="114" ec="2" bec="0" bev="0" fileid="1" />
                <SequencePoint vc="0" uspid="115" ordinal="97" sl="115" sc="1" el="115" ec="2" bec="0" bev="0" fileid="1" />
                <SequencePoint vc="0" uspid="116" ordinal="98" sl="116" sc="1" el="116" ec="2" bec="0" bev="0" fileid="1" />
                <SequencePoint vc="0" uspid="117" ordinal="99" sl="117" sc="1" el="117" ec="2" bec="0" bev="0" fileid="1" />
                <SequencePoint vc="0" uspid="118" ordinal="100" sl="118" sc="1" el="118" ec="2" bec="0" bev="0" fileid="1" />
                <SequencePoint vc="0" uspid="119" ordinal="101" sl="119" sc="1" el="119" ec="2" bec="0" bev="0" fileid="1" />
                <SequencePoint vc="0" uspid="120" ordinal="102" sl="120" sc="1" el="120" ec="2" bec="0" bev="0" fileid="1" />
                <SequencePoint vc="0" uspid="121" ordinal="103" sl="121" sc="1" el="121" ec="2" bec="0" bev="0" fileid="1" />
                <SequencePoint vc="0" uspid="122" ordinal="104" sl="122" sc="1" el="122" ec="2" bec="0" bev="0" fileid="1" />
                <SequencePoint vc="0" uspid="123" ordinal="105" sl="123" sc="1" el="123" ec="2" bec="0" bev="0" fileid="1" />
                <SequencePoint vc="0" uspid="125" ordinal="106" sl="125" sc="1" el="125" ec="2" bec="0" bev="0" fileid="1" />
                <SequencePoint vc="0" uspid="126" ordinal="107" sl="126" sc="1" el="126" ec="2" bec="0" bev="0" fileid="1" />
                <SequencePoint vc="0" uspid="127" ordinal="108" sl="127" sc="1" el="127" ec="2" bec="0" bev="0" fileid="1" />
                <SequencePoint vc="0" uspid="128" ordinal="109" sl="128" sc="1" el="128" ec="2" bec="0" bev="0" fileid="1" />
                <SequencePoint vc="0" uspid="129" ordinal="110" sl="129" sc="1" el="129" ec="2" bec="0" bev="0" fileid="1" />
                <SequencePoint vc="0" uspid="130" ordinal="111" sl="130" sc="1" el="130" ec="2" bec="0" bev="0" fileid="1" />
                <SequencePoint vc="0" uspid="131" ordinal="112" sl="131" sc="1" el="131" ec="2" bec="0" bev="0" fileid="1" />
                <SequencePoint vc="0" uspid="132" ordinal="113" sl="132" sc="1" el="132" ec="2" bec="0" bev="0" fileid="1" />
                <SequencePoint vc="0" uspid="133" ordinal="114" sl="133" sc="1" el="133" ec="2" bec="0" bev="0" fileid="1" />
                <SequencePoint vc="0" uspid="134" ordinal="115" sl="134" sc="1" el="134" ec="2" bec="0" bev="0" fileid="1" />
                <SequencePoint vc="0" uspid="135" ordinal="116" sl="135" sc="1" el="135" ec="2" bec="0" bev="0" fileid="1" />
                <SequencePoint vc="0" uspid="136" ordinal="117" sl="136" sc="1" el="136" ec="2" bec="0" bev="0" fileid="1" />
                <SequencePoint vc="0" uspid="137" ordinal="118" sl="137" sc="1" el="137" ec="2" bec="0" bev="0" fileid="1" />
                <SequencePoint vc="0" uspid="138" ordinal="119" sl="138" sc="1" el="138" ec="2" bec="0" bev="0" fileid="1" />
                <SequencePoint vc="0" uspid="139" ordinal="120" sl="139" sc="1" el="139" ec="2" bec="0" bev="0" fileid="1" />
                <SequencePoint vc="0" uspid="140" ordinal="121" sl="140" sc="1" el="140" ec="2" bec="0" bev="0" fileid="1" />
                <SequencePoint vc="0" uspid="141" ordinal="122" sl="141" sc="1" el="141" ec="2" bec="0" bev="0" fileid="1" />
                <SequencePoint vc="0" uspid="142" ordinal="123" sl="142" sc="1" el="142" ec="2" bec="0" bev="0" fileid="1" />
                <SequencePoint vc="0" uspid="143" ordinal="124" sl="143" sc="1" el="143" ec="2" bec="0" bev="0" fileid="1" />
                <SequencePoint vc="0" uspid="145" ordinal="125" sl="145" sc="1" el="145" ec="2" bec="0" bev="0" fileid="1" />
                <SequencePoint vc="0" uspid="146" ordinal="126" sl="146" sc="1" el="146" ec="2" bec="0" bev="0" fileid="1" />
                <SequencePoint vc="0" uspid="147" ordinal="127" sl="147" sc="1" el="147" ec="2" bec="0" bev="0" fileid="1" />
                <SequencePoint vc="0" uspid="148" ordinal="128" sl="148" sc="1" el="148" ec="2" bec="0" bev="0" fileid="1" />
                <SequencePoint vc="0" uspid="149" ordinal="129" sl="149" sc="1" el="149" ec="2" bec="0" bev="0" fileid="1" />
                <SequencePoint vc="0" uspid="150" ordinal="130" sl="150" sc="1" el="150" ec="2" bec="0" bev="0" fileid="1" />
                <SequencePoint vc="0" uspid="151" ordinal="131" sl="151" sc="1" el="151" ec="2" bec="0" bev="0" fileid="1" />
                <SequencePoint vc="0" uspid="152" ordinal="132" sl="152" sc="1" el="152" ec="2" bec="0" bev="0" fileid="1" />
                <SequencePoint vc="0" uspid="153" ordinal="133" sl="153" sc="1" el="153" ec="2" bec="0" bev="0" fileid="1" />
                <SequencePoint vc="0" uspid="154" ordinal="134" sl="154" sc="1" el="154" ec="2" bec="0" bev="0" fileid="1" />
                <SequencePoint vc="0" uspid="155" ordinal="135" sl="155" sc="1" el="155" ec="2" bec="0" bev="0" fileid="1" />
                <SequencePoint vc="0" uspid="156" ordinal="136" sl="156" sc="1" el="156" ec="2" bec="0" bev="0" fileid="1" />
                <SequencePoint vc="0" uspid="157" ordinal="137" sl="157" sc="1" el="157" ec="2" bec="0" bev="0" fileid="1" />
                <SequencePoint vc="0" uspid="158" ordinal="138" sl="158" sc="1" el="158" ec="2" bec="0" bev="0" fileid="1" />
                <SequencePoint vc="0" uspid="159" ordinal="139" sl="159" sc="1" el="159" ec="2" bec="0" bev="0" fileid="1" />
                <SequencePoint vc="0" uspid="160" ordinal="140" sl="160" sc="1" el="160" ec="2" bec="0" bev="0" fileid="1" />
                <SequencePoint vc="0" uspid="161" ordinal="141" sl="161" sc="1" el="161" ec="2" bec="0" bev="0" fileid="1" />
                <SequencePoint vc="0" uspid="162" ordinal="142" sl="162" sc="1" el="162" ec="2" bec="0" bev="0" fileid="1" />
                <SequencePoint vc="0" uspid="163" ordinal="143" sl="163" sc="1" el="163" ec="2" bec="0" bev="0" fileid="1" />
                <SequencePoint vc="0" uspid="164" ordinal="144" sl="164" sc="1" el="164" ec="2" bec="0" bev="0" fileid="1" />
                <SequencePoint vc="0" uspid="165" ordinal="145" sl="165" sc="1" el="165" ec="2" bec="0" bev="0" fileid="1" />
                <SequencePoint vc="0" uspid="166" ordinal="146" sl="166" sc="1" el="166" ec="2" bec="0" bev="0" fileid="1" />
                <SequencePoint vc="0" uspid="167" ordinal="147" sl="167" sc="1" el="167" ec="2" bec="0" bev="0" fileid="1" />
                <SequencePoint vc="0" uspid="169" ordinal="148" sl="169" sc="1" el="169" ec="2" bec="0" bev="0" fileid="1" />
                <SequencePoint vc="0" uspid="170" ordinal="149" sl="170" sc="1" el="170" ec="2" bec="0" bev="0" fileid="1" />
                <SequencePoint vc="0" uspid="171" ordinal="150" sl="171" sc="1" el="171" ec="2" bec="0" bev="0" fileid="1" />
                <SequencePoint vc="0" uspid="172" ordinal="151" sl="172" sc="1" el="172" ec="2" bec="0" bev="0" fileid="1" />
                <SequencePoint vc="0" uspid="173" ordinal="152" sl="173" sc="1" el="173" ec="2" bec="0" bev="0" fileid="1" />
                <SequencePoint vc="0" uspid="174" ordinal="153" sl="174" sc="1" el="174" ec="2" bec="0" bev="0" fileid="1" />
                <SequencePoint vc="0" uspid="175" ordinal="154" sl="175" sc="1" el="175" ec="2" bec="0" bev="0" fileid="1" />
                <SequencePoint vc="0" uspid="176" ordinal="155" sl="176" sc="1" el="176" ec="2" bec="0" bev="0" fileid="1" />
                <SequencePoint vc="0" uspid="177" ordinal="156" sl="177" sc="1" el="177" ec="2" bec="0" bev="0" fileid="1" />
                <SequencePoint vc="0" uspid="178" ordinal="157" sl="178" sc="1" el="178" ec="2" bec="0" bev="0" fileid="1" />
                <SequencePoint vc="0" uspid="179" ordinal="158" sl="179" sc="1" el="179" ec="2" bec="0" bev="0" fileid="1" />
                <SequencePoint vc="0" uspid="180" ordinal="159" sl="180" sc="1" el="180" ec="2" bec="0" bev="0" fileid="1" />
                <SequencePoint vc="0" uspid="181" ordinal="160" sl="181" sc="1" el="181" ec="2" bec="0" bev="0" fileid="1" />
                <SequencePoint vc="0" uspid="182" ordinal="161" sl="182" sc="1" el="182" ec="2" bec="0" bev="0" fileid="1" />
                <SequencePoint vc="0" uspid="183" ordinal="162" sl="183" sc="1" el="183" ec="2" bec="0" bev="0" fileid="1" />
                <SequencePoint vc="0" uspid="184" ordinal="163" sl="184" sc="1" el="184" ec="2" bec="0" bev="0" fileid="1" />
                <SequencePoint vc="0" uspid="185" ordinal="164" sl="185" sc="1" el="185" ec="2" bec="0" bev="0" fileid="1" />
                <SequencePoint vc="0" uspid="186" ordinal="165" sl="186" sc="1" el="186" ec="2" bec="0" bev="0" fileid="1" />
                <SequencePoint vc="0" uspid="187" ordinal="166" sl="187" sc="1" el="187" ec="2" bec="0" bev="0" fileid="1" />
                <SequencePoint vc="0" uspid="189" ordinal="167" sl="189" sc="1" el="189" ec="2" bec="0" bev="0" fileid="1" />
                <SequencePoint vc="0" uspid="190" ordinal="168" sl="190" sc="1" el="190" ec="2" bec="0" bev="0" fileid="1" />
                <SequencePoint vc="0" uspid="191" ordinal="169" sl="191" sc="1" el="191" ec="2" bec="0" bev="0" fileid="1" />
                <SequencePoint vc="0" uspid="192" ordinal="170" sl="192" sc="1" el="192" ec="2" bec="0" bev="0" fileid="1" />
                <SequencePoint vc="0" uspid="194" ordinal="171" sl="194" sc="1" el="194" ec="2" bec="0" bev="0" fileid="1" />
                <SequencePoint vc="0" uspid="195" ordinal="172" sl="195" sc="1" el="195" ec="2" bec="0" bev="0" fileid="1" />
                <SequencePoint vc="0" uspid="196" ordinal="173" sl="196" sc="1" el="196" ec="2" bec="0" bev="0" fileid="1" />
                <SequencePoint vc="0" uspid="197" ordinal="174" sl="197" sc="1" el="197" ec="2" bec="0" bev="0" fileid="1" />
                <SequencePoint vc="0" uspid="198" ordinal="175" sl="198" sc="1" el="198" ec="2" bec="0" bev="0" fileid="1" />
                <SequencePoint vc="0" uspid="199" ordinal="176" sl="199" sc="1" el="199" ec="2" bec="0" bev="0" fileid="1" />
                <SequencePoint vc="0" uspid="201" ordinal="177" sl="201" sc="1" el="201" ec="2" bec="0" bev="0" fileid="1" />
                <SequencePoint vc="0" uspid="202" ordinal="178" sl="202" sc="1" el="202" ec="2" bec="0" bev="0" fileid="1" />
                <SequencePoint vc="0" uspid="203" ordinal="179" sl="203" sc="1" el="203" ec="2" bec="0" bev="0" fileid="1" />
                <SequencePoint vc="0" uspid="204" ordinal="180" sl="204" sc="1" el="204" ec="2" bec="0" bev="0" fileid="1" />
                <SequencePoint vc="0" uspid="206" ordinal="181" sl="206" sc="1" el="206" ec="2" bec="0" bev="0" fileid="1" />
                <SequencePoint vc="0" uspid="207" ordinal="182" sl="207" sc="1" el="207" ec="2" bec="0" bev="0" fileid="1" />
                <SequencePoint vc="0" uspid="208" ordinal="183" sl="208" sc="1" el="208" ec="2" bec="0" bev="0" fileid="1" />
                <SequencePoint vc="0" uspid="209" ordinal="184" sl="209" sc="1" el="209" ec="2" bec="0" bev="0" fileid="1" />
                <SequencePoint vc="0" uspid="211" ordinal="185" sl="211" sc="1" el="211" ec="2" bec="0" bev="0" fileid="1" />
                <SequencePoint vc="0" uspid="212" ordinal="186" sl="212" sc="1" el="212" ec="2" bec="0" bev="0" fileid="1" />
                <SequencePoint vc="0" uspid="213" ordinal="187" sl="213" sc="1" el="213" ec="2" bec="0" bev="0" fileid="1" />
                <SequencePoint vc="0" uspid="214" ordinal="188" sl="214" sc="1" el="214" ec="2" bec="0" bev="0" fileid="1" />
                <SequencePoint vc="0" uspid="216" ordinal="189" sl="216" sc="1" el="216" ec="2" bec="0" bev="0" fileid="1" />
                <SequencePoint vc="0" uspid="217" ordinal="190" sl="217" sc="1" el="217" ec="2" bec="0" bev="0" fileid="1" />
                <SequencePoint vc="0" uspid="218" ordinal="191" sl="218" sc="1" el="218" ec="2" bec="0" bev="0" fileid="1" />
                <SequencePoint vc="0" uspid="219" ordinal="192" sl="219" sc="1" el="219" ec="2" bec="0" bev="0" fileid="1" />
                <SequencePoint vc="0" uspid="221" ordinal="193" sl="221" sc="1" el="221" ec="2" bec="0" bev="0" fileid="1" />
                <SequencePoint vc="0" uspid="222" ordinal="194" sl="222" sc="1" el="222" ec="2" bec="0" bev="0" fileid="1" />
                <SequencePoint vc="0" uspid="223" ordinal="195" sl="223" sc="1" el="223" ec="2" bec="0" bev="0" fileid="1" />
                <SequencePoint vc="0" uspid="224" ordinal="196" sl="224" sc="1" el="224" ec="2" bec="0" bev="0" fileid="1" />
                <SequencePoint vc="0" uspid="225" ordinal="197" sl="225" sc="1" el="225" ec="2" bec="0" bev="0" fileid="1" />
                <SequencePoint vc="0" uspid="226" ordinal="198" sl="226" sc="1" el="226" ec="2" bec="0" bev="0" fileid="1" />
                <SequencePoint vc="0" uspid="227" ordinal="199" sl="227" sc="1" el="227" ec="2" bec="0" bev="0" fileid="1" />
              </SequencePoints>
              <BranchPoints />
              <MethodPoint vc="0" uspid="0" p8:type="SequencePoint" ordinal="0" offset="0" sc="0" sl="13" ec="1" el="227" bec="0" bev="0" fileid="1" xmlns:p8="xsi" />
            </Method>
            <Method cyclomaticComplexity="1" nPathComplexity="1" sequenceCoverage="0" branchCoverage="100" isConstructor="False" isGetter="False" isSetter="False" isStatic="True">
              <Summary numSequencePoints="20" visitedSequencePoints="0" numBranchPoints="0" visitedBranchPoints="0" sequenceCoverage="0" branchCoverage="100" maxCyclomaticComplexity="1" minCyclomaticComplexity="1" visitedClasses="0" numClasses="0" visitedMethods="0" numMethods="1" />
              <MetadataToken />
              <Name>System.Void migrations_mssql.Migrations.init::Down(Microsoft.EntityFrameworkCore.Migrations.MigrationBuilder)</Name>
              <FileRef uid="1" />
              <SequencePoints>
                <SequencePoint vc="0" uspid="231" ordinal="0" sl="231" sc="1" el="231" ec="2" bec="0" bev="0" fileid="1" />
                <SequencePoint vc="0" uspid="232" ordinal="1" sl="232" sc="1" el="232" ec="2" bec="0" bev="0" fileid="1" />
                <SequencePoint vc="0" uspid="233" ordinal="2" sl="233" sc="1" el="233" ec="2" bec="0" bev="0" fileid="1" />
                <SequencePoint vc="0" uspid="235" ordinal="3" sl="235" sc="1" el="235" ec="2" bec="0" bev="0" fileid="1" />
                <SequencePoint vc="0" uspid="236" ordinal="4" sl="236" sc="1" el="236" ec="2" bec="0" bev="0" fileid="1" />
                <SequencePoint vc="0" uspid="238" ordinal="5" sl="238" sc="1" el="238" ec="2" bec="0" bev="0" fileid="1" />
                <SequencePoint vc="0" uspid="239" ordinal="6" sl="239" sc="1" el="239" ec="2" bec="0" bev="0" fileid="1" />
                <SequencePoint vc="0" uspid="241" ordinal="7" sl="241" sc="1" el="241" ec="2" bec="0" bev="0" fileid="1" />
                <SequencePoint vc="0" uspid="242" ordinal="8" sl="242" sc="1" el="242" ec="2" bec="0" bev="0" fileid="1" />
                <SequencePoint vc="0" uspid="244" ordinal="9" sl="244" sc="1" el="244" ec="2" bec="0" bev="0" fileid="1" />
                <SequencePoint vc="0" uspid="245" ordinal="10" sl="245" sc="1" el="245" ec="2" bec="0" bev="0" fileid="1" />
                <SequencePoint vc="0" uspid="247" ordinal="11" sl="247" sc="1" el="247" ec="2" bec="0" bev="0" fileid="1" />
                <SequencePoint vc="0" uspid="248" ordinal="12" sl="248" sc="1" el="248" ec="2" bec="0" bev="0" fileid="1" />
                <SequencePoint vc="0" uspid="250" ordinal="13" sl="250" sc="1" el="250" ec="2" bec="0" bev="0" fileid="1" />
                <SequencePoint vc="0" uspid="251" ordinal="14" sl="251" sc="1" el="251" ec="2" bec="0" bev="0" fileid="1" />
                <SequencePoint vc="0" uspid="253" ordinal="15" sl="253" sc="1" el="253" ec="2" bec="0" bev="0" fileid="1" />
                <SequencePoint vc="0" uspid="254" ordinal="16" sl="254" sc="1" el="254" ec="2" bec="0" bev="0" fileid="1" />
                <SequencePoint vc="0" uspid="256" ordinal="17" sl="256" sc="1" el="256" ec="2" bec="0" bev="0" fileid="1" />
                <SequencePoint vc="0" uspid="257" ordinal="18" sl="257" sc="1" el="257" ec="2" bec="0" bev="0" fileid="1" />
                <SequencePoint vc="0" uspid="258" ordinal="19" sl="258" sc="1" el="258" ec="2" bec="0" bev="0" fileid="1" />
              </SequencePoints>
              <BranchPoints />
              <MethodPoint vc="0" uspid="0" p8:type="SequencePoint" ordinal="1" offset="1" sc="0" sl="231" ec="1" el="258" bec="0" bev="0" fileid="1" xmlns:p8="xsi" />
            </Method>
          </Methods>
        </Class>
        <Class>
          <Summary numSequencePoints="289" visitedSequencePoints="0" numBranchPoints="0" visitedBranchPoints="0" sequenceCoverage="0" branchCoverage="100" maxCyclomaticComplexity="1" minCyclomaticComplexity="1" visitedClasses="0" numClasses="1" visitedMethods="0" numMethods="1" />
          <FullName>migrations_mssql.Migrations.init</FullName>
          <Methods>
            <Method cyclomaticComplexity="1" nPathComplexity="1" sequenceCoverage="0" branchCoverage="100" isConstructor="False" isGetter="False" isSetter="False" isStatic="True">
              <Summary numSequencePoints="289" visitedSequencePoints="0" numBranchPoints="0" visitedBranchPoints="0" sequenceCoverage="0" branchCoverage="100" maxCyclomaticComplexity="1" minCyclomaticComplexity="1" visitedClasses="0" numClasses="0" visitedMethods="0" numMethods="1" />
              <MetadataToken />
              <Name>System.Void migrations_mssql.Migrations.init::BuildTargetModel(Microsoft.EntityFrameworkCore.ModelBuilder)</Name>
              <FileRef uid="2" />
              <SequencePoints>
                <SequencePoint vc="0" uspid="20" ordinal="0" sl="20" sc="1" el="20" ec="2" bec="0" bev="0" fileid="2" />
                <SequencePoint vc="0" uspid="22" ordinal="1" sl="22" sc="1" el="22" ec="2" bec="0" bev="0" fileid="2" />
                <SequencePoint vc="0" uspid="23" ordinal="2" sl="23" sc="1" el="23" ec="2" bec="0" bev="0" fileid="2" />
                <SequencePoint vc="0" uspid="24" ordinal="3" sl="24" sc="1" el="24" ec="2" bec="0" bev="0" fileid="2" />
                <SequencePoint vc="0" uspid="26" ordinal="4" sl="26" sc="1" el="26" ec="2" bec="0" bev="0" fileid="2" />
                <SequencePoint vc="0" uspid="28" ordinal="5" sl="28" sc="1" el="28" ec="2" bec="0" bev="0" fileid="2" />
                <SequencePoint vc="0" uspid="29" ordinal="6" sl="29" sc="1" el="29" ec="2" bec="0" bev="0" fileid="2" />
                <SequencePoint vc="0" uspid="30" ordinal="7" sl="30" sc="1" el="30" ec="2" bec="0" bev="0" fileid="2" />
                <SequencePoint vc="0" uspid="31" ordinal="8" sl="31" sc="1" el="31" ec="2" bec="0" bev="0" fileid="2" />
                <SequencePoint vc="0" uspid="32" ordinal="9" sl="32" sc="1" el="32" ec="2" bec="0" bev="0" fileid="2" />
                <SequencePoint vc="0" uspid="33" ordinal="10" sl="33" sc="1" el="33" ec="2" bec="0" bev="0" fileid="2" />
                <SequencePoint vc="0" uspid="34" ordinal="11" sl="34" sc="1" el="34" ec="2" bec="0" bev="0" fileid="2" />
                <SequencePoint vc="0" uspid="35" ordinal="12" sl="35" sc="1" el="35" ec="2" bec="0" bev="0" fileid="2" />
                <SequencePoint vc="0" uspid="36" ordinal="13" sl="36" sc="1" el="36" ec="2" bec="0" bev="0" fileid="2" />
                <SequencePoint vc="0" uspid="37" ordinal="14" sl="37" sc="1" el="37" ec="2" bec="0" bev="0" fileid="2" />
                <SequencePoint vc="0" uspid="38" ordinal="15" sl="38" sc="1" el="38" ec="2" bec="0" bev="0" fileid="2" />
                <SequencePoint vc="0" uspid="39" ordinal="16" sl="39" sc="1" el="39" ec="2" bec="0" bev="0" fileid="2" />
                <SequencePoint vc="0" uspid="40" ordinal="17" sl="40" sc="1" el="40" ec="2" bec="0" bev="0" fileid="2" />
                <SequencePoint vc="0" uspid="41" ordinal="18" sl="41" sc="1" el="41" ec="2" bec="0" bev="0" fileid="2" />
                <SequencePoint vc="0" uspid="42" ordinal="19" sl="42" sc="1" el="42" ec="2" bec="0" bev="0" fileid="2" />
                <SequencePoint vc="0" uspid="43" ordinal="20" sl="43" sc="1" el="43" ec="2" bec="0" bev="0" fileid="2" />
                <SequencePoint vc="0" uspid="44" ordinal="21" sl="44" sc="1" el="44" ec="2" bec="0" bev="0" fileid="2" />
                <SequencePoint vc="0" uspid="45" ordinal="22" sl="45" sc="1" el="45" ec="2" bec="0" bev="0" fileid="2" />
                <SequencePoint vc="0" uspid="46" ordinal="23" sl="46" sc="1" el="46" ec="2" bec="0" bev="0" fileid="2" />
                <SequencePoint vc="0" uspid="47" ordinal="24" sl="47" sc="1" el="47" ec="2" bec="0" bev="0" fileid="2" />
                <SequencePoint vc="0" uspid="48" ordinal="25" sl="48" sc="1" el="48" ec="2" bec="0" bev="0" fileid="2" />
                <SequencePoint vc="0" uspid="49" ordinal="26" sl="49" sc="1" el="49" ec="2" bec="0" bev="0" fileid="2" />
                <SequencePoint vc="0" uspid="50" ordinal="27" sl="50" sc="1" el="50" ec="2" bec="0" bev="0" fileid="2" />
                <SequencePoint vc="0" uspid="51" ordinal="28" sl="51" sc="1" el="51" ec="2" bec="0" bev="0" fileid="2" />
                <SequencePoint vc="0" uspid="52" ordinal="29" sl="52" sc="1" el="52" ec="2" bec="0" bev="0" fileid="2" />
                <SequencePoint vc="0" uspid="53" ordinal="30" sl="53" sc="1" el="53" ec="2" bec="0" bev="0" fileid="2" />
                <SequencePoint vc="0" uspid="54" ordinal="31" sl="54" sc="1" el="54" ec="2" bec="0" bev="0" fileid="2" />
                <SequencePoint vc="0" uspid="55" ordinal="32" sl="55" sc="1" el="55" ec="2" bec="0" bev="0" fileid="2" />
                <SequencePoint vc="0" uspid="56" ordinal="33" sl="56" sc="1" el="56" ec="2" bec="0" bev="0" fileid="2" />
                <SequencePoint vc="0" uspid="57" ordinal="34" sl="57" sc="1" el="57" ec="2" bec="0" bev="0" fileid="2" />
                <SequencePoint vc="0" uspid="58" ordinal="35" sl="58" sc="1" el="58" ec="2" bec="0" bev="0" fileid="2" />
                <SequencePoint vc="0" uspid="59" ordinal="36" sl="59" sc="1" el="59" ec="2" bec="0" bev="0" fileid="2" />
                <SequencePoint vc="0" uspid="60" ordinal="37" sl="60" sc="1" el="60" ec="2" bec="0" bev="0" fileid="2" />
                <SequencePoint vc="0" uspid="61" ordinal="38" sl="61" sc="1" el="61" ec="2" bec="0" bev="0" fileid="2" />
                <SequencePoint vc="0" uspid="62" ordinal="39" sl="62" sc="1" el="62" ec="2" bec="0" bev="0" fileid="2" />
                <SequencePoint vc="0" uspid="63" ordinal="40" sl="63" sc="1" el="63" ec="2" bec="0" bev="0" fileid="2" />
                <SequencePoint vc="0" uspid="64" ordinal="41" sl="64" sc="1" el="64" ec="2" bec="0" bev="0" fileid="2" />
                <SequencePoint vc="0" uspid="65" ordinal="42" sl="65" sc="1" el="65" ec="2" bec="0" bev="0" fileid="2" />
                <SequencePoint vc="0" uspid="66" ordinal="43" sl="66" sc="1" el="66" ec="2" bec="0" bev="0" fileid="2" />
                <SequencePoint vc="0" uspid="67" ordinal="44" sl="67" sc="1" el="67" ec="2" bec="0" bev="0" fileid="2" />
                <SequencePoint vc="0" uspid="68" ordinal="45" sl="68" sc="1" el="68" ec="2" bec="0" bev="0" fileid="2" />
                <SequencePoint vc="0" uspid="69" ordinal="46" sl="69" sc="1" el="69" ec="2" bec="0" bev="0" fileid="2" />
                <SequencePoint vc="0" uspid="70" ordinal="47" sl="70" sc="1" el="70" ec="2" bec="0" bev="0" fileid="2" />
                <SequencePoint vc="0" uspid="71" ordinal="48" sl="71" sc="1" el="71" ec="2" bec="0" bev="0" fileid="2" />
                <SequencePoint vc="0" uspid="72" ordinal="49" sl="72" sc="1" el="72" ec="2" bec="0" bev="0" fileid="2" />
                <SequencePoint vc="0" uspid="73" ordinal="50" sl="73" sc="1" el="73" ec="2" bec="0" bev="0" fileid="2" />
                <SequencePoint vc="0" uspid="74" ordinal="51" sl="74" sc="1" el="74" ec="2" bec="0" bev="0" fileid="2" />
                <SequencePoint vc="0" uspid="75" ordinal="52" sl="75" sc="1" el="75" ec="2" bec="0" bev="0" fileid="2" />
                <SequencePoint vc="0" uspid="76" ordinal="53" sl="76" sc="1" el="76" ec="2" bec="0" bev="0" fileid="2" />
                <SequencePoint vc="0" uspid="77" ordinal="54" sl="77" sc="1" el="77" ec="2" bec="0" bev="0" fileid="2" />
                <SequencePoint vc="0" uspid="78" ordinal="55" sl="78" sc="1" el="78" ec="2" bec="0" bev="0" fileid="2" />
                <SequencePoint vc="0" uspid="79" ordinal="56" sl="79" sc="1" el="79" ec="2" bec="0" bev="0" fileid="2" />
                <SequencePoint vc="0" uspid="80" ordinal="57" sl="80" sc="1" el="80" ec="2" bec="0" bev="0" fileid="2" />
                <SequencePoint vc="0" uspid="81" ordinal="58" sl="81" sc="1" el="81" ec="2" bec="0" bev="0" fileid="2" />
                <SequencePoint vc="0" uspid="82" ordinal="59" sl="82" sc="1" el="82" ec="2" bec="0" bev="0" fileid="2" />
                <SequencePoint vc="0" uspid="83" ordinal="60" sl="83" sc="1" el="83" ec="2" bec="0" bev="0" fileid="2" />
                <SequencePoint vc="0" uspid="84" ordinal="61" sl="84" sc="1" el="84" ec="2" bec="0" bev="0" fileid="2" />
                <SequencePoint vc="0" uspid="85" ordinal="62" sl="85" sc="1" el="85" ec="2" bec="0" bev="0" fileid="2" />
                <SequencePoint vc="0" uspid="86" ordinal="63" sl="86" sc="1" el="86" ec="2" bec="0" bev="0" fileid="2" />
                <SequencePoint vc="0" uspid="87" ordinal="64" sl="87" sc="1" el="87" ec="2" bec="0" bev="0" fileid="2" />
                <SequencePoint vc="0" uspid="88" ordinal="65" sl="88" sc="1" el="88" ec="2" bec="0" bev="0" fileid="2" />
                <SequencePoint vc="0" uspid="89" ordinal="66" sl="89" sc="1" el="89" ec="2" bec="0" bev="0" fileid="2" />
                <SequencePoint vc="0" uspid="90" ordinal="67" sl="90" sc="1" el="90" ec="2" bec="0" bev="0" fileid="2" />
                <SequencePoint vc="0" uspid="91" ordinal="68" sl="91" sc="1" el="91" ec="2" bec="0" bev="0" fileid="2" />
                <SequencePoint vc="0" uspid="93" ordinal="69" sl="93" sc="1" el="93" ec="2" bec="0" bev="0" fileid="2" />
                <SequencePoint vc="0" uspid="94" ordinal="70" sl="94" sc="1" el="94" ec="2" bec="0" bev="0" fileid="2" />
                <SequencePoint vc="0" uspid="95" ordinal="71" sl="95" sc="1" el="95" ec="2" bec="0" bev="0" fileid="2" />
                <SequencePoint vc="0" uspid="96" ordinal="72" sl="96" sc="1" el="96" ec="2" bec="0" bev="0" fileid="2" />
                <SequencePoint vc="0" uspid="97" ordinal="73" sl="97" sc="1" el="97" ec="2" bec="0" bev="0" fileid="2" />
                <SequencePoint vc="0" uspid="98" ordinal="74" sl="98" sc="1" el="98" ec="2" bec="0" bev="0" fileid="2" />
                <SequencePoint vc="0" uspid="99" ordinal="75" sl="99" sc="1" el="99" ec="2" bec="0" bev="0" fileid="2" />
                <SequencePoint vc="0" uspid="100" ordinal="76" sl="100" sc="1" el="100" ec="2" bec="0" bev="0" fileid="2" />
                <SequencePoint vc="0" uspid="101" ordinal="77" sl="101" sc="1" el="101" ec="2" bec="0" bev="0" fileid="2" />
                <SequencePoint vc="0" uspid="102" ordinal="78" sl="102" sc="1" el="102" ec="2" bec="0" bev="0" fileid="2" />
                <SequencePoint vc="0" uspid="103" ordinal="79" sl="103" sc="1" el="103" ec="2" bec="0" bev="0" fileid="2" />
                <SequencePoint vc="0" uspid="104" ordinal="80" sl="104" sc="1" el="104" ec="2" bec="0" bev="0" fileid="2" />
                <SequencePoint vc="0" uspid="105" ordinal="81" sl="105" sc="1" el="105" ec="2" bec="0" bev="0" fileid="2" />
                <SequencePoint vc="0" uspid="106" ordinal="82" sl="106" sc="1" el="106" ec="2" bec="0" bev="0" fileid="2" />
                <SequencePoint vc="0" uspid="107" ordinal="83" sl="107" sc="1" el="107" ec="2" bec="0" bev="0" fileid="2" />
                <SequencePoint vc="0" uspid="108" ordinal="84" sl="108" sc="1" el="108" ec="2" bec="0" bev="0" fileid="2" />
                <SequencePoint vc="0" uspid="109" ordinal="85" sl="109" sc="1" el="109" ec="2" bec="0" bev="0" fileid="2" />
                <SequencePoint vc="0" uspid="110" ordinal="86" sl="110" sc="1" el="110" ec="2" bec="0" bev="0" fileid="2" />
                <SequencePoint vc="0" uspid="111" ordinal="87" sl="111" sc="1" el="111" ec="2" bec="0" bev="0" fileid="2" />
                <SequencePoint vc="0" uspid="112" ordinal="88" sl="112" sc="1" el="112" ec="2" bec="0" bev="0" fileid="2" />
                <SequencePoint vc="0" uspid="113" ordinal="89" sl="113" sc="1" el="113" ec="2" bec="0" bev="0" fileid="2" />
                <SequencePoint vc="0" uspid="114" ordinal="90" sl="114" sc="1" el="114" ec="2" bec="0" bev="0" fileid="2" />
                <SequencePoint vc="0" uspid="116" ordinal="91" sl="116" sc="1" el="116" ec="2" bec="0" bev="0" fileid="2" />
                <SequencePoint vc="0" uspid="117" ordinal="92" sl="117" sc="1" el="117" ec="2" bec="0" bev="0" fileid="2" />
                <SequencePoint vc="0" uspid="118" ordinal="93" sl="118" sc="1" el="118" ec="2" bec="0" bev="0" fileid="2" />
                <SequencePoint vc="0" uspid="119" ordinal="94" sl="119" sc="1" el="119" ec="2" bec="0" bev="0" fileid="2" />
                <SequencePoint vc="0" uspid="120" ordinal="95" sl="120" sc="1" el="120" ec="2" bec="0" bev="0" fileid="2" />
                <SequencePoint vc="0" uspid="121" ordinal="96" sl="121" sc="1" el="121" ec="2" bec="0" bev="0" fileid="2" />
                <SequencePoint vc="0" uspid="122" ordinal="97" sl="122" sc="1" el="122" ec="2" bec="0" bev="0" fileid="2" />
                <SequencePoint vc="0" uspid="123" ordinal="98" sl="123" sc="1" el="123" ec="2" bec="0" bev="0" fileid="2" />
                <SequencePoint vc="0" uspid="124" ordinal="99" sl="124" sc="1" el="124" ec="2" bec="0" bev="0" fileid="2" />
                <SequencePoint vc="0" uspid="125" ordinal="100" sl="125" sc="1" el="125" ec="2" bec="0" bev="0" fileid="2" />
                <SequencePoint vc="0" uspid="126" ordinal="101" sl="126" sc="1" el="126" ec="2" bec="0" bev="0" fileid="2" />
                <SequencePoint vc="0" uspid="127" ordinal="102" sl="127" sc="1" el="127" ec="2" bec="0" bev="0" fileid="2" />
                <SequencePoint vc="0" uspid="128" ordinal="103" sl="128" sc="1" el="128" ec="2" bec="0" bev="0" fileid="2" />
                <SequencePoint vc="0" uspid="129" ordinal="104" sl="129" sc="1" el="129" ec="2" bec="0" bev="0" fileid="2" />
                <SequencePoint vc="0" uspid="130" ordinal="105" sl="130" sc="1" el="130" ec="2" bec="0" bev="0" fileid="2" />
                <SequencePoint vc="0" uspid="131" ordinal="106" sl="131" sc="1" el="131" ec="2" bec="0" bev="0" fileid="2" />
                <SequencePoint vc="0" uspid="132" ordinal="107" sl="132" sc="1" el="132" ec="2" bec="0" bev="0" fileid="2" />
                <SequencePoint vc="0" uspid="133" ordinal="108" sl="133" sc="1" el="133" ec="2" bec="0" bev="0" fileid="2" />
                <SequencePoint vc="0" uspid="134" ordinal="109" sl="134" sc="1" el="134" ec="2" bec="0" bev="0" fileid="2" />
                <SequencePoint vc="0" uspid="135" ordinal="110" sl="135" sc="1" el="135" ec="2" bec="0" bev="0" fileid="2" />
                <SequencePoint vc="0" uspid="136" ordinal="111" sl="136" sc="1" el="136" ec="2" bec="0" bev="0" fileid="2" />
                <SequencePoint vc="0" uspid="137" ordinal="112" sl="137" sc="1" el="137" ec="2" bec="0" bev="0" fileid="2" />
                <SequencePoint vc="0" uspid="138" ordinal="113" sl="138" sc="1" el="138" ec="2" bec="0" bev="0" fileid="2" />
                <SequencePoint vc="0" uspid="139" ordinal="114" sl="139" sc="1" el="139" ec="2" bec="0" bev="0" fileid="2" />
                <SequencePoint vc="0" uspid="141" ordinal="115" sl="141" sc="1" el="141" ec="2" bec="0" bev="0" fileid="2" />
                <SequencePoint vc="0" uspid="142" ordinal="116" sl="142" sc="1" el="142" ec="2" bec="0" bev="0" fileid="2" />
                <SequencePoint vc="0" uspid="143" ordinal="117" sl="143" sc="1" el="143" ec="2" bec="0" bev="0" fileid="2" />
                <SequencePoint vc="0" uspid="144" ordinal="118" sl="144" sc="1" el="144" ec="2" bec="0" bev="0" fileid="2" />
                <SequencePoint vc="0" uspid="145" ordinal="119" sl="145" sc="1" el="145" ec="2" bec="0" bev="0" fileid="2" />
                <SequencePoint vc="0" uspid="146" ordinal="120" sl="146" sc="1" el="146" ec="2" bec="0" bev="0" fileid="2" />
                <SequencePoint vc="0" uspid="147" ordinal="121" sl="147" sc="1" el="147" ec="2" bec="0" bev="0" fileid="2" />
                <SequencePoint vc="0" uspid="148" ordinal="122" sl="148" sc="1" el="148" ec="2" bec="0" bev="0" fileid="2" />
                <SequencePoint vc="0" uspid="149" ordinal="123" sl="149" sc="1" el="149" ec="2" bec="0" bev="0" fileid="2" />
                <SequencePoint vc="0" uspid="150" ordinal="124" sl="150" sc="1" el="150" ec="2" bec="0" bev="0" fileid="2" />
                <SequencePoint vc="0" uspid="151" ordinal="125" sl="151" sc="1" el="151" ec="2" bec="0" bev="0" fileid="2" />
                <SequencePoint vc="0" uspid="152" ordinal="126" sl="152" sc="1" el="152" ec="2" bec="0" bev="0" fileid="2" />
                <SequencePoint vc="0" uspid="153" ordinal="127" sl="153" sc="1" el="153" ec="2" bec="0" bev="0" fileid="2" />
                <SequencePoint vc="0" uspid="154" ordinal="128" sl="154" sc="1" el="154" ec="2" bec="0" bev="0" fileid="2" />
                <SequencePoint vc="0" uspid="155" ordinal="129" sl="155" sc="1" el="155" ec="2" bec="0" bev="0" fileid="2" />
                <SequencePoint vc="0" uspid="156" ordinal="130" sl="156" sc="1" el="156" ec="2" bec="0" bev="0" fileid="2" />
                <SequencePoint vc="0" uspid="157" ordinal="131" sl="157" sc="1" el="157" ec="2" bec="0" bev="0" fileid="2" />
                <SequencePoint vc="0" uspid="158" ordinal="132" sl="158" sc="1" el="158" ec="2" bec="0" bev="0" fileid="2" />
                <SequencePoint vc="0" uspid="159" ordinal="133" sl="159" sc="1" el="159" ec="2" bec="0" bev="0" fileid="2" />
                <SequencePoint vc="0" uspid="160" ordinal="134" sl="160" sc="1" el="160" ec="2" bec="0" bev="0" fileid="2" />
                <SequencePoint vc="0" uspid="161" ordinal="135" sl="161" sc="1" el="161" ec="2" bec="0" bev="0" fileid="2" />
                <SequencePoint vc="0" uspid="162" ordinal="136" sl="162" sc="1" el="162" ec="2" bec="0" bev="0" fileid="2" />
                <SequencePoint vc="0" uspid="163" ordinal="137" sl="163" sc="1" el="163" ec="2" bec="0" bev="0" fileid="2" />
                <SequencePoint vc="0" uspid="164" ordinal="138" sl="164" sc="1" el="164" ec="2" bec="0" bev="0" fileid="2" />
                <SequencePoint vc="0" uspid="165" ordinal="139" sl="165" sc="1" el="165" ec="2" bec="0" bev="0" fileid="2" />
                <SequencePoint vc="0" uspid="166" ordinal="140" sl="166" sc="1" el="166" ec="2" bec="0" bev="0" fileid="2" />
                <SequencePoint vc="0" uspid="168" ordinal="141" sl="168" sc="1" el="168" ec="2" bec="0" bev="0" fileid="2" />
                <SequencePoint vc="0" uspid="169" ordinal="142" sl="169" sc="1" el="169" ec="2" bec="0" bev="0" fileid="2" />
                <SequencePoint vc="0" uspid="170" ordinal="143" sl="170" sc="1" el="170" ec="2" bec="0" bev="0" fileid="2" />
                <SequencePoint vc="0" uspid="171" ordinal="144" sl="171" sc="1" el="171" ec="2" bec="0" bev="0" fileid="2" />
                <SequencePoint vc="0" uspid="172" ordinal="145" sl="172" sc="1" el="172" ec="2" bec="0" bev="0" fileid="2" />
                <SequencePoint vc="0" uspid="173" ordinal="146" sl="173" sc="1" el="173" ec="2" bec="0" bev="0" fileid="2" />
                <SequencePoint vc="0" uspid="174" ordinal="147" sl="174" sc="1" el="174" ec="2" bec="0" bev="0" fileid="2" />
                <SequencePoint vc="0" uspid="175" ordinal="148" sl="175" sc="1" el="175" ec="2" bec="0" bev="0" fileid="2" />
                <SequencePoint vc="0" uspid="176" ordinal="149" sl="176" sc="1" el="176" ec="2" bec="0" bev="0" fileid="2" />
                <SequencePoint vc="0" uspid="177" ordinal="150" sl="177" sc="1" el="177" ec="2" bec="0" bev="0" fileid="2" />
                <SequencePoint vc="0" uspid="178" ordinal="151" sl="178" sc="1" el="178" ec="2" bec="0" bev="0" fileid="2" />
                <SequencePoint vc="0" uspid="179" ordinal="152" sl="179" sc="1" el="179" ec="2" bec="0" bev="0" fileid="2" />
                <SequencePoint vc="0" uspid="180" ordinal="153" sl="180" sc="1" el="180" ec="2" bec="0" bev="0" fileid="2" />
                <SequencePoint vc="0" uspid="181" ordinal="154" sl="181" sc="1" el="181" ec="2" bec="0" bev="0" fileid="2" />
                <SequencePoint vc="0" uspid="182" ordinal="155" sl="182" sc="1" el="182" ec="2" bec="0" bev="0" fileid="2" />
                <SequencePoint vc="0" uspid="183" ordinal="156" sl="183" sc="1" el="183" ec="2" bec="0" bev="0" fileid="2" />
                <SequencePoint vc="0" uspid="184" ordinal="157" sl="184" sc="1" el="184" ec="2" bec="0" bev="0" fileid="2" />
                <SequencePoint vc="0" uspid="185" ordinal="158" sl="185" sc="1" el="185" ec="2" bec="0" bev="0" fileid="2" />
                <SequencePoint vc="0" uspid="186" ordinal="159" sl="186" sc="1" el="186" ec="2" bec="0" bev="0" fileid="2" />
                <SequencePoint vc="0" uspid="187" ordinal="160" sl="187" sc="1" el="187" ec="2" bec="0" bev="0" fileid="2" />
                <SequencePoint vc="0" uspid="188" ordinal="161" sl="188" sc="1" el="188" ec="2" bec="0" bev="0" fileid="2" />
                <SequencePoint vc="0" uspid="189" ordinal="162" sl="189" sc="1" el="189" ec="2" bec="0" bev="0" fileid="2" />
                <SequencePoint vc="0" uspid="190" ordinal="163" sl="190" sc="1" el="190" ec="2" bec="0" bev="0" fileid="2" />
                <SequencePoint vc="0" uspid="191" ordinal="164" sl="191" sc="1" el="191" ec="2" bec="0" bev="0" fileid="2" />
                <SequencePoint vc="0" uspid="193" ordinal="165" sl="193" sc="1" el="193" ec="2" bec="0" bev="0" fileid="2" />
                <SequencePoint vc="0" uspid="194" ordinal="166" sl="194" sc="1" el="194" ec="2" bec="0" bev="0" fileid="2" />
                <SequencePoint vc="0" uspid="195" ordinal="167" sl="195" sc="1" el="195" ec="2" bec="0" bev="0" fileid="2" />
                <SequencePoint vc="0" uspid="196" ordinal="168" sl="196" sc="1" el="196" ec="2" bec="0" bev="0" fileid="2" />
                <SequencePoint vc="0" uspid="197" ordinal="169" sl="197" sc="1" el="197" ec="2" bec="0" bev="0" fileid="2" />
                <SequencePoint vc="0" uspid="198" ordinal="170" sl="198" sc="1" el="198" ec="2" bec="0" bev="0" fileid="2" />
                <SequencePoint vc="0" uspid="199" ordinal="171" sl="199" sc="1" el="199" ec="2" bec="0" bev="0" fileid="2" />
                <SequencePoint vc="0" uspid="200" ordinal="172" sl="200" sc="1" el="200" ec="2" bec="0" bev="0" fileid="2" />
                <SequencePoint vc="0" uspid="201" ordinal="173" sl="201" sc="1" el="201" ec="2" bec="0" bev="0" fileid="2" />
                <SequencePoint vc="0" uspid="202" ordinal="174" sl="202" sc="1" el="202" ec="2" bec="0" bev="0" fileid="2" />
                <SequencePoint vc="0" uspid="203" ordinal="175" sl="203" sc="1" el="203" ec="2" bec="0" bev="0" fileid="2" />
                <SequencePoint vc="0" uspid="204" ordinal="176" sl="204" sc="1" el="204" ec="2" bec="0" bev="0" fileid="2" />
                <SequencePoint vc="0" uspid="205" ordinal="177" sl="205" sc="1" el="205" ec="2" bec="0" bev="0" fileid="2" />
                <SequencePoint vc="0" uspid="206" ordinal="178" sl="206" sc="1" el="206" ec="2" bec="0" bev="0" fileid="2" />
                <SequencePoint vc="0" uspid="207" ordinal="179" sl="207" sc="1" el="207" ec="2" bec="0" bev="0" fileid="2" />
                <SequencePoint vc="0" uspid="208" ordinal="180" sl="208" sc="1" el="208" ec="2" bec="0" bev="0" fileid="2" />
                <SequencePoint vc="0" uspid="209" ordinal="181" sl="209" sc="1" el="209" ec="2" bec="0" bev="0" fileid="2" />
                <SequencePoint vc="0" uspid="210" ordinal="182" sl="210" sc="1" el="210" ec="2" bec="0" bev="0" fileid="2" />
                <SequencePoint vc="0" uspid="211" ordinal="183" sl="211" sc="1" el="211" ec="2" bec="0" bev="0" fileid="2" />
                <SequencePoint vc="0" uspid="212" ordinal="184" sl="212" sc="1" el="212" ec="2" bec="0" bev="0" fileid="2" />
                <SequencePoint vc="0" uspid="213" ordinal="185" sl="213" sc="1" el="213" ec="2" bec="0" bev="0" fileid="2" />
                <SequencePoint vc="0" uspid="214" ordinal="186" sl="214" sc="1" el="214" ec="2" bec="0" bev="0" fileid="2" />
                <SequencePoint vc="0" uspid="215" ordinal="187" sl="215" sc="1" el="215" ec="2" bec="0" bev="0" fileid="2" />
                <SequencePoint vc="0" uspid="216" ordinal="188" sl="216" sc="1" el="216" ec="2" bec="0" bev="0" fileid="2" />
                <SequencePoint vc="0" uspid="218" ordinal="189" sl="218" sc="1" el="218" ec="2" bec="0" bev="0" fileid="2" />
                <SequencePoint vc="0" uspid="219" ordinal="190" sl="219" sc="1" el="219" ec="2" bec="0" bev="0" fileid="2" />
                <SequencePoint vc="0" uspid="220" ordinal="191" sl="220" sc="1" el="220" ec="2" bec="0" bev="0" fileid="2" />
                <SequencePoint vc="0" uspid="221" ordinal="192" sl="221" sc="1" el="221" ec="2" bec="0" bev="0" fileid="2" />
                <SequencePoint vc="0" uspid="222" ordinal="193" sl="222" sc="1" el="222" ec="2" bec="0" bev="0" fileid="2" />
                <SequencePoint vc="0" uspid="223" ordinal="194" sl="223" sc="1" el="223" ec="2" bec="0" bev="0" fileid="2" />
                <SequencePoint vc="0" uspid="224" ordinal="195" sl="224" sc="1" el="224" ec="2" bec="0" bev="0" fileid="2" />
                <SequencePoint vc="0" uspid="225" ordinal="196" sl="225" sc="1" el="225" ec="2" bec="0" bev="0" fileid="2" />
                <SequencePoint vc="0" uspid="226" ordinal="197" sl="226" sc="1" el="226" ec="2" bec="0" bev="0" fileid="2" />
                <SequencePoint vc="0" uspid="227" ordinal="198" sl="227" sc="1" el="227" ec="2" bec="0" bev="0" fileid="2" />
                <SequencePoint vc="0" uspid="228" ordinal="199" sl="228" sc="1" el="228" ec="2" bec="0" bev="0" fileid="2" />
                <SequencePoint vc="0" uspid="229" ordinal="200" sl="229" sc="1" el="229" ec="2" bec="0" bev="0" fileid="2" />
                <SequencePoint vc="0" uspid="230" ordinal="201" sl="230" sc="1" el="230" ec="2" bec="0" bev="0" fileid="2" />
                <SequencePoint vc="0" uspid="231" ordinal="202" sl="231" sc="1" el="231" ec="2" bec="0" bev="0" fileid="2" />
                <SequencePoint vc="0" uspid="232" ordinal="203" sl="232" sc="1" el="232" ec="2" bec="0" bev="0" fileid="2" />
                <SequencePoint vc="0" uspid="233" ordinal="204" sl="233" sc="1" el="233" ec="2" bec="0" bev="0" fileid="2" />
                <SequencePoint vc="0" uspid="234" ordinal="205" sl="234" sc="1" el="234" ec="2" bec="0" bev="0" fileid="2" />
                <SequencePoint vc="0" uspid="235" ordinal="206" sl="235" sc="1" el="235" ec="2" bec="0" bev="0" fileid="2" />
                <SequencePoint vc="0" uspid="236" ordinal="207" sl="236" sc="1" el="236" ec="2" bec="0" bev="0" fileid="2" />
                <SequencePoint vc="0" uspid="237" ordinal="208" sl="237" sc="1" el="237" ec="2" bec="0" bev="0" fileid="2" />
                <SequencePoint vc="0" uspid="238" ordinal="209" sl="238" sc="1" el="238" ec="2" bec="0" bev="0" fileid="2" />
                <SequencePoint vc="0" uspid="240" ordinal="210" sl="240" sc="1" el="240" ec="2" bec="0" bev="0" fileid="2" />
                <SequencePoint vc="0" uspid="241" ordinal="211" sl="241" sc="1" el="241" ec="2" bec="0" bev="0" fileid="2" />
                <SequencePoint vc="0" uspid="242" ordinal="212" sl="242" sc="1" el="242" ec="2" bec="0" bev="0" fileid="2" />
                <SequencePoint vc="0" uspid="243" ordinal="213" sl="243" sc="1" el="243" ec="2" bec="0" bev="0" fileid="2" />
                <SequencePoint vc="0" uspid="244" ordinal="214" sl="244" sc="1" el="244" ec="2" bec="0" bev="0" fileid="2" />
                <SequencePoint vc="0" uspid="245" ordinal="215" sl="245" sc="1" el="245" ec="2" bec="0" bev="0" fileid="2" />
                <SequencePoint vc="0" uspid="246" ordinal="216" sl="246" sc="1" el="246" ec="2" bec="0" bev="0" fileid="2" />
                <SequencePoint vc="0" uspid="247" ordinal="217" sl="247" sc="1" el="247" ec="2" bec="0" bev="0" fileid="2" />
                <SequencePoint vc="0" uspid="248" ordinal="218" sl="248" sc="1" el="248" ec="2" bec="0" bev="0" fileid="2" />
                <SequencePoint vc="0" uspid="249" ordinal="219" sl="249" sc="1" el="249" ec="2" bec="0" bev="0" fileid="2" />
                <SequencePoint vc="0" uspid="250" ordinal="220" sl="250" sc="1" el="250" ec="2" bec="0" bev="0" fileid="2" />
                <SequencePoint vc="0" uspid="251" ordinal="221" sl="251" sc="1" el="251" ec="2" bec="0" bev="0" fileid="2" />
                <SequencePoint vc="0" uspid="252" ordinal="222" sl="252" sc="1" el="252" ec="2" bec="0" bev="0" fileid="2" />
                <SequencePoint vc="0" uspid="253" ordinal="223" sl="253" sc="1" el="253" ec="2" bec="0" bev="0" fileid="2" />
                <SequencePoint vc="0" uspid="255" ordinal="224" sl="255" sc="1" el="255" ec="2" bec="0" bev="0" fileid="2" />
                <SequencePoint vc="0" uspid="256" ordinal="225" sl="256" sc="1" el="256" ec="2" bec="0" bev="0" fileid="2" />
                <SequencePoint vc="0" uspid="257" ordinal="226" sl="257" sc="1" el="257" ec="2" bec="0" bev="0" fileid="2" />
                <SequencePoint vc="0" uspid="258" ordinal="227" sl="258" sc="1" el="258" ec="2" bec="0" bev="0" fileid="2" />
                <SequencePoint vc="0" uspid="259" ordinal="228" sl="259" sc="1" el="259" ec="2" bec="0" bev="0" fileid="2" />
                <SequencePoint vc="0" uspid="260" ordinal="229" sl="260" sc="1" el="260" ec="2" bec="0" bev="0" fileid="2" />
                <SequencePoint vc="0" uspid="261" ordinal="230" sl="261" sc="1" el="261" ec="2" bec="0" bev="0" fileid="2" />
                <SequencePoint vc="0" uspid="262" ordinal="231" sl="262" sc="1" el="262" ec="2" bec="0" bev="0" fileid="2" />
                <SequencePoint vc="0" uspid="263" ordinal="232" sl="263" sc="1" el="263" ec="2" bec="0" bev="0" fileid="2" />
                <SequencePoint vc="0" uspid="264" ordinal="233" sl="264" sc="1" el="264" ec="2" bec="0" bev="0" fileid="2" />
                <SequencePoint vc="0" uspid="265" ordinal="234" sl="265" sc="1" el="265" ec="2" bec="0" bev="0" fileid="2" />
                <SequencePoint vc="0" uspid="266" ordinal="235" sl="266" sc="1" el="266" ec="2" bec="0" bev="0" fileid="2" />
                <SequencePoint vc="0" uspid="267" ordinal="236" sl="267" sc="1" el="267" ec="2" bec="0" bev="0" fileid="2" />
                <SequencePoint vc="0" uspid="268" ordinal="237" sl="268" sc="1" el="268" ec="2" bec="0" bev="0" fileid="2" />
                <SequencePoint vc="0" uspid="269" ordinal="238" sl="269" sc="1" el="269" ec="2" bec="0" bev="0" fileid="2" />
                <SequencePoint vc="0" uspid="270" ordinal="239" sl="270" sc="1" el="270" ec="2" bec="0" bev="0" fileid="2" />
                <SequencePoint vc="0" uspid="271" ordinal="240" sl="271" sc="1" el="271" ec="2" bec="0" bev="0" fileid="2" />
                <SequencePoint vc="0" uspid="272" ordinal="241" sl="272" sc="1" el="272" ec="2" bec="0" bev="0" fileid="2" />
                <SequencePoint vc="0" uspid="274" ordinal="242" sl="274" sc="1" el="274" ec="2" bec="0" bev="0" fileid="2" />
                <SequencePoint vc="0" uspid="275" ordinal="243" sl="275" sc="1" el="275" ec="2" bec="0" bev="0" fileid="2" />
                <SequencePoint vc="0" uspid="276" ordinal="244" sl="276" sc="1" el="276" ec="2" bec="0" bev="0" fileid="2" />
                <SequencePoint vc="0" uspid="277" ordinal="245" sl="277" sc="1" el="277" ec="2" bec="0" bev="0" fileid="2" />
                <SequencePoint vc="0" uspid="278" ordinal="246" sl="278" sc="1" el="278" ec="2" bec="0" bev="0" fileid="2" />
                <SequencePoint vc="0" uspid="279" ordinal="247" sl="279" sc="1" el="279" ec="2" bec="0" bev="0" fileid="2" />
                <SequencePoint vc="0" uspid="280" ordinal="248" sl="280" sc="1" el="280" ec="2" bec="0" bev="0" fileid="2" />
                <SequencePoint vc="0" uspid="281" ordinal="249" sl="281" sc="1" el="281" ec="2" bec="0" bev="0" fileid="2" />
                <SequencePoint vc="0" uspid="283" ordinal="250" sl="283" sc="1" el="283" ec="2" bec="0" bev="0" fileid="2" />
                <SequencePoint vc="0" uspid="284" ordinal="251" sl="284" sc="1" el="284" ec="2" bec="0" bev="0" fileid="2" />
                <SequencePoint vc="0" uspid="285" ordinal="252" sl="285" sc="1" el="285" ec="2" bec="0" bev="0" fileid="2" />
                <SequencePoint vc="0" uspid="286" ordinal="253" sl="286" sc="1" el="286" ec="2" bec="0" bev="0" fileid="2" />
                <SequencePoint vc="0" uspid="287" ordinal="254" sl="287" sc="1" el="287" ec="2" bec="0" bev="0" fileid="2" />
                <SequencePoint vc="0" uspid="288" ordinal="255" sl="288" sc="1" el="288" ec="2" bec="0" bev="0" fileid="2" />
                <SequencePoint vc="0" uspid="289" ordinal="256" sl="289" sc="1" el="289" ec="2" bec="0" bev="0" fileid="2" />
                <SequencePoint vc="0" uspid="290" ordinal="257" sl="290" sc="1" el="290" ec="2" bec="0" bev="0" fileid="2" />
                <SequencePoint vc="0" uspid="292" ordinal="258" sl="292" sc="1" el="292" ec="2" bec="0" bev="0" fileid="2" />
                <SequencePoint vc="0" uspid="293" ordinal="259" sl="293" sc="1" el="293" ec="2" bec="0" bev="0" fileid="2" />
                <SequencePoint vc="0" uspid="294" ordinal="260" sl="294" sc="1" el="294" ec="2" bec="0" bev="0" fileid="2" />
                <SequencePoint vc="0" uspid="295" ordinal="261" sl="295" sc="1" el="295" ec="2" bec="0" bev="0" fileid="2" />
                <SequencePoint vc="0" uspid="296" ordinal="262" sl="296" sc="1" el="296" ec="2" bec="0" bev="0" fileid="2" />
                <SequencePoint vc="0" uspid="297" ordinal="263" sl="297" sc="1" el="297" ec="2" bec="0" bev="0" fileid="2" />
                <SequencePoint vc="0" uspid="298" ordinal="264" sl="298" sc="1" el="298" ec="2" bec="0" bev="0" fileid="2" />
                <SequencePoint vc="0" uspid="299" ordinal="265" sl="299" sc="1" el="299" ec="2" bec="0" bev="0" fileid="2" />
                <SequencePoint vc="0" uspid="301" ordinal="266" sl="301" sc="1" el="301" ec="2" bec="0" bev="0" fileid="2" />
                <SequencePoint vc="0" uspid="302" ordinal="267" sl="302" sc="1" el="302" ec="2" bec="0" bev="0" fileid="2" />
                <SequencePoint vc="0" uspid="303" ordinal="268" sl="303" sc="1" el="303" ec="2" bec="0" bev="0" fileid="2" />
                <SequencePoint vc="0" uspid="304" ordinal="269" sl="304" sc="1" el="304" ec="2" bec="0" bev="0" fileid="2" />
                <SequencePoint vc="0" uspid="305" ordinal="270" sl="305" sc="1" el="305" ec="2" bec="0" bev="0" fileid="2" />
                <SequencePoint vc="0" uspid="306" ordinal="271" sl="306" sc="1" el="306" ec="2" bec="0" bev="0" fileid="2" />
                <SequencePoint vc="0" uspid="307" ordinal="272" sl="307" sc="1" el="307" ec="2" bec="0" bev="0" fileid="2" />
                <SequencePoint vc="0" uspid="308" ordinal="273" sl="308" sc="1" el="308" ec="2" bec="0" bev="0" fileid="2" />
                <SequencePoint vc="0" uspid="309" ordinal="274" sl="309" sc="1" el="309" ec="2" bec="0" bev="0" fileid="2" />
                <SequencePoint vc="0" uspid="310" ordinal="275" sl="310" sc="1" el="310" ec="2" bec="0" bev="0" fileid="2" />
                <SequencePoint vc="0" uspid="311" ordinal="276" sl="311" sc="1" el="311" ec="2" bec="0" bev="0" fileid="2" />
                <SequencePoint vc="0" uspid="312" ordinal="277" sl="312" sc="1" el="312" ec="2" bec="0" bev="0" fileid="2" />
                <SequencePoint vc="0" uspid="313" ordinal="278" sl="313" sc="1" el="313" ec="2" bec="0" bev="0" fileid="2" />
                <SequencePoint vc="0" uspid="314" ordinal="279" sl="314" sc="1" el="314" ec="2" bec="0" bev="0" fileid="2" />
                <SequencePoint vc="0" uspid="316" ordinal="280" sl="316" sc="1" el="316" ec="2" bec="0" bev="0" fileid="2" />
                <SequencePoint vc="0" uspid="317" ordinal="281" sl="317" sc="1" el="317" ec="2" bec="0" bev="0" fileid="2" />
                <SequencePoint vc="0" uspid="318" ordinal="282" sl="318" sc="1" el="318" ec="2" bec="0" bev="0" fileid="2" />
                <SequencePoint vc="0" uspid="319" ordinal="283" sl="319" sc="1" el="319" ec="2" bec="0" bev="0" fileid="2" />
                <SequencePoint vc="0" uspid="320" ordinal="284" sl="320" sc="1" el="320" ec="2" bec="0" bev="0" fileid="2" />
                <SequencePoint vc="0" uspid="321" ordinal="285" sl="321" sc="1" el="321" ec="2" bec="0" bev="0" fileid="2" />
                <SequencePoint vc="0" uspid="322" ordinal="286" sl="322" sc="1" el="322" ec="2" bec="0" bev="0" fileid="2" />
                <SequencePoint vc="0" uspid="323" ordinal="287" sl="323" sc="1" el="323" ec="2" bec="0" bev="0" fileid="2" />
                <SequencePoint vc="0" uspid="325" ordinal="288" sl="325" sc="1" el="325" ec="2" bec="0" bev="0" fileid="2" />
              </SequencePoints>
              <BranchPoints />
              <MethodPoint vc="0" uspid="0" p8:type="SequencePoint" ordinal="0" offset="0" sc="0" sl="20" ec="1" el="325" bec="0" bev="0" fileid="2" xmlns:p8="xsi" />
            </Method>
          </Methods>
        </Class>
        <Class>
          <Summary numSequencePoints="289" visitedSequencePoints="0" numBranchPoints="0" visitedBranchPoints="0" sequenceCoverage="0" branchCoverage="100" maxCyclomaticComplexity="1" minCyclomaticComplexity="1" visitedClasses="0" numClasses="1" visitedMethods="0" numMethods="1" />
          <FullName>migrations_mssql.Migrations.ApplicationDbContextModelSnapshot</FullName>
          <Methods>
            <Method cyclomaticComplexity="1" nPathComplexity="1" sequenceCoverage="0" branchCoverage="100" isConstructor="False" isGetter="False" isSetter="False" isStatic="True">
              <Summary numSequencePoints="289" visitedSequencePoints="0" numBranchPoints="0" visitedBranchPoints="0" sequenceCoverage="0" branchCoverage="100" maxCyclomaticComplexity="1" minCyclomaticComplexity="1" visitedClasses="0" numClasses="0" visitedMethods="0" numMethods="1" />
              <MetadataToken />
              <Name>System.Void migrations_mssql.Migrations.ApplicationDbContextModelSnapshot::BuildModel(Microsoft.EntityFrameworkCore.ModelBuilder)</Name>
              <FileRef uid="3" />
              <SequencePoints>
                <SequencePoint vc="0" uspid="17" ordinal="0" sl="17" sc="1" el="17" ec="2" bec="0" bev="0" fileid="3" />
                <SequencePoint vc="0" uspid="19" ordinal="1" sl="19" sc="1" el="19" ec="2" bec="0" bev="0" fileid="3" />
                <SequencePoint vc="0" uspid="20" ordinal="2" sl="20" sc="1" el="20" ec="2" bec="0" bev="0" fileid="3" />
                <SequencePoint vc="0" uspid="21" ordinal="3" sl="21" sc="1" el="21" ec="2" bec="0" bev="0" fileid="3" />
                <SequencePoint vc="0" uspid="23" ordinal="4" sl="23" sc="1" el="23" ec="2" bec="0" bev="0" fileid="3" />
                <SequencePoint vc="0" uspid="25" ordinal="5" sl="25" sc="1" el="25" ec="2" bec="0" bev="0" fileid="3" />
                <SequencePoint vc="0" uspid="26" ordinal="6" sl="26" sc="1" el="26" ec="2" bec="0" bev="0" fileid="3" />
                <SequencePoint vc="0" uspid="27" ordinal="7" sl="27" sc="1" el="27" ec="2" bec="0" bev="0" fileid="3" />
                <SequencePoint vc="0" uspid="28" ordinal="8" sl="28" sc="1" el="28" ec="2" bec="0" bev="0" fileid="3" />
                <SequencePoint vc="0" uspid="29" ordinal="9" sl="29" sc="1" el="29" ec="2" bec="0" bev="0" fileid="3" />
                <SequencePoint vc="0" uspid="30" ordinal="10" sl="30" sc="1" el="30" ec="2" bec="0" bev="0" fileid="3" />
                <SequencePoint vc="0" uspid="31" ordinal="11" sl="31" sc="1" el="31" ec="2" bec="0" bev="0" fileid="3" />
                <SequencePoint vc="0" uspid="32" ordinal="12" sl="32" sc="1" el="32" ec="2" bec="0" bev="0" fileid="3" />
                <SequencePoint vc="0" uspid="33" ordinal="13" sl="33" sc="1" el="33" ec="2" bec="0" bev="0" fileid="3" />
                <SequencePoint vc="0" uspid="34" ordinal="14" sl="34" sc="1" el="34" ec="2" bec="0" bev="0" fileid="3" />
                <SequencePoint vc="0" uspid="35" ordinal="15" sl="35" sc="1" el="35" ec="2" bec="0" bev="0" fileid="3" />
                <SequencePoint vc="0" uspid="36" ordinal="16" sl="36" sc="1" el="36" ec="2" bec="0" bev="0" fileid="3" />
                <SequencePoint vc="0" uspid="37" ordinal="17" sl="37" sc="1" el="37" ec="2" bec="0" bev="0" fileid="3" />
                <SequencePoint vc="0" uspid="38" ordinal="18" sl="38" sc="1" el="38" ec="2" bec="0" bev="0" fileid="3" />
                <SequencePoint vc="0" uspid="39" ordinal="19" sl="39" sc="1" el="39" ec="2" bec="0" bev="0" fileid="3" />
                <SequencePoint vc="0" uspid="40" ordinal="20" sl="40" sc="1" el="40" ec="2" bec="0" bev="0" fileid="3" />
                <SequencePoint vc="0" uspid="41" ordinal="21" sl="41" sc="1" el="41" ec="2" bec="0" bev="0" fileid="3" />
                <SequencePoint vc="0" uspid="42" ordinal="22" sl="42" sc="1" el="42" ec="2" bec="0" bev="0" fileid="3" />
                <SequencePoint vc="0" uspid="43" ordinal="23" sl="43" sc="1" el="43" ec="2" bec="0" bev="0" fileid="3" />
                <SequencePoint vc="0" uspid="44" ordinal="24" sl="44" sc="1" el="44" ec="2" bec="0" bev="0" fileid="3" />
                <SequencePoint vc="0" uspid="45" ordinal="25" sl="45" sc="1" el="45" ec="2" bec="0" bev="0" fileid="3" />
                <SequencePoint vc="0" uspid="46" ordinal="26" sl="46" sc="1" el="46" ec="2" bec="0" bev="0" fileid="3" />
                <SequencePoint vc="0" uspid="47" ordinal="27" sl="47" sc="1" el="47" ec="2" bec="0" bev="0" fileid="3" />
                <SequencePoint vc="0" uspid="48" ordinal="28" sl="48" sc="1" el="48" ec="2" bec="0" bev="0" fileid="3" />
                <SequencePoint vc="0" uspid="49" ordinal="29" sl="49" sc="1" el="49" ec="2" bec="0" bev="0" fileid="3" />
                <SequencePoint vc="0" uspid="50" ordinal="30" sl="50" sc="1" el="50" ec="2" bec="0" bev="0" fileid="3" />
                <SequencePoint vc="0" uspid="51" ordinal="31" sl="51" sc="1" el="51" ec="2" bec="0" bev="0" fileid="3" />
                <SequencePoint vc="0" uspid="52" ordinal="32" sl="52" sc="1" el="52" ec="2" bec="0" bev="0" fileid="3" />
                <SequencePoint vc="0" uspid="53" ordinal="33" sl="53" sc="1" el="53" ec="2" bec="0" bev="0" fileid="3" />
                <SequencePoint vc="0" uspid="54" ordinal="34" sl="54" sc="1" el="54" ec="2" bec="0" bev="0" fileid="3" />
                <SequencePoint vc="0" uspid="55" ordinal="35" sl="55" sc="1" el="55" ec="2" bec="0" bev="0" fileid="3" />
                <SequencePoint vc="0" uspid="56" ordinal="36" sl="56" sc="1" el="56" ec="2" bec="0" bev="0" fileid="3" />
                <SequencePoint vc="0" uspid="57" ordinal="37" sl="57" sc="1" el="57" ec="2" bec="0" bev="0" fileid="3" />
                <SequencePoint vc="0" uspid="58" ordinal="38" sl="58" sc="1" el="58" ec="2" bec="0" bev="0" fileid="3" />
                <SequencePoint vc="0" uspid="59" ordinal="39" sl="59" sc="1" el="59" ec="2" bec="0" bev="0" fileid="3" />
                <SequencePoint vc="0" uspid="60" ordinal="40" sl="60" sc="1" el="60" ec="2" bec="0" bev="0" fileid="3" />
                <SequencePoint vc="0" uspid="61" ordinal="41" sl="61" sc="1" el="61" ec="2" bec="0" bev="0" fileid="3" />
                <SequencePoint vc="0" uspid="62" ordinal="42" sl="62" sc="1" el="62" ec="2" bec="0" bev="0" fileid="3" />
                <SequencePoint vc="0" uspid="63" ordinal="43" sl="63" sc="1" el="63" ec="2" bec="0" bev="0" fileid="3" />
                <SequencePoint vc="0" uspid="64" ordinal="44" sl="64" sc="1" el="64" ec="2" bec="0" bev="0" fileid="3" />
                <SequencePoint vc="0" uspid="65" ordinal="45" sl="65" sc="1" el="65" ec="2" bec="0" bev="0" fileid="3" />
                <SequencePoint vc="0" uspid="66" ordinal="46" sl="66" sc="1" el="66" ec="2" bec="0" bev="0" fileid="3" />
                <SequencePoint vc="0" uspid="67" ordinal="47" sl="67" sc="1" el="67" ec="2" bec="0" bev="0" fileid="3" />
                <SequencePoint vc="0" uspid="68" ordinal="48" sl="68" sc="1" el="68" ec="2" bec="0" bev="0" fileid="3" />
                <SequencePoint vc="0" uspid="69" ordinal="49" sl="69" sc="1" el="69" ec="2" bec="0" bev="0" fileid="3" />
                <SequencePoint vc="0" uspid="70" ordinal="50" sl="70" sc="1" el="70" ec="2" bec="0" bev="0" fileid="3" />
                <SequencePoint vc="0" uspid="71" ordinal="51" sl="71" sc="1" el="71" ec="2" bec="0" bev="0" fileid="3" />
                <SequencePoint vc="0" uspid="72" ordinal="52" sl="72" sc="1" el="72" ec="2" bec="0" bev="0" fileid="3" />
                <SequencePoint vc="0" uspid="73" ordinal="53" sl="73" sc="1" el="73" ec="2" bec="0" bev="0" fileid="3" />
                <SequencePoint vc="0" uspid="74" ordinal="54" sl="74" sc="1" el="74" ec="2" bec="0" bev="0" fileid="3" />
                <SequencePoint vc="0" uspid="75" ordinal="55" sl="75" sc="1" el="75" ec="2" bec="0" bev="0" fileid="3" />
                <SequencePoint vc="0" uspid="76" ordinal="56" sl="76" sc="1" el="76" ec="2" bec="0" bev="0" fileid="3" />
                <SequencePoint vc="0" uspid="77" ordinal="57" sl="77" sc="1" el="77" ec="2" bec="0" bev="0" fileid="3" />
                <SequencePoint vc="0" uspid="78" ordinal="58" sl="78" sc="1" el="78" ec="2" bec="0" bev="0" fileid="3" />
                <SequencePoint vc="0" uspid="79" ordinal="59" sl="79" sc="1" el="79" ec="2" bec="0" bev="0" fileid="3" />
                <SequencePoint vc="0" uspid="80" ordinal="60" sl="80" sc="1" el="80" ec="2" bec="0" bev="0" fileid="3" />
                <SequencePoint vc="0" uspid="81" ordinal="61" sl="81" sc="1" el="81" ec="2" bec="0" bev="0" fileid="3" />
                <SequencePoint vc="0" uspid="82" ordinal="62" sl="82" sc="1" el="82" ec="2" bec="0" bev="0" fileid="3" />
                <SequencePoint vc="0" uspid="83" ordinal="63" sl="83" sc="1" el="83" ec="2" bec="0" bev="0" fileid="3" />
                <SequencePoint vc="0" uspid="84" ordinal="64" sl="84" sc="1" el="84" ec="2" bec="0" bev="0" fileid="3" />
                <SequencePoint vc="0" uspid="85" ordinal="65" sl="85" sc="1" el="85" ec="2" bec="0" bev="0" fileid="3" />
                <SequencePoint vc="0" uspid="86" ordinal="66" sl="86" sc="1" el="86" ec="2" bec="0" bev="0" fileid="3" />
                <SequencePoint vc="0" uspid="87" ordinal="67" sl="87" sc="1" el="87" ec="2" bec="0" bev="0" fileid="3" />
                <SequencePoint vc="0" uspid="88" ordinal="68" sl="88" sc="1" el="88" ec="2" bec="0" bev="0" fileid="3" />
                <SequencePoint vc="0" uspid="90" ordinal="69" sl="90" sc="1" el="90" ec="2" bec="0" bev="0" fileid="3" />
                <SequencePoint vc="0" uspid="91" ordinal="70" sl="91" sc="1" el="91" ec="2" bec="0" bev="0" fileid="3" />
                <SequencePoint vc="0" uspid="92" ordinal="71" sl="92" sc="1" el="92" ec="2" bec="0" bev="0" fileid="3" />
                <SequencePoint vc="0" uspid="93" ordinal="72" sl="93" sc="1" el="93" ec="2" bec="0" bev="0" fileid="3" />
                <SequencePoint vc="0" uspid="94" ordinal="73" sl="94" sc="1" el="94" ec="2" bec="0" bev="0" fileid="3" />
                <SequencePoint vc="0" uspid="95" ordinal="74" sl="95" sc="1" el="95" ec="2" bec="0" bev="0" fileid="3" />
                <SequencePoint vc="0" uspid="96" ordinal="75" sl="96" sc="1" el="96" ec="2" bec="0" bev="0" fileid="3" />
                <SequencePoint vc="0" uspid="97" ordinal="76" sl="97" sc="1" el="97" ec="2" bec="0" bev="0" fileid="3" />
                <SequencePoint vc="0" uspid="98" ordinal="77" sl="98" sc="1" el="98" ec="2" bec="0" bev="0" fileid="3" />
                <SequencePoint vc="0" uspid="99" ordinal="78" sl="99" sc="1" el="99" ec="2" bec="0" bev="0" fileid="3" />
                <SequencePoint vc="0" uspid="100" ordinal="79" sl="100" sc="1" el="100" ec="2" bec="0" bev="0" fileid="3" />
                <SequencePoint vc="0" uspid="101" ordinal="80" sl="101" sc="1" el="101" ec="2" bec="0" bev="0" fileid="3" />
                <SequencePoint vc="0" uspid="102" ordinal="81" sl="102" sc="1" el="102" ec="2" bec="0" bev="0" fileid="3" />
                <SequencePoint vc="0" uspid="103" ordinal="82" sl="103" sc="1" el="103" ec="2" bec="0" bev="0" fileid="3" />
                <SequencePoint vc="0" uspid="104" ordinal="83" sl="104" sc="1" el="104" ec="2" bec="0" bev="0" fileid="3" />
                <SequencePoint vc="0" uspid="105" ordinal="84" sl="105" sc="1" el="105" ec="2" bec="0" bev="0" fileid="3" />
                <SequencePoint vc="0" uspid="106" ordinal="85" sl="106" sc="1" el="106" ec="2" bec="0" bev="0" fileid="3" />
                <SequencePoint vc="0" uspid="107" ordinal="86" sl="107" sc="1" el="107" ec="2" bec="0" bev="0" fileid="3" />
[...]
                <SequencePoint vc="0" uspid="145" ordinal="124" sl="145" sc="1" el="145" ec="2" bec="0" bev="0" fileid="42" />
                <SequencePoint vc="0" uspid="146" ordinal="125" sl="146" sc="1" el="146" ec="2" bec="0" bev="0" fileid="42" />
                <SequencePoint vc="0" uspid="147" ordinal="126" sl="147" sc="1" el="147" ec="2" bec="0" bev="0" fileid="42" />
                <SequencePoint vc="0" uspid="148" ordinal="127" sl="148" sc="1" el="148" ec="2" bec="0" bev="0" fileid="42" />
                <SequencePoint vc="0" uspid="149" ordinal="128" sl="149" sc="1" el="149" ec="2" bec="0" bev="0" fileid="42" />
                <SequencePoint vc="0" uspid="150" ordinal="129" sl="150" sc="1" el="150" ec="2" bec="0" bev="0" fileid="42" />
                <SequencePoint vc="0" uspid="151" ordinal="130" sl="151" sc="1" el="151" ec="2" bec="0" bev="0" fileid="42" />
                <SequencePoint vc="0" uspid="152" ordinal="131" sl="152" sc="1" el="152" ec="2" bec="0" bev="0" fileid="42" />
                <SequencePoint vc="0" uspid="153" ordinal="132" sl="153" sc="1" el="153" ec="2" bec="0" bev="0" fileid="42" />
                <SequencePoint vc="0" uspid="154" ordinal="133" sl="154" sc="1" el="154" ec="2" bec="0" bev="0" fileid="42" />
                <SequencePoint vc="0" uspid="156" ordinal="134" sl="156" sc="1" el="156" ec="2" bec="0" bev="0" fileid="42" />
                <SequencePoint vc="0" uspid="157" ordinal="135" sl="157" sc="1" el="157" ec="2" bec="0" bev="0" fileid="42" />
                <SequencePoint vc="0" uspid="158" ordinal="136" sl="158" sc="1" el="158" ec="2" bec="0" bev="0" fileid="42" />
                <SequencePoint vc="0" uspid="159" ordinal="137" sl="159" sc="1" el="159" ec="2" bec="0" bev="0" fileid="42" />
                <SequencePoint vc="0" uspid="160" ordinal="138" sl="160" sc="1" el="160" ec="2" bec="0" bev="0" fileid="42" />
                <SequencePoint vc="0" uspid="161" ordinal="139" sl="161" sc="1" el="161" ec="2" bec="0" bev="0" fileid="42" />
                <SequencePoint vc="0" uspid="162" ordinal="140" sl="162" sc="1" el="162" ec="2" bec="0" bev="0" fileid="42" />
                <SequencePoint vc="0" uspid="163" ordinal="141" sl="163" sc="1" el="163" ec="2" bec="0" bev="0" fileid="42" />
                <SequencePoint vc="0" uspid="164" ordinal="142" sl="164" sc="1" el="164" ec="2" bec="0" bev="0" fileid="42" />
                <SequencePoint vc="0" uspid="165" ordinal="143" sl="165" sc="1" el="165" ec="2" bec="0" bev="0" fileid="42" />
                <SequencePoint vc="0" uspid="166" ordinal="144" sl="166" sc="1" el="166" ec="2" bec="0" bev="0" fileid="42" />
                <SequencePoint vc="0" uspid="167" ordinal="145" sl="167" sc="1" el="167" ec="2" bec="0" bev="0" fileid="42" />
                <SequencePoint vc="0" uspid="168" ordinal="146" sl="168" sc="1" el="168" ec="2" bec="0" bev="0" fileid="42" />
                <SequencePoint vc="0" uspid="169" ordinal="147" sl="169" sc="1" el="169" ec="2" bec="0" bev="0" fileid="42" />
                <SequencePoint vc="0" uspid="170" ordinal="148" sl="170" sc="1" el="170" ec="2" bec="0" bev="0" fileid="42" />
                <SequencePoint vc="0" uspid="171" ordinal="149" sl="171" sc="1" el="171" ec="2" bec="0" bev="0" fileid="42" />
                <SequencePoint vc="0" uspid="172" ordinal="150" sl="172" sc="1" el="172" ec="2" bec="0" bev="0" fileid="42" />
                <SequencePoint vc="0" uspid="173" ordinal="151" sl="173" sc="1" el="173" ec="2" bec="0" bev="0" fileid="42" />
                <SequencePoint vc="0" uspid="174" ordinal="152" sl="174" sc="1" el="174" ec="2" bec="0" bev="0" fileid="42" />
                <SequencePoint vc="0" uspid="175" ordinal="153" sl="175" sc="1" el="175" ec="2" bec="0" bev="0" fileid="42" />
                <SequencePoint vc="0" uspid="176" ordinal="154" sl="176" sc="1" el="176" ec="2" bec="0" bev="0" fileid="42" />
                <SequencePoint vc="0" uspid="177" ordinal="155" sl="177" sc="1" el="177" ec="2" bec="0" bev="0" fileid="42" />
                <SequencePoint vc="0" uspid="179" ordinal="156" sl="179" sc="1" el="179" ec="2" bec="0" bev="0" fileid="42" />
                <SequencePoint vc="0" uspid="180" ordinal="157" sl="180" sc="1" el="180" ec="2" bec="0" bev="0" fileid="42" />
                <SequencePoint vc="0" uspid="181" ordinal="158" sl="181" sc="1" el="181" ec="2" bec="0" bev="0" fileid="42" />
                <SequencePoint vc="0" uspid="182" ordinal="159" sl="182" sc="1" el="182" ec="2" bec="0" bev="0" fileid="42" />
                <SequencePoint vc="0" uspid="183" ordinal="160" sl="183" sc="1" el="183" ec="2" bec="0" bev="0" fileid="42" />
                <SequencePoint vc="0" uspid="184" ordinal="161" sl="184" sc="1" el="184" ec="2" bec="0" bev="0" fileid="42" />
                <SequencePoint vc="0" uspid="185" ordinal="162" sl="185" sc="1" el="185" ec="2" bec="0" bev="0" fileid="42" />
                <SequencePoint vc="0" uspid="186" ordinal="163" sl="186" sc="1" el="186" ec="2" bec="0" bev="0" fileid="42" />
                <SequencePoint vc="0" uspid="187" ordinal="164" sl="187" sc="1" el="187" ec="2" bec="0" bev="0" fileid="42" />
                <SequencePoint vc="0" uspid="188" ordinal="165" sl="188" sc="1" el="188" ec="2" bec="0" bev="0" fileid="42" />
                <SequencePoint vc="0" uspid="189" ordinal="166" sl="189" sc="1" el="189" ec="2" bec="0" bev="0" fileid="42" />
                <SequencePoint vc="0" uspid="190" ordinal="167" sl="190" sc="1" el="190" ec="2" bec="0" bev="0" fileid="42" />
                <SequencePoint vc="0" uspid="191" ordinal="168" sl="191" sc="1" el="191" ec="2" bec="0" bev="0" fileid="42" />
                <SequencePoint vc="0" uspid="192" ordinal="169" sl="192" sc="1" el="192" ec="2" bec="0" bev="0" fileid="42" />
                <SequencePoint vc="0" uspid="193" ordinal="170" sl="193" sc="1" el="193" ec="2" bec="0" bev="0" fileid="42" />
                <SequencePoint vc="0" uspid="194" ordinal="171" sl="194" sc="1" el="194" ec="2" bec="0" bev="0" fileid="42" />
                <SequencePoint vc="0" uspid="195" ordinal="172" sl="195" sc="1" el="195" ec="2" bec="0" bev="0" fileid="42" />
                <SequencePoint vc="0" uspid="196" ordinal="173" sl="196" sc="1" el="196" ec="2" bec="0" bev="0" fileid="42" />
                <SequencePoint vc="0" uspid="197" ordinal="174" sl="197" sc="1" el="197" ec="2" bec="0" bev="0" fileid="42" />
                <SequencePoint vc="0" uspid="198" ordinal="175" sl="198" sc="1" el="198" ec="2" bec="0" bev="0" fileid="42" />
                <SequencePoint vc="0" uspid="199" ordinal="176" sl="199" sc="1" el="199" ec="2" bec="0" bev="0" fileid="42" />
                <SequencePoint vc="0" uspid="200" ordinal="177" sl="200" sc="1" el="200" ec="2" bec="0" bev="0" fileid="42" />
                <SequencePoint vc="0" uspid="202" ordinal="178" sl="202" sc="1" el="202" ec="2" bec="0" bev="0" fileid="42" />
                <SequencePoint vc="0" uspid="203" ordinal="179" sl="203" sc="1" el="203" ec="2" bec="0" bev="0" fileid="42" />
                <SequencePoint vc="0" uspid="204" ordinal="180" sl="204" sc="1" el="204" ec="2" bec="0" bev="0" fileid="42" />
                <SequencePoint vc="0" uspid="205" ordinal="181" sl="205" sc="1" el="205" ec="2" bec="0" bev="0" fileid="42" />
                <SequencePoint vc="0" uspid="206" ordinal="182" sl="206" sc="1" el="206" ec="2" bec="0" bev="0" fileid="42" />
                <SequencePoint vc="0" uspid="207" ordinal="183" sl="207" sc="1" el="207" ec="2" bec="0" bev="0" fileid="42" />
                <SequencePoint vc="0" uspid="208" ordinal="184" sl="208" sc="1" el="208" ec="2" bec="0" bev="0" fileid="42" />
                <SequencePoint vc="0" uspid="209" ordinal="185" sl="209" sc="1" el="209" ec="2" bec="0" bev="0" fileid="42" />
                <SequencePoint vc="0" uspid="210" ordinal="186" sl="210" sc="1" el="210" ec="2" bec="0" bev="0" fileid="42" />
                <SequencePoint vc="0" uspid="211" ordinal="187" sl="211" sc="1" el="211" ec="2" bec="0" bev="0" fileid="42" />
                <SequencePoint vc="0" uspid="212" ordinal="188" sl="212" sc="1" el="212" ec="2" bec="0" bev="0" fileid="42" />
                <SequencePoint vc="0" uspid="213" ordinal="189" sl="213" sc="1" el="213" ec="2" bec="0" bev="0" fileid="42" />
                <SequencePoint vc="0" uspid="214" ordinal="190" sl="214" sc="1" el="214" ec="2" bec="0" bev="0" fileid="42" />
                <SequencePoint vc="0" uspid="215" ordinal="191" sl="215" sc="1" el="215" ec="2" bec="0" bev="0" fileid="42" />
                <SequencePoint vc="0" uspid="216" ordinal="192" sl="216" sc="1" el="216" ec="2" bec="0" bev="0" fileid="42" />
                <SequencePoint vc="0" uspid="217" ordinal="193" sl="217" sc="1" el="217" ec="2" bec="0" bev="0" fileid="42" />
                <SequencePoint vc="0" uspid="218" ordinal="194" sl="218" sc="1" el="218" ec="2" bec="0" bev="0" fileid="42" />
                <SequencePoint vc="0" uspid="219" ordinal="195" sl="219" sc="1" el="219" ec="2" bec="0" bev="0" fileid="42" />
                <SequencePoint vc="0" uspid="220" ordinal="196" sl="220" sc="1" el="220" ec="2" bec="0" bev="0" fileid="42" />
                <SequencePoint vc="0" uspid="221" ordinal="197" sl="221" sc="1" el="221" ec="2" bec="0" bev="0" fileid="42" />
                <SequencePoint vc="0" uspid="222" ordinal="198" sl="222" sc="1" el="222" ec="2" bec="0" bev="0" fileid="42" />
                <SequencePoint vc="0" uspid="224" ordinal="199" sl="224" sc="1" el="224" ec="2" bec="0" bev="0" fileid="42" />
                <SequencePoint vc="0" uspid="225" ordinal="200" sl="225" sc="1" el="225" ec="2" bec="0" bev="0" fileid="42" />
                <SequencePoint vc="0" uspid="226" ordinal="201" sl="226" sc="1" el="226" ec="2" bec="0" bev="0" fileid="42" />
                <SequencePoint vc="0" uspid="227" ordinal="202" sl="227" sc="1" el="227" ec="2" bec="0" bev="0" fileid="42" />
                <SequencePoint vc="0" uspid="228" ordinal="203" sl="228" sc="1" el="228" ec="2" bec="0" bev="0" fileid="42" />
                <SequencePoint vc="0" uspid="229" ordinal="204" sl="229" sc="1" el="229" ec="2" bec="0" bev="0" fileid="42" />
                <SequencePoint vc="0" uspid="230" ordinal="205" sl="230" sc="1" el="230" ec="2" bec="0" bev="0" fileid="42" />
                <SequencePoint vc="0" uspid="231" ordinal="206" sl="231" sc="1" el="231" ec="2" bec="0" bev="0" fileid="42" />
                <SequencePoint vc="0" uspid="232" ordinal="207" sl="232" sc="1" el="232" ec="2" bec="0" bev="0" fileid="42" />
                <SequencePoint vc="0" uspid="233" ordinal="208" sl="233" sc="1" el="233" ec="2" bec="0" bev="0" fileid="42" />
                <SequencePoint vc="0" uspid="234" ordinal="209" sl="234" sc="1" el="234" ec="2" bec="0" bev="0" fileid="42" />
                <SequencePoint vc="0" uspid="235" ordinal="210" sl="235" sc="1" el="235" ec="2" bec="0" bev="0" fileid="42" />
                <SequencePoint vc="0" uspid="236" ordinal="211" sl="236" sc="1" el="236" ec="2" bec="0" bev="0" fileid="42" />
                <SequencePoint vc="0" uspid="237" ordinal="212" sl="237" sc="1" el="237" ec="2" bec="0" bev="0" fileid="42" />
                <SequencePoint vc="0" uspid="239" ordinal="213" sl="239" sc="1" el="239" ec="2" bec="0" bev="0" fileid="42" />
                <SequencePoint vc="0" uspid="240" ordinal="214" sl="240" sc="1" el="240" ec="2" bec="0" bev="0" fileid="42" />
                <SequencePoint vc="0" uspid="241" ordinal="215" sl="241" sc="1" el="241" ec="2" bec="0" bev="0" fileid="42" />
                <SequencePoint vc="0" uspid="242" ordinal="216" sl="242" sc="1" el="242" ec="2" bec="0" bev="0" fileid="42" />
                <SequencePoint vc="0" uspid="243" ordinal="217" sl="243" sc="1" el="243" ec="2" bec="0" bev="0" fileid="42" />
                <SequencePoint vc="0" uspid="244" ordinal="218" sl="244" sc="1" el="244" ec="2" bec="0" bev="0" fileid="42" />
                <SequencePoint vc="0" uspid="245" ordinal="219" sl="245" sc="1" el="245" ec="2" bec="0" bev="0" fileid="42" />
                <SequencePoint vc="0" uspid="246" ordinal="220" sl="246" sc="1" el="246" ec="2" bec="0" bev="0" fileid="42" />
                <SequencePoint vc="0" uspid="247" ordinal="221" sl="247" sc="1" el="247" ec="2" bec="0" bev="0" fileid="42" />
                <SequencePoint vc="0" uspid="248" ordinal="222" sl="248" sc="1" el="248" ec="2" bec="0" bev="0" fileid="42" />
                <SequencePoint vc="0" uspid="249" ordinal="223" sl="249" sc="1" el="249" ec="2" bec="0" bev="0" fileid="42" />
                <SequencePoint vc="0" uspid="250" ordinal="224" sl="250" sc="1" el="250" ec="2" bec="0" bev="0" fileid="42" />
                <SequencePoint vc="0" uspid="251" ordinal="225" sl="251" sc="1" el="251" ec="2" bec="0" bev="0" fileid="42" />
                <SequencePoint vc="0" uspid="252" ordinal="226" sl="252" sc="1" el="252" ec="2" bec="0" bev="0" fileid="42" />
                <SequencePoint vc="0" uspid="253" ordinal="227" sl="253" sc="1" el="253" ec="2" bec="0" bev="0" fileid="42" />
                <SequencePoint vc="0" uspid="254" ordinal="228" sl="254" sc="1" el="254" ec="2" bec="0" bev="0" fileid="42" />
                <SequencePoint vc="0" uspid="255" ordinal="229" sl="255" sc="1" el="255" ec="2" bec="0" bev="0" fileid="42" />
                <SequencePoint vc="0" uspid="256" ordinal="230" sl="256" sc="1" el="256" ec="2" bec="0" bev="0" fileid="42" />
                <SequencePoint vc="0" uspid="258" ordinal="231" sl="258" sc="1" el="258" ec="2" bec="0" bev="0" fileid="42" />
                <SequencePoint vc="0" uspid="259" ordinal="232" sl="259" sc="1" el="259" ec="2" bec="0" bev="0" fileid="42" />
                <SequencePoint vc="0" uspid="260" ordinal="233" sl="260" sc="1" el="260" ec="2" bec="0" bev="0" fileid="42" />
                <SequencePoint vc="0" uspid="261" ordinal="234" sl="261" sc="1" el="261" ec="2" bec="0" bev="0" fileid="42" />
                <SequencePoint vc="0" uspid="262" ordinal="235" sl="262" sc="1" el="262" ec="2" bec="0" bev="0" fileid="42" />
                <SequencePoint vc="0" uspid="263" ordinal="236" sl="263" sc="1" el="263" ec="2" bec="0" bev="0" fileid="42" />
                <SequencePoint vc="0" uspid="264" ordinal="237" sl="264" sc="1" el="264" ec="2" bec="0" bev="0" fileid="42" />
                <SequencePoint vc="0" uspid="265" ordinal="238" sl="265" sc="1" el="265" ec="2" bec="0" bev="0" fileid="42" />
                <SequencePoint vc="0" uspid="267" ordinal="239" sl="267" sc="1" el="267" ec="2" bec="0" bev="0" fileid="42" />
                <SequencePoint vc="0" uspid="268" ordinal="240" sl="268" sc="1" el="268" ec="2" bec="0" bev="0" fileid="42" />
                <SequencePoint vc="0" uspid="269" ordinal="241" sl="269" sc="1" el="269" ec="2" bec="0" bev="0" fileid="42" />
                <SequencePoint vc="0" uspid="270" ordinal="242" sl="270" sc="1" el="270" ec="2" bec="0" bev="0" fileid="42" />
                <SequencePoint vc="0" uspid="271" ordinal="243" sl="271" sc="1" el="271" ec="2" bec="0" bev="0" fileid="42" />
                <SequencePoint vc="0" uspid="272" ordinal="244" sl="272" sc="1" el="272" ec="2" bec="0" bev="0" fileid="42" />
                <SequencePoint vc="0" uspid="273" ordinal="245" sl="273" sc="1" el="273" ec="2" bec="0" bev="0" fileid="42" />
                <SequencePoint vc="0" uspid="274" ordinal="246" sl="274" sc="1" el="274" ec="2" bec="0" bev="0" fileid="42" />
                <SequencePoint vc="0" uspid="276" ordinal="247" sl="276" sc="1" el="276" ec="2" bec="0" bev="0" fileid="42" />
                <SequencePoint vc="0" uspid="277" ordinal="248" sl="277" sc="1" el="277" ec="2" bec="0" bev="0" fileid="42" />
                <SequencePoint vc="0" uspid="278" ordinal="249" sl="278" sc="1" el="278" ec="2" bec="0" bev="0" fileid="42" />
                <SequencePoint vc="0" uspid="279" ordinal="250" sl="279" sc="1" el="279" ec="2" bec="0" bev="0" fileid="42" />
                <SequencePoint vc="0" uspid="280" ordinal="251" sl="280" sc="1" el="280" ec="2" bec="0" bev="0" fileid="42" />
                <SequencePoint vc="0" uspid="281" ordinal="252" sl="281" sc="1" el="281" ec="2" bec="0" bev="0" fileid="42" />
                <SequencePoint vc="0" uspid="282" ordinal="253" sl="282" sc="1" el="282" ec="2" bec="0" bev="0" fileid="42" />
                <SequencePoint vc="0" uspid="283" ordinal="254" sl="283" sc="1" el="283" ec="2" bec="0" bev="0" fileid="42" />
                <SequencePoint vc="0" uspid="285" ordinal="255" sl="285" sc="1" el="285" ec="2" bec="0" bev="0" fileid="42" />
                <SequencePoint vc="0" uspid="286" ordinal="256" sl="286" sc="1" el="286" ec="2" bec="0" bev="0" fileid="42" />
                <SequencePoint vc="0" uspid="287" ordinal="257" sl="287" sc="1" el="287" ec="2" bec="0" bev="0" fileid="42" />
                <SequencePoint vc="0" uspid="288" ordinal="258" sl="288" sc="1" el="288" ec="2" bec="0" bev="0" fileid="42" />
                <SequencePoint vc="0" uspid="289" ordinal="259" sl="289" sc="1" el="289" ec="2" bec="0" bev="0" fileid="42" />
                <SequencePoint vc="0" uspid="290" ordinal="260" sl="290" sc="1" el="290" ec="2" bec="0" bev="0" fileid="42" />
                <SequencePoint vc="0" uspid="291" ordinal="261" sl="291" sc="1" el="291" ec="2" bec="0" bev="0" fileid="42" />
                <SequencePoint vc="0" uspid="292" ordinal="262" sl="292" sc="1" el="292" ec="2" bec="0" bev="0" fileid="42" />
                <SequencePoint vc="0" uspid="293" ordinal="263" sl="293" sc="1" el="293" ec="2" bec="0" bev="0" fileid="42" />
                <SequencePoint vc="0" uspid="294" ordinal="264" sl="294" sc="1" el="294" ec="2" bec="0" bev="0" fileid="42" />
                <SequencePoint vc="0" uspid="295" ordinal="265" sl="295" sc="1" el="295" ec="2" bec="0" bev="0" fileid="42" />
                <SequencePoint vc="0" uspid="296" ordinal="266" sl="296" sc="1" el="296" ec="2" bec="0" bev="0" fileid="42" />
                <SequencePoint vc="0" uspid="297" ordinal="267" sl="297" sc="1" el="297" ec="2" bec="0" bev="0" fileid="42" />
                <SequencePoint vc="0" uspid="298" ordinal="268" sl="298" sc="1" el="298" ec="2" bec="0" bev="0" fileid="42" />
                <SequencePoint vc="0" uspid="300" ordinal="269" sl="300" sc="1" el="300" ec="2" bec="0" bev="0" fileid="42" />
                <SequencePoint vc="0" uspid="301" ordinal="270" sl="301" sc="1" el="301" ec="2" bec="0" bev="0" fileid="42" />
                <SequencePoint vc="0" uspid="302" ordinal="271" sl="302" sc="1" el="302" ec="2" bec="0" bev="0" fileid="42" />
                <SequencePoint vc="0" uspid="303" ordinal="272" sl="303" sc="1" el="303" ec="2" bec="0" bev="0" fileid="42" />
                <SequencePoint vc="0" uspid="304" ordinal="273" sl="304" sc="1" el="304" ec="2" bec="0" bev="0" fileid="42" />
                <SequencePoint vc="0" uspid="305" ordinal="274" sl="305" sc="1" el="305" ec="2" bec="0" bev="0" fileid="42" />
                <SequencePoint vc="0" uspid="306" ordinal="275" sl="306" sc="1" el="306" ec="2" bec="0" bev="0" fileid="42" />
                <SequencePoint vc="0" uspid="307" ordinal="276" sl="307" sc="1" el="307" ec="2" bec="0" bev="0" fileid="42" />
                <SequencePoint vc="0" uspid="309" ordinal="277" sl="309" sc="1" el="309" ec="2" bec="0" bev="0" fileid="42" />
              </SequencePoints>
              <BranchPoints />
              <MethodPoint vc="0" uspid="0" p8:type="SequencePoint" ordinal="0" offset="0" sc="0" sl="16" ec="1" el="309" bec="0" bev="0" fileid="42" xmlns:p8="xsi" />
            </Method>
          </Methods>
        </Class>
      </Classes>
    </Module>
  </Modules>
</CoverageSession>