SF:/home/devel0/Documents/opensource/example-webapp/backend/backend-data/migrations-mssql/Migrations/20231022131201_init.cs
FN:12,System.Void migrations_mssql.Migrations.init::Up(Microsoft.EntityFrameworkCore.Migrations.MigrationBuilder)
FNDA:0,System.Void migrations_mssql.Migrations.init::Up(Microsoft.EntityFrameworkCore.Migrations.MigrationBuilder)
DA:13,0
DA:14,0
DA:15,0
DA:16,0
DA:17,0
DA:18,0
DA:19,0
DA:20,0
DA:21,0
DA:22,0
DA:23,0
DA:24,0
DA:25,0
DA:26,0
DA:28,0
DA:29,0
DA:30,0
DA:31,0
DA:32,0
DA:33,0
DA:34,0
DA:35,0
DA:36,0
DA:37,0
DA:38,0
DA:39,0
DA:40,0
DA:41,0
DA:42,0
DA:43,0
DA:44,0
DA:45,0
DA:46,0
DA:47,0
DA:48,0
DA:49,0
DA:50,0
DA:51,0
DA:53,0
DA:54,0
DA:55,0
DA:56,0
DA:57,0
DA:58,0
DA:59,0
DA:60,0
DA:61,0
DA:62,0
DA:63,0
DA:64,0
DA:65,0
DA:66,0
DA:68,0
DA:69,0
DA:70,0
DA:71,0
DA:72,0
DA:73,0
DA:74,0
DA:75,0
DA:76,0
DA:77,0
DA:78,0
DA:79,0
DA:80,0
DA:81,0
DA:83,0
DA:84,0
DA:85,0
DA:86,0
DA:87,0
DA:88,0
DA:89,0
DA:90,0
DA:91,0
DA:92,0
DA:93,0
DA:94,0
DA:95,0
DA:96,0
DA:97,0
DA:98,0
DA:99,0
DA:100,0
DA:101,0
DA:102,0
DA:104,0
DA:105,0
DA:106,0
DA:107,0
DA:108,0
DA:109,0
DA:110,0
DA:111,0
DA:112,0
DA:113,0
DA:114,0
DA:115,0
DA:116,0
DA:117,0
DA:118,0
DA:119,0
DA:120,0
DA:121,0
DA:122,0
DA:123,0
DA:125,0
DA:126,0
DA:127,0
DA:128,0
DA:129,0
DA:130,0
DA:131,0
DA:132,0
DA:133,0
DA:134,0
DA:135,0
DA:136,0
DA:137,0
DA:138,0
DA:139,0
DA:140,0
DA:141,0
DA:142,0
DA:143,0
DA:145,0
DA:146,0
DA:147,0
DA:148,0
DA:149,0
DA:150,0
DA:151,0
DA:152,0
DA:153,0
DA:154,0
DA:155,0
DA:156,0
DA:157,0
DA:158,0
DA:159,0
DA:160,0
DA:161,0
DA:162,0
DA:163,0
DA:164,0
DA:165,0
DA:166,0
DA:167,0
DA:169,0
DA:170,0
DA:171,0
DA:172,0
DA:173,0
DA:174,0
DA:175,0
DA:176,0
DA:177,0
DA:178,0
DA:179,0
DA:180,0
DA:181,0
DA:182,0
DA:183,0
DA:184,0
DA:185,0
DA:186,0
DA:187,0
DA:189,0
DA:190,0
DA:191,0
DA:192,0
DA:194,0
DA:195,0
DA:196,0
DA:197,0
DA:198,0
DA:199,0
DA:201,0
DA:202,0
DA:203,0
DA:204,0
DA:206,0
DA:207,0
DA:208,0
DA:209,0
DA:211,0
DA:212,0
DA:213,0
DA:214,0
DA:216,0
DA:217,0
DA:218,0
DA:219,0
DA:221,0
DA:222,0
DA:223,0
DA:224,0
DA:225,0
DA:226,0
DA:227,0
FN:230,System.Void migrations_mssql.Migrations.init::Down(Microsoft.EntityFrameworkCore.Migrations.MigrationBuilder)
FNDA:0,System.Void migrations_mssql.Migrations.init::Down(Microsoft.EntityFrameworkCore.Migrations.MigrationBuilder)
DA:231,0
DA:232,0
DA:233,0
DA:235,0
DA:236,0
DA:238,0
DA:239,0
DA:241,0
DA:242,0
DA:244,0
DA:245,0
DA:247,0
DA:248,0
DA:250,0
DA:251,0
DA:253,0
DA:254,0
DA:256,0
DA:257,0
DA:258,0
LF:220
LH:0
BRF:0
BRH:0
FNF:2
FNH:0
end_of_record
SF:/home/devel0/Documents/opensource/example-webapp/backend/backend-data/migrations-mssql/Migrations/20231022131201_init.Designer.cs
FN:19,System.Void migrations_mssql.Migrations.init::BuildTargetModel(Microsoft.EntityFrameworkCore.ModelBuilder)
FNDA:0,System.Void migrations_mssql.Migrations.init::BuildTargetModel(Microsoft.EntityFrameworkCore.ModelBuilder)
DA:20,0
DA:22,0
DA:23,0
DA:24,0
DA:26,0
DA:28,0
DA:29,0
DA:30,0
DA:31,0
DA:32,0
DA:33,0
DA:34,0
DA:35,0
DA:36,0
DA:37,0
DA:38,0
DA:39,0
DA:40,0
DA:41,0
DA:42,0
DA:43,0
DA:44,0
DA:45,0
DA:46,0
DA:47,0
DA:48,0
DA:49,0
DA:50,0
DA:51,0
DA:52,0
DA:53,0
DA:54,0
DA:55,0
DA:56,0
DA:57,0
DA:58,0
DA:59,0
DA:60,0
DA:61,0
DA:62,0
DA:63,0
DA:64,0
DA:65,0
DA:66,0
DA:67,0
DA:68,0
DA:69,0
DA:70,0
DA:71,0
DA:72,0
DA:73,0
DA:74,0
DA:75,0
DA:76,0
DA:77,0
DA:78,0
DA:79,0
DA:80,0
DA:81,0
DA:82,0
DA:83,0
DA:84,0
DA:85,0
DA:86,0
DA:87,0
DA:88,0
DA:89,0
DA:90,0
DA:91,0
DA:93,0
DA:94,0
DA:95,0
DA:96,0
DA:97,0
DA:98,0
DA:99,0
DA:100,0
DA:101,0
DA:102,0
DA:103,0
DA:104,0
DA:105,0
DA:106,0
DA:107,0
DA:108,0
DA:109,0
DA:110,0
DA:111,0
DA:112,0
DA:113,0
DA:114,0
DA:116,0
DA:117,0
DA:118,0
DA:119,0
DA:120,0
DA:121,0
DA:122,0
DA:123,0
DA:124,0
DA:125,0
DA:126,0
DA:127,0
DA:128,0
DA:129,0
DA:130,0
DA:131,0
DA:132,0
DA:133,0
DA:134,0
DA:135,0
DA:136,0
DA:137,0
DA:138,0
DA:139,0
DA:141,0
DA:142,0
DA:143,0
DA:144,0
DA:145,0
DA:146,0
DA:147,0
DA:148,0
DA:149,0
DA:150,0
DA:151,0
DA:152,0
DA:153,0
DA:154,0
DA:155,0
DA:156,0
DA:157,0
DA:158,0
DA:159,0
DA:160,0
DA:161,0
DA:162,0
DA:163,0
DA:164,0
DA:165,0
DA:166,0
DA:168,0
DA:169,0
DA:170,0
DA:171,0
DA:172,0
DA:173,0
DA:174,0
DA:175,0
DA:176,0
DA:177,0
DA:178,0
DA:179,0
DA:180,0
DA:181,0
DA:182,0
DA:183,0
DA:184,0
DA:185,0
DA:186,0
DA:187,0
DA:188,0
DA:189,0
DA:190,0
DA:191,0
DA:193,0
DA:194,0
DA:195,0
DA:196,0
DA:197,0
DA:198,0
DA:199,0
DA:200,0
DA:201,0
DA:202,0
DA:203,0
DA:204,0
DA:205,0
DA:206,0
DA:207,0
DA:208,0
DA:209,0
DA:210,0
DA:211,0
DA:212,0
DA:213,0
DA:214,0
DA:215,0
DA:216,0
DA:218,0
DA:219,0
DA:220,0
DA:221,0
DA:222,0
DA:223,0
DA:224,0
DA:225,0
DA:226,0
DA:227,0
DA:228,0
DA:229,0
DA:230,0
DA:231,0
DA:232,0
DA:233,0
DA:234,0
DA:235,0
DA:236,0
DA:237,0
DA:238,0
DA:240,0
DA:241,0
DA:242,0
DA:243,0
DA:244,0
DA:245,0
DA:246,0
DA:247,0
DA:248,0
DA:249,0
DA:250,0
DA:251,0
DA:252,0
DA:253,0
DA:255,0
DA:256,0
DA:257,0
DA:258,0
DA:259,0
DA:260,0
DA:261,0
DA:262,0
DA:263,0
DA:264,0
DA:265,0
DA:266,0
DA:267,0
DA:268,0
DA:269,0
DA:270,0
DA:271,0
DA:272,0
DA:274,0
DA:275,0
DA:276,0
DA:277,0
DA:278,0
DA:279,0
DA:280,0
DA:281,0
DA:283,0
DA:284,0
DA:285,0
DA:286,0
DA:287,0
DA:288,0
DA:289,0
DA:290,0
DA:292,0
DA:293,0
DA:294,0
DA:295,0
DA:296,0
DA:297,0
DA:298,0
DA:299,0
DA:301,0
DA:302,0
DA:303,0
DA:304,0
DA:305,0
DA:306,0
DA:307,0
DA:308,0
DA:309,0
DA:310,0
DA:311,0
DA:312,0
DA:313,0
DA:314,0
DA:316,0
DA:317,0
DA:318,0
DA:319,0
DA:320,0
DA:321,0
DA:322,0
DA:323,0
DA:325,0
LF:289
LH:0
BRF:0
BRH:0
FNF:1
FNH:0
end_of_record
SF:/home/devel0/Documents/opensource/example-webapp/backend/backend-data/migrations-mssql/Migrations/ApplicationDbContextModelSnapshot.cs
FN:16,System.Void migrations_mssql.Migrations.ApplicationDbContextModelSnapshot::BuildModel(Microsoft.EntityFrameworkCore.ModelBuilder)
FNDA:0,System.Void migrations_mssql.Migrations.ApplicationDbContextModelSnapshot::BuildModel(Microsoft.EntityFrameworkCore.ModelBuilder)
DA:17,0
DA:19,0
DA:20,0
DA:21,0
DA:23,0
DA:25,0
DA:26,0
DA:27,0
DA:28,0
DA:29,0
DA:30,0
DA:31,0
DA:32,0
DA:33,0
DA:34,0
DA:35,0
DA:36,0
DA:37,0
DA:38,0
DA:39,0
DA:40,0
DA:41,0
DA:42,0
DA:43,0
DA:44,0
DA:45,0
DA:46,0
DA:47,0
DA:48,0
DA:49,0
DA:50,0
DA:51,0
DA:52,0
DA:53,0
DA:54,0
DA:55,0
DA:56,0
DA:57,0
DA:58,0
DA:59,0
DA:60,0
DA:61,0
DA:62,0
DA:63,0
DA:64,0
DA:65,0
DA:66,0
DA:67,0
DA:68,0
DA:69,0
DA:70,0
DA:71,0
DA:72,0
DA:73,0
DA:74,0
DA:75,0
DA:76,0
DA:77,0
DA:78,0
DA:79,0
DA:80,0
DA:81,0
DA:82,0
DA:83,0
DA:84,0
DA:85,0
DA:86,0
DA:87,0
DA:88,0
DA:90,0
DA:91,0
DA:92,0
DA:93,0
DA:94,0
DA:95,0
DA:96,0
DA:97,0
DA:98,0
DA:99,0
DA:100,0
DA:101,0
DA:102,0
DA:103,0
DA:104,0
DA:105,0
DA:106,0
DA:107,0
DA:108,0
DA:109,0
DA:110,0
DA:111,0
DA:113,0
DA:114,0
DA:115,0
DA:116,0
DA:117,0
DA:118,0
DA:119,0
DA:120,0
DA:121,0
DA:122,0
DA:123,0
DA:124,0
DA:125,0
DA:126,0
DA:127,0
DA:128,0
DA:129,0
DA:130,0
DA:131,0
DA:132,0
DA:133,0
DA:134,0
DA:135,0
DA:136,0
DA:138,0
DA:139,0
DA:140,0
DA:141,0
DA:142,0
DA:143,0
DA:144,0
DA:145,0
DA:146,0
DA:147,0
DA:148,0
DA:149,0
DA:150,0
DA:151,0
DA:152,0
DA:153,0
DA:154,0
DA:155,0
DA:156,0
DA:157,0
DA:158,0
DA:159,0
DA:160,0
DA:161,0
DA:162,0
DA:163,0
DA:165,0
DA:166,0
DA:167,0
DA:168,0
DA:169,0
DA:170,0
DA:171,0
DA:172,0
DA:173,0
DA:174,0
DA:175,0
DA:176,0
DA:177,0
DA:178,0
DA:179,0
DA:180,0
DA:181,0
DA:182,0
DA:183,0
DA:184,0
DA:185,0
DA:186,0
DA:187,0
DA:188,0
DA:190,0
DA:191,0
DA:192,0
DA:193,0
DA:194,0
DA:195,0
DA:196,0
DA:197,0
DA:198,0
DA:199,0
DA:200,0
DA:201,0
DA:202,0
DA:203,0
DA:204,0
DA:205,0
DA:206,0
DA:207,0
DA:208,0
DA:209,0
DA:210,0
DA:211,0
DA:212,0
DA:213,0
DA:215,0
DA:216,0
DA:217,0
DA:218,0
DA:219,0
DA:220,0
DA:221,0
DA:222,0
DA:223,0
DA:224,0
DA:225,0
DA:226,0
DA:227,0
DA:228,0
DA:229,0
DA:230,0
DA:231,0
DA:232,0
DA:233,0
DA:234,0
DA:235,0
DA:237,0
DA:238,0
DA:239,0
DA:240,0
DA:241,0
DA:242,0
DA:243,0
DA:244,0
DA:245,0
DA:246,0
DA:247,0
DA:248,0
DA:249,0
DA:250,0
DA:252,0
DA:253,0
DA:254,0
DA:255,0
DA:256,0
DA:257,0
DA:258,0
DA:259,0
DA:260,0
DA:261,0
DA:262,0
DA:263,0
DA:264,0
DA:265,0
DA:266,0
DA:267,0
DA:268,0
DA:269,0
DA:271,0
DA:272,0
DA:273,0
DA:274,0
DA:275,0
DA:276,0
DA:277,0
DA:278,0
DA:280,0
DA:281,0
DA:282,0
DA:283,0
DA:284,0
DA:285,0
DA:286,0
DA:287,0
DA:289,0
DA:290,0
DA:291,0
DA:292,0
DA:293,0
DA:294,0
DA:295,0
DA:296,0
DA:298,0
DA:299,0
DA:300,0
DA:301,0
DA:302,0
DA:303,0
DA:304,0
DA:305,0
DA:306,0
DA:307,0
DA:308,0
DA:309,0
DA:310,0
DA:311,0
DA:313,0
DA:314,0
DA:315,0
DA:316,0
DA:317,0
DA:318,0
DA:319,0
DA:320,0
DA:322,0
LF:289
LH:0
BRF:0
BRH:0
FNF:1
FNH:0
end_of_record
SF:/home/devel0/Documents/opensource/example-webapp/backend/backend-data/migrations-psql/Migrations/20231022145644_init.cs
FN:13,System.Void migrations_psql.Migrations.init::Up(Microsoft.EntityFrameworkCore.Migrations.MigrationBuilder)
FNDA:0,System.Void migrations_psql.Migrations.init::Up(Microsoft.EntityFrameworkCore.Migrations.MigrationBuilder)
DA:14,0
DA:15,0
DA:16,0
DA:17,0
DA:18,0
DA:19,0
DA:20,0
DA:21,0
DA:22,0
DA:23,0
DA:24,0
DA:25,0
DA:26,0
DA:27,0
DA:29,0
DA:30,0
DA:31,0
DA:32,0
DA:33,0
DA:34,0
DA:35,0
DA:36,0
DA:37,0
DA:38,0
DA:39,0
DA:40,0
DA:41,0
DA:42,0
DA:43,0
DA:44,0
DA:45,0
DA:46,0
DA:47,0
DA:48,0
DA:49,0
DA:50,0
DA:51,0
DA:52,0
DA:54,0
DA:55,0
DA:56,0
DA:57,0
DA:58,0
DA:59,0
DA:60,0
DA:61,0
DA:62,0
DA:63,0
DA:64,0
DA:65,0
DA:66,0
DA:67,0
DA:69,0
DA:70,0
DA:71,0
DA:72,0
DA:73,0
DA:74,0
DA:75,0
DA:76,0
DA:77,0
DA:78,0
DA:79,0
DA:80,0
DA:81,0
DA:82,0
DA:84,0
DA:85,0
DA:86,0
DA:87,0
DA:88,0
DA:89,0
DA:90,0
DA:91,0
DA:92,0
DA:93,0
DA:94,0
DA:95,0
DA:96,0
DA:97,0
DA:98,0
DA:99,0
DA:100,0
DA:101,0
DA:102,0
DA:103,0
DA:105,0
DA:106,0
DA:107,0
DA:108,0
DA:109,0
DA:110,0
DA:111,0
DA:112,0
DA:113,0
DA:114,0
DA:115,0
DA:116,0
DA:117,0
DA:118,0
DA:119,0
DA:120,0
DA:121,0
DA:122,0
DA:123,0
DA:124,0
DA:126,0
DA:127,0
DA:128,0
DA:129,0
DA:130,0
DA:131,0
DA:132,0
DA:133,0
DA:134,0
DA:135,0
DA:136,0
DA:137,0
DA:138,0
DA:139,0
DA:140,0
DA:141,0
DA:142,0
DA:143,0
DA:144,0
DA:146,0
DA:147,0
DA:148,0
DA:149,0
DA:150,0
DA:151,0
DA:152,0
DA:153,0
DA:154,0
DA:155,0
DA:156,0
DA:157,0
DA:158,0
DA:159,0
DA:160,0
DA:161,0
DA:162,0
DA:163,0
DA:164,0
DA:165,0
DA:166,0
DA:167,0
DA:168,0
DA:170,0
DA:171,0
DA:172,0
DA:173,0
DA:174,0
DA:175,0
DA:176,0
DA:177,0
DA:178,0
DA:179,0
DA:180,0
DA:181,0
DA:182,0
DA:183,0
DA:184,0
DA:185,0
DA:186,0
DA:187,0
DA:188,0
DA:190,0
DA:191,0
DA:192,0
DA:193,0
DA:195,0
DA:196,0
DA:197,0
DA:198,0
DA:199,0
DA:201,0
DA:202,0
DA:203,0
DA:204,0
DA:206,0
DA:207,0
DA:208,0
DA:209,0
DA:211,0
DA:212,0
DA:213,0
DA:214,0
DA:216,0
DA:217,0
DA:218,0
DA:219,0
DA:221,0
DA:222,0
DA:223,0
DA:224,0
DA:225,0
DA:226,0
FN:229,System.Void migrations_psql.Migrations.init::Down(Microsoft.EntityFrameworkCore.Migrations.MigrationBuilder)
FNDA:0,System.Void migrations_psql.Migrations.init::Down(Microsoft.EntityFrameworkCore.Migrations.MigrationBuilder)
DA:230,0
DA:231,0
DA:232,0
DA:234,0
DA:235,0
DA:237,0
DA:238,0
DA:240,0
DA:241,0
DA:243,0
DA:244,0
DA:246,0
DA:247,0
DA:249,0
DA:250,0
DA:252,0
DA:253,0
DA:255,0
DA:256,0
DA:257,0
LF:218
LH:0
BRF:0
BRH:0
FNF:2
FNH:0
end_of_record
SF:/home/devel0/Documents/opensource/example-webapp/backend/backend-data/migrations-psql/Migrations/20231022145644_init.Designer.cs
FN:19,System.Void migrations_psql.Migrations.init::BuildTargetModel(Microsoft.EntityFrameworkCore.ModelBuilder)
FNDA:0,System.Void migrations_psql.Migrations.init::BuildTargetModel(Microsoft.EntityFrameworkCore.ModelBuilder)
DA:20,0
DA:22,0
DA:23,0
DA:24,0
DA:26,0
DA:28,0
DA:29,0
DA:30,0
DA:31,0
DA:32,0
DA:33,0
DA:34,0
DA:35,0
DA:36,0
DA:37,0
DA:38,0
DA:39,0
DA:40,0
DA:41,0
DA:42,0
DA:43,0
DA:44,0
DA:45,0
DA:46,0
DA:47,0
DA:48,0
DA:49,0
DA:50,0
DA:51,0
DA:52,0
DA:53,0
DA:54,0
DA:55,0
DA:56,0
DA:57,0
DA:58,0
DA:59,0
DA:60,0
DA:61,0
DA:62,0
DA:63,0
DA:64,0
DA:65,0
DA:66,0
DA:67,0
DA:68,0
DA:69,0
DA:70,0
DA:71,0
DA:72,0
DA:73,0
DA:74,0
DA:75,0
DA:76,0
DA:77,0
DA:78,0
DA:79,0
DA:80,0
DA:81,0
DA:82,0
DA:83,0
DA:84,0
DA:85,0
DA:86,0
DA:87,0
DA:88,0
DA:89,0
DA:90,0
DA:92,0
DA:93,0
DA:94,0
DA:95,0
DA:96,0
DA:97,0
DA:98,0
DA:99,0
DA:100,0
DA:101,0
DA:102,0
DA:103,0
DA:104,0
DA:105,0
DA:106,0
DA:107,0
DA:108,0
DA:109,0
DA:110,0
DA:111,0
DA:112,0
DA:113,0
DA:115,0
DA:116,0
DA:117,0
DA:118,0
DA:119,0
DA:120,0
DA:121,0
DA:122,0
DA:123,0
DA:124,0
DA:125,0
DA:126,0
DA:127,0
DA:128,0
DA:129,0
DA:130,0
DA:131,0
DA:132,0
DA:133,0
DA:134,0
DA:135,0
DA:136,0
DA:137,0
DA:138,0
DA:140,0
DA:141,0
DA:142,0
DA:143,0
DA:144,0
DA:145,0
DA:146,0
DA:147,0
DA:148,0
DA:149,0
DA:150,0
DA:151,0
DA:152,0
DA:153,0
DA:154,0
DA:155,0
DA:156,0
DA:157,0
DA:158,0
DA:159,0
DA:160,0
DA:161,0
DA:162,0
DA:163,0
DA:164,0
DA:166,0
DA:167,0
DA:168,0
DA:169,0
DA:170,0
DA:171,0
DA:172,0
DA:173,0
DA:174,0
DA:175,0
DA:176,0
DA:177,0
DA:178,0
DA:179,0
DA:180,0
DA:181,0
DA:182,0
DA:183,0
DA:184,0
DA:185,0
DA:186,0
DA:187,0
DA:188,0
DA:189,0
DA:191,0
DA:192,0
DA:193,0
DA:194,0
DA:195,0
DA:196,0
DA:197,0
DA:198,0
DA:199,0
DA:200,0
DA:201,0
DA:202,0
DA:203,0
DA:204,0
DA:205,0
DA:206,0
DA:207,0
DA:208,0
DA:209,0
DA:210,0
DA:211,0
DA:212,0
DA:213,0
DA:214,0
DA:216,0
DA:217,0
DA:218,0
DA:219,0
DA:220,0
DA:221,0
DA:222,0
DA:223,0
DA:224,0
DA:225,0
DA:226,0
DA:227,0
DA:228,0
DA:229,0
DA:230,0
DA:231,0
DA:232,0
DA:233,0
DA:234,0
DA:235,0
DA:236,0
DA:238,0
DA:239,0
DA:240,0
DA:241,0
DA:242,0
DA:243,0
DA:244,0
DA:245,0
DA:246,0
DA:247,0
DA:248,0
DA:249,0
DA:250,0
DA:251,0
DA:253,0
DA:254,0
DA:255,0
DA:256,0
DA:257,0
DA:258,0
DA:259,0
DA:260,0
DA:261,0
DA:262,0
DA:263,0
DA:264,0
DA:265,0
DA:266,0
DA:267,0
DA:268,0
DA:269,0
DA:270,0
DA:272,0
DA:273,0
DA:274,0
DA:275,0
DA:276,0
DA:277,0
DA:278,0
DA:279,0
DA:281,0
DA:282,0
DA:283,0
DA:284,0
DA:285,0
DA:286,0
DA:287,0
DA:288,0
DA:290,0
DA:291,0
DA:292,0
DA:293,0
DA:294,0
DA:295,0
DA:296,0
DA:297,0
DA:299,0
DA:300,0
DA:301,0
DA:302,0
DA:303,0
DA:304,0
DA:305,0
DA:306,0
DA:307,0
DA:308,0
DA:309,0
DA:310,0
DA:311,0
DA:312,0
DA:314,0
DA:315,0
DA:316,0
DA:317,0
DA:318,0
DA:319,0
DA:320,0
DA:321,0
DA:323,0
LF:287
LH:0
BRF:0
BRH:0
FNF:1
FNH:0
end_of_record
SF:/home/devel0/Documents/opensource/example-webapp/backend/backend-data/migrations-psql/Migrations/ApplicationDbContextModelSnapshot.cs
FN:16,System.Void migrations_psql.Migrations.ApplicationDbContextModelSnapshot::BuildModel(Microsoft.EntityFrameworkCore.ModelBuilder)
FNDA:0,System.Void migrations_psql.Migrations.ApplicationDbContextModelSnapshot::BuildModel(Microsoft.EntityFrameworkCore.ModelBuilder)
DA:17,0
DA:19,0
DA:20,0
DA:21,0
DA:23,0
DA:25,0
DA:26,0
DA:27,0
DA:28,0
DA:29,0
DA:30,0
DA:31,0
DA:32,0
DA:33,0
DA:34,0
DA:35,0
DA:36,0
DA:37,0
DA:38,0
DA:39,0
DA:40,0
DA:41,0
DA:42,0
DA:43,0
DA:44,0
DA:45,0
DA:46,0
DA:47,0
DA:48,0
DA:49,0
DA:50,0
DA:51,0
DA:52,0
DA:53,0
DA:54,0
DA:55,0
DA:56,0
DA:57,0
DA:58,0
DA:59,0
DA:60,0
DA:61,0
DA:62,0
DA:63,0
DA:64,0
DA:65,0
DA:66,0
DA:67,0
DA:68,0
DA:69,0
DA:70,0
DA:71,0
DA:72,0
DA:73,0
DA:74,0
DA:75,0
DA:76,0
DA:77,0
DA:78,0
DA:79,0
DA:80,0
DA:81,0
DA:82,0
DA:83,0
DA:84,0
DA:85,0
DA:86,0
DA:87,0
DA:89,0
DA:90,0
DA:91,0
DA:92,0
DA:93,0
DA:94,0
DA:95,0
DA:96,0
DA:97,0
DA:98,0
DA:99,0
DA:100,0
DA:101,0
DA:102,0
DA:103,0
DA:104,0
DA:105,0
DA:106,0
DA:107,0
DA:108,0
DA:109,0
DA:110,0
DA:112,0
DA:113,0
DA:114,0
DA:115,0
DA:116,0
DA:117,0
DA:118,0
DA:119,0
DA:120,0
DA:121,0
DA:122,0
DA:123,0
DA:124,0
DA:125,0
DA:126,0
DA:127,0
DA:128,0
DA:129,0
DA:130,0
DA:131,0
DA:132,0
DA:133,0
DA:134,0
DA:135,0
DA:137,0
DA:138,0
DA:139,0
DA:140,0
DA:141,0
DA:142,0
DA:143,0
DA:144,0
DA:145,0
DA:146,0
DA:147,0
DA:148,0
DA:149,0
DA:150,0
DA:151,0
DA:152,0
DA:153,0
DA:154,0
DA:155,0
DA:156,0
DA:157,0
DA:158,0
DA:159,0
DA:160,0
DA:161,0
DA:163,0
DA:164,0
DA:165,0
DA:166,0
DA:167,0
DA:168,0
DA:169,0
DA:170,0
DA:171,0
DA:172,0
DA:173,0
DA:174,0
DA:175,0
DA:176,0
DA:177,0
DA:178,0
DA:179,0
DA:180,0
DA:181,0
DA:182,0
DA:183,0
DA:184,0
DA:185,0
DA:186,0
DA:188,0
DA:189,0
DA:190,0
DA:191,0
DA:192,0
DA:193,0
DA:194,0
DA:195,0
DA:196,0
DA:197,0
DA:198,0
DA:199,0
DA:200,0
DA:201,0
DA:202,0
DA:203,0
DA:204,0
DA:205,0
DA:206,0
DA:207,0
DA:208,0
DA:209,0
DA:210,0
DA:211,0
DA:213,0
DA:214,0
DA:215,0
DA:216,0
DA:217,0
DA:218,0
DA:219,0
DA:220,0
DA:221,0
DA:222,0
DA:223,0
DA:224,0
DA:225,0
DA:226,0
DA:227,0
DA:228,0
DA:229,0
DA:230,0
DA:231,0
DA:232,0
DA:233,0
DA:235,0
DA:236,0
DA:237,0
DA:238,0
DA:239,0
DA:240,0
DA:241,0
DA:242,0
DA:243,0
DA:244,0
DA:245,0
DA:246,0
DA:247,0
DA:248,0
DA:250,0
DA:251,0
DA:252,0
DA:253,0
DA:254,0
DA:255,0
DA:256,0
DA:257,0
DA:258,0
DA:259,0
DA:260,0
DA:261,0
DA:262,0
DA:263,0
DA:264,0
DA:265,0
DA:266,0
DA:267,0
DA:269,0
DA:270,0
DA:271,0
DA:272,0
DA:273,0
DA:274,0
DA:275,0
DA:276,0
DA:278,0
DA:279,0
DA:280,0
DA:281,0
DA:282,0
DA:283,0
DA:284,0
DA:285,0
DA:287,0
DA:288,0
DA:289,0
DA:290,0
DA:291,0
DA:292,0
DA:293,0
DA:294,0
DA:296,0
DA:297,0
DA:298,0
DA:299,0
DA:300,0
DA:301,0
DA:302,0
DA:303,0
DA:304,0
DA:305,0
DA:306,0
DA:307,0
DA:308,0
DA:309,0
DA:311,0
DA:312,0
DA:313,0
DA:314,0
DA:315,0
DA:316,0
DA:317,0
DA:318,0
DA:320,0
LF:287
LH:0
BRF:0
BRH:0
FNF:1
FNH:0
end_of_record
SF:/home/devel0/Documents/opensource/example-webapp/backend/backend-data/context/Context/ApplicationDbContext.cs
FN:10,Microsoft.EntityFrameworkCore.DbSet`1<ExampleWebApp.Backend.Data.Types.UserRefreshToken> ExampleWebApp.Backend.Data.ApplicationDbContext::get_UserRefreshTokens()
FNDA:110,Microsoft.EntityFrameworkCore.DbSet`1<ExampleWebApp.Backend.Data.Types.UserRefreshToken> ExampleWebApp.Backend.Data.ApplicationDbContext::get_UserRefreshTokens()
DA:11,110
FN:12,Microsoft.EntityFrameworkCore.DbSet`1<ExampleWebApp.Backend.Data.Types.SomeData> ExampleWebApp.Backend.Data.ApplicationDbContext::get_SomeDatas()
FNDA:73,Microsoft.EntityFrameworkCore.DbSet`1<ExampleWebApp.Backend.Data.Types.SomeData> ExampleWebApp.Backend.Data.ApplicationDbContext::get_SomeDatas()
DA:13,73
FN:5,System.Void ExampleWebApp.Backend.Data.ApplicationDbContext::.ctor(Microsoft.EntityFrameworkCore.DbContextOptions)
FNDA:73,System.Void ExampleWebApp.Backend.Data.ApplicationDbContext::.ctor(Microsoft.EntityFrameworkCore.DbContextOptions)
DA:6,73
DA:7,73
DA:9,73
LF:5
LH:5
BRF:0
BRH:0
FNF:3
FNH:3
end_of_record
SF:/home/devel0/Documents/opensource/example-webapp/backend/backend-data/context/Context/SaveChanges.cs
FN:6,System.Void ExampleWebApp.Backend.Data.ApplicationDbContext::UpdateAuditableEntities()
FNDA:106,System.Void ExampleWebApp.Backend.Data.ApplicationDbContext::UpdateAuditableEntities()
DA:7,106
DA:8,850
DA:9,266
DA:10,266
DA:11,0
DA:12,0
DA:13,0
DA:15,0
DA:16,0
DA:17,0
DA:18,266
DA:19,106
BRDA:8,119,1,266
BRDA:10,47,0,0
BRDA:12,63,0,0
BRDA:12,63,1,0
BRDA:15,92,0,0
BRDA:15,92,1,0
BRDA:10,47,1,266
BRDA:8,119,0,106
FN:21,System.Int32 ExampleWebApp.Backend.Data.ApplicationDbContext::SaveChanges()
FNDA:14,System.Int32 ExampleWebApp.Backend.Data.ApplicationDbContext::SaveChanges()
DA:22,14
DA:23,14
DA:25,14
DA:26,14
FN:28,System.Threading.Tasks.Task`1<System.Int32> ExampleWebApp.Backend.Data.ApplicationDbContext::SaveChangesAsync(System.Boolean,System.Threading.CancellationToken)
FNDA:92,System.Threading.Tasks.Task`1<System.Int32> ExampleWebApp.Backend.Data.ApplicationDbContext::SaveChangesAsync(System.Boolean,System.Threading.CancellationToken)
DA:29,92
DA:30,92
DA:32,92
DA:33,92
LF:20
LH:14
BRF:8
BRH:3
FNF:3
FNH:3
end_of_record
SF:/home/devel0/Documents/opensource/example-webapp/backend/backend-data/context/Types/AuditableEntity.cs
FN:6,System.Int32 ExampleWebApp.Backend.Data.Types.AuditableEntity::get_Id()
FNDA:0,System.Int32 ExampleWebApp.Backend.Data.Types.AuditableEntity::get_Id()
DA:7,0
FN:8,System.DateTimeOffset ExampleWebApp.Backend.Data.Types.AuditableEntity::get_CreateTimestamp()
FNDA:0,System.DateTimeOffset ExampleWebApp.Backend.Data.Types.AuditableEntity::get_CreateTimestamp()
DA:9,0
FN:9,System.Nullable`1<System.DateTimeOffset> ExampleWebApp.Backend.Data.Types.AuditableEntity::get_UpdateTimestamp()
FNDA:0,System.Nullable`1<System.DateTimeOffset> ExampleWebApp.Backend.Data.Types.AuditableEntity::get_UpdateTimestamp()
DA:10,0
FN:11,System.Void ExampleWebApp.Backend.Data.Types.AuditableEntity::.ctor()
FNDA:0,System.Void ExampleWebApp.Backend.Data.Types.AuditableEntity::.ctor()
DA:12,0
DA:13,0
DA:14,0
LF:6
LH:0
BRF:0
BRH:0
FNF:4
FNH:0
end_of_record
SF:/home/devel0/Documents/opensource/example-webapp/backend/backend-data/context/Types/SomeData.cs
FN:5,System.String ExampleWebApp.Backend.Data.Types.SomeData::get_Data()
FNDA:0,System.String ExampleWebApp.Backend.Data.Types.SomeData::get_Data()
DA:6,0
LF:1
LH:0
BRF:0
BRH:0
FNF:1
FNH:0
end_of_record
SF:/home/devel0/Documents/opensource/example-webapp/backend/backend-data/context/Types/UserRefreshToken.cs
FN:6,System.String ExampleWebApp.Backend.Data.Types.UserRefreshToken::get_Id()
FNDA:0,System.String ExampleWebApp.Backend.Data.Types.UserRefreshToken::get_Id()
DA:7,0
FN:8,System.String ExampleWebApp.Backend.Data.Types.UserRefreshToken::get_UserName()
FNDA:14,System.String ExampleWebApp.Backend.Data.Types.UserRefreshToken::get_UserName()
DA:9,14
FN:10,System.String ExampleWebApp.Backend.Data.Types.UserRefreshToken::get_RefreshToken()
FNDA:14,System.String ExampleWebApp.Backend.Data.Types.UserRefreshToken::get_RefreshToken()
DA:11,14
FN:15,System.DateTimeOffset ExampleWebApp.Backend.Data.Types.UserRefreshToken::get_Issued()
FNDA:14,System.DateTimeOffset ExampleWebApp.Backend.Data.Types.UserRefreshToken::get_Issued()
DA:16,14
FN:20,System.DateTimeOffset ExampleWebApp.Backend.Data.Types.UserRefreshToken::get_Expires()
FNDA:26,System.DateTimeOffset ExampleWebApp.Backend.Data.Types.UserRefreshToken::get_Expires()
DA:21,26
LF:5
LH:4
BRF:0
BRH:0
FNF:5
FNH:4
end_of_record
SF:/home/devel0/Documents/opensource/example-webapp/backend/backend-api/Program.cs
FN:0,System.Void Program/<<Main>$>d__0::MoveNext()
FNDA:14,System.Void Program/<<Main>$>d__0::MoveNext()
DA:1,14
DA:3,14
DA:4,28
DA:7,14
DA:9,14
DA:11,14
DA:12,14
DA:13,14
DA:14,14
DA:15,14
DA:16,14
DA:18,14
DA:19,14
DA:20,14
DA:21,28
DA:22,14
DA:23,14
DA:28,14
DA:30,14
DA:31,14
DA:32,14
DA:33,14
DA:34,14
DA:35,14
DA:41,14
DA:43,14
DA:44,0
DA:46,14
DA:47,14
DA:48,28
DA:49,14
DA:50,0
DA:51,14
DA:53,14
DA:55,14
BRDA:43,724,0,0
BRDA:43,724,1,14
BRDA:46,830,0,14
BRDA:49,895,0,14
BRDA:49,895,1,0
BRDA:49,912,0,0
BRDA:49,912,1,14
BRDA:46,830,1,14
LF:35
LH:33
BRF:8
BRH:5
FNF:1
FNH:1
end_of_record
SF:/home/devel0/Documents/opensource/example-webapp/backend/backend-api/Constants/Constants.Auth.cs
FN:15,System.Void ExampleWebApp.Backend.WebApi.Constants::.cctor()
FNDA:1,System.Void ExampleWebApp.Backend.WebApi.Constants::.cctor()
DA:16,1
DA:17,1
DA:18,1
DA:19,1
DA:20,1
DA:21,1
LF:6
LH:6
BRF:0
BRH:0
FNF:1
FNH:1
end_of_record
SF:/home/devel0/Documents/opensource/example-webapp/backend/backend-api/Controllers/AuthController.cs
FN:16,System.Void ExampleWebApp.Backend.WebApi.AuthController::.ctor(Microsoft.Extensions.Logging.ILogger`1<ExampleWebApp.Backend.WebApi.AuthController>,ExampleWebApp.Backend.WebApi.IAuthService,Microsoft.AspNetCore.Http.IHttpContextAccessor,Microsoft.Extensions.Hosting.IHostEnvironment)
FNDA:29,System.Void ExampleWebApp.Backend.WebApi.AuthController::.ctor(Microsoft.Extensions.Logging.ILogger`1<ExampleWebApp.Backend.WebApi.AuthController>,ExampleWebApp.Backend.WebApi.IAuthService,Microsoft.AspNetCore.Http.IHttpContextAccessor,Microsoft.Extensions.Hosting.IHostEnvironment)
DA:17,29
DA:18,29
DA:19,29
DA:20,29
DA:21,29
DA:22,29
DA:23,29
DA:24,29
DA:25,29
DA:26,29
DA:28,29
DA:29,0
DA:30,29
BRDA:28,47,0,0
BRDA:28,47,1,29
FN:36,System.Void ExampleWebApp.Backend.WebApi.AuthController/<CurrentUser>d__5::MoveNext()
FNDA:7,System.Void ExampleWebApp.Backend.WebApi.AuthController/<CurrentUser>d__5::MoveNext()
DA:37,7
FN:87,System.Void ExampleWebApp.Backend.WebApi.AuthController/<ListRoles>d__11::MoveNext()
FNDA:0,System.Void ExampleWebApp.Backend.WebApi.AuthController/<ListRoles>d__11::MoveNext()
DA:88,0
FN:79,System.Void ExampleWebApp.Backend.WebApi.AuthController/<ListUsers>d__10::MoveNext()
FNDA:3,System.Void ExampleWebApp.Backend.WebApi.AuthController/<ListUsers>d__10::MoveNext()
DA:80,3
FN:55,System.Void ExampleWebApp.Backend.WebApi.AuthController/<LockoutUser>d__7::MoveNext()
FNDA:1,System.Void ExampleWebApp.Backend.WebApi.AuthController/<LockoutUser>d__7::MoveNext()
DA:56,1
FN:64,System.Void ExampleWebApp.Backend.WebApi.AuthController/<Login>d__8::MoveNext()
FNDA:13,System.Void ExampleWebApp.Backend.WebApi.AuthController/<Login>d__8::MoveNext()
DA:65,13
FN:71,System.Void ExampleWebApp.Backend.WebApi.AuthController/<Logout>d__9::MoveNext()
FNDA:0,System.Void ExampleWebApp.Backend.WebApi.AuthController/<Logout>d__9::MoveNext()
DA:72,0
FN:45,System.Void ExampleWebApp.Backend.WebApi.AuthController/<RegisterUser>d__6::MoveNext()
FNDA:3,System.Void ExampleWebApp.Backend.WebApi.AuthController/<RegisterUser>d__6::MoveNext()
DA:46,3
FN:95,System.Void ExampleWebApp.Backend.WebApi.AuthController/<SetUserRoles>d__12::MoveNext()
FNDA:2,System.Void ExampleWebApp.Backend.WebApi.AuthController/<SetUserRoles>d__12::MoveNext()
DA:96,2
LF:21
LH:18
BRF:2
BRH:1
FNF:9
FNH:7
end_of_record
SF:/home/devel0/Documents/opensource/example-webapp/backend/backend-api/DTOs/Auth/CurrentUserResponseDto.cs
FN:37,ExampleWebApp.Backend.WebApi.CurrentUserStatus ExampleWebApp.Backend.WebApi.CurrentUserResponseDto::get_Status()
FNDA:19,ExampleWebApp.Backend.WebApi.CurrentUserStatus ExampleWebApp.Backend.WebApi.CurrentUserResponseDto::get_Status()
DA:38,19
FN:42,System.String ExampleWebApp.Backend.WebApi.CurrentUserResponseDto::get_UserName()
FNDA:30,System.String ExampleWebApp.Backend.WebApi.CurrentUserResponseDto::get_UserName()
DA:43,30
FN:47,System.String ExampleWebApp.Backend.WebApi.CurrentUserResponseDto::get_Email()
FNDA:28,System.String ExampleWebApp.Backend.WebApi.CurrentUserResponseDto::get_Email()
DA:48,28
FN:52,System.Collections.Generic.List`1<System.String> ExampleWebApp.Backend.WebApi.CurrentUserResponseDto::get_Roles()
FNDA:27,System.Collections.Generic.List`1<System.String> ExampleWebApp.Backend.WebApi.CurrentUserResponseDto::get_Roles()
DA:53,27
LF:4
LH:4
BRF:0
BRH:0
FNF:4
FNH:4
end_of_record
SF:/home/devel0/Documents/opensource/example-webapp/backend/backend-api/DTOs/Auth/LockoutUserRequestDto.cs
FN:10,System.String ExampleWebApp.Backend.WebApi.LockoutUserRequestDto::get_UserName()
FNDA:5,System.String ExampleWebApp.Backend.WebApi.LockoutUserRequestDto::get_UserName()
DA:11,5
FN:15,System.DateTimeOffset ExampleWebApp.Backend.WebApi.LockoutUserRequestDto::get_LockoutEnd()
FNDA:15,System.DateTimeOffset ExampleWebApp.Backend.WebApi.LockoutUserRequestDto::get_LockoutEnd()
DA:16,15
LF:2
LH:2
BRF:0
BRH:0
FNF:2
FNH:2
end_of_record
SF:/home/devel0/Documents/opensource/example-webapp/backend/backend-api/DTOs/Auth/LoginRequestDto.cs
FN:10,System.String ExampleWebApp.Backend.WebApi.LoginRequestDto::get_UserName()
FNDA:94,System.String ExampleWebApp.Backend.WebApi.LoginRequestDto::get_UserName()
DA:11,94
FN:15,System.String ExampleWebApp.Backend.WebApi.LoginRequestDto::get_Email()
FNDA:59,System.String ExampleWebApp.Backend.WebApi.LoginRequestDto::get_Email()
DA:16,59
FN:20,System.String ExampleWebApp.Backend.WebApi.LoginRequestDto::get_Password()
FNDA:72,System.String ExampleWebApp.Backend.WebApi.LoginRequestDto::get_Password()
DA:21,72
LF:3
LH:3
BRF:0
BRH:0
FNF:3
FNH:3
end_of_record
SF:/home/devel0/Documents/opensource/example-webapp/backend/backend-api/DTOs/Auth/LoginResponseDto.cs
FN:38,ExampleWebApp.Backend.WebApi.LoginStatus ExampleWebApp.Backend.WebApi.LoginResponseDto::get_Status()
FNDA:52,ExampleWebApp.Backend.WebApi.LoginStatus ExampleWebApp.Backend.WebApi.LoginResponseDto::get_Status()
DA:39,52
FN:43,System.String ExampleWebApp.Backend.WebApi.LoginResponseDto::get_UserName()
FNDA:71,System.String ExampleWebApp.Backend.WebApi.LoginResponseDto::get_UserName()
DA:44,71
FN:48,System.String ExampleWebApp.Backend.WebApi.LoginResponseDto::get_Email()
FNDA:71,System.String ExampleWebApp.Backend.WebApi.LoginResponseDto::get_Email()
DA:49,71
FN:53,System.Collections.Generic.List`1<System.String> ExampleWebApp.Backend.WebApi.LoginResponseDto::get_Roles()
FNDA:63,System.Collections.Generic.List`1<System.String> ExampleWebApp.Backend.WebApi.LoginResponseDto::get_Roles()
DA:54,63
LF:4
LH:4
BRF:0
BRH:0
FNF:4
FNH:4
end_of_record
SF:/home/devel0/Documents/opensource/example-webapp/backend/backend-api/DTOs/Auth/RegisterUserRequestDto.cs
FN:11,System.String ExampleWebApp.Backend.WebApi.RegisterUserRequestDto::get_UserName()
FNDA:15,System.String ExampleWebApp.Backend.WebApi.RegisterUserRequestDto::get_UserName()
DA:12,15
FN:16,System.String ExampleWebApp.Backend.WebApi.RegisterUserRequestDto::get_Email()
FNDA:15,System.String ExampleWebApp.Backend.WebApi.RegisterUserRequestDto::get_Email()
DA:17,15
FN:21,System.String ExampleWebApp.Backend.WebApi.RegisterUserRequestDto::get_Password()
FNDA:15,System.String ExampleWebApp.Backend.WebApi.RegisterUserRequestDto::get_Password()
DA:22,15
LF:3
LH:3
BRF:0
BRH:0
FNF:3
FNH:3
end_of_record
SF:/home/devel0/Documents/opensource/example-webapp/backend/backend-api/DTOs/Auth/RegisterUserResponseDto.cs
FN:27,ExampleWebApp.Backend.WebApi.RegisterUserStatus ExampleWebApp.Backend.WebApi.RegisterUserResponseDto::get_Status()
FNDA:6,ExampleWebApp.Backend.WebApi.RegisterUserStatus ExampleWebApp.Backend.WebApi.RegisterUserResponseDto::get_Status()
DA:28,6
FN:32,System.Collections.Generic.List`1<Microsoft.AspNetCore.Identity.IdentityError> ExampleWebApp.Backend.WebApi.RegisterUserResponseDto::get_Errors()
FNDA:6,System.Collections.Generic.List`1<Microsoft.AspNetCore.Identity.IdentityError> ExampleWebApp.Backend.WebApi.RegisterUserResponseDto::get_Errors()
DA:33,6
LF:2
LH:2
BRF:0
BRH:0
FNF:2
FNH:2
end_of_record
SF:/home/devel0/Documents/opensource/example-webapp/backend/backend-api/DTOs/Auth/SetUserRolesRequestDto.cs
FN:11,System.String ExampleWebApp.Backend.WebApi.SetUserRolesRequestDto::get_UserName()
FNDA:12,System.String ExampleWebApp.Backend.WebApi.SetUserRolesRequestDto::get_UserName()
DA:12,12
FN:16,System.Collections.Generic.IList`1<System.String> ExampleWebApp.Backend.WebApi.SetUserRolesRequestDto::get_Roles()
FNDA:10,System.Collections.Generic.IList`1<System.String> ExampleWebApp.Backend.WebApi.SetUserRolesRequestDto::get_Roles()
DA:17,10
LF:2
LH:2
BRF:0
BRH:0
FNF:2
FNH:2
end_of_record
SF:/home/devel0/Documents/opensource/example-webapp/backend/backend-api/DTOs/Auth/SetUserRolesResponseDto.cs
FN:37,ExampleWebApp.Backend.WebApi.SetUserRolesStatus ExampleWebApp.Backend.WebApi.SetUserRolesResponseDto::get_Status()
FNDA:4,ExampleWebApp.Backend.WebApi.SetUserRolesStatus ExampleWebApp.Backend.WebApi.SetUserRolesResponseDto::get_Status()
DA:38,4
FN:42,System.Collections.Generic.List`1<System.String> ExampleWebApp.Backend.WebApi.SetUserRolesResponseDto::get_RolesAdded()
FNDA:6,System.Collections.Generic.List`1<System.String> ExampleWebApp.Backend.WebApi.SetUserRolesResponseDto::get_RolesAdded()
DA:43,6
FN:47,System.Collections.Generic.List`1<System.String> ExampleWebApp.Backend.WebApi.SetUserRolesResponseDto::get_RolesRemoved()
FNDA:6,System.Collections.Generic.List`1<System.String> ExampleWebApp.Backend.WebApi.SetUserRolesResponseDto::get_RolesRemoved()
DA:48,6
LF:3
LH:3
BRF:0
BRH:0
FNF:3
FNH:3
end_of_record
SF:/home/devel0/Documents/opensource/example-webapp/backend/backend-api/DTOs/Auth/UserListItemDto.cs
FN:11,System.String ExampleWebApp.Backend.WebApi.UserListItemResponseDto::get_UserName()
FNDA:27,System.String ExampleWebApp.Backend.WebApi.UserListItemResponseDto::get_UserName()
DA:12,27
FN:16,System.String ExampleWebApp.Backend.WebApi.UserListItemResponseDto::get_Email()
FNDA:18,System.String ExampleWebApp.Backend.WebApi.UserListItemResponseDto::get_Email()
DA:17,18
FN:21,System.Collections.Generic.IList`1<System.String> ExampleWebApp.Backend.WebApi.UserListItemResponseDto::get_Roles()
FNDA:29,System.Collections.Generic.IList`1<System.String> ExampleWebApp.Backend.WebApi.UserListItemResponseDto::get_Roles()
DA:22,29
FN:26,System.Int32 ExampleWebApp.Backend.WebApi.UserListItemResponseDto::get_AccessFailedCount()
FNDA:18,System.Int32 ExampleWebApp.Backend.WebApi.UserListItemResponseDto::get_AccessFailedCount()
DA:27,18
FN:31,System.Boolean ExampleWebApp.Backend.WebApi.UserListItemResponseDto::get_EmailConfirmed()
FNDA:18,System.Boolean ExampleWebApp.Backend.WebApi.UserListItemResponseDto::get_EmailConfirmed()
DA:32,18
FN:36,System.Nullable`1<System.DateTimeOffset> ExampleWebApp.Backend.WebApi.UserListItemResponseDto::get_LockoutEnd()
FNDA:18,System.Nullable`1<System.DateTimeOffset> ExampleWebApp.Backend.WebApi.UserListItemResponseDto::get_LockoutEnd()
DA:37,18
FN:41,System.String ExampleWebApp.Backend.WebApi.UserListItemResponseDto::get_PhoneNumber()
FNDA:18,System.String ExampleWebApp.Backend.WebApi.UserListItemResponseDto::get_PhoneNumber()
DA:42,18
FN:46,System.Boolean ExampleWebApp.Backend.WebApi.UserListItemResponseDto::get_PhoneNumberConfirmed()
FNDA:18,System.Boolean ExampleWebApp.Backend.WebApi.UserListItemResponseDto::get_PhoneNumberConfirmed()
DA:47,18
FN:51,System.Boolean ExampleWebApp.Backend.WebApi.UserListItemResponseDto::get_TwoFactorEnabled()
FNDA:18,System.Boolean ExampleWebApp.Backend.WebApi.UserListItemResponseDto::get_TwoFactorEnabled()
DA:52,18
LF:9
LH:9
BRF:0
BRH:0
FNF:9
FNH:9
end_of_record
SF:/home/devel0/Documents/opensource/example-webapp/backend/backend-api/DTOs/CommonResponseDto.cs
FN:11,System.Boolean ExampleWebApp.Backend.WebApi.CommonResponseBaseDto::get_Succeded()
FNDA:1,System.Boolean ExampleWebApp.Backend.WebApi.CommonResponseBaseDto::get_Succeded()
DA:12,1
FN:13,System.Net.HttpStatusCode ExampleWebApp.Backend.WebApi.CommonResponseBaseDto::get_HttpStatus()
FNDA:60,System.Net.HttpStatusCode ExampleWebApp.Backend.WebApi.CommonResponseBaseDto::get_HttpStatus()
DA:14,60
FN:16,System.Void ExampleWebApp.Backend.WebApi.CommonResponseBaseDto::.ctor()
FNDA:0,System.Void ExampleWebApp.Backend.WebApi.CommonResponseBaseDto::.ctor()
DA:17,0
DA:18,0
DA:19,0
FN:20,System.Void ExampleWebApp.Backend.WebApi.CommonResponseBaseDto::.ctor(System.Net.HttpStatusCode)
FNDA:29,System.Void ExampleWebApp.Backend.WebApi.CommonResponseBaseDto::.ctor(System.Net.HttpStatusCode)
DA:21,29
DA:22,29
DA:23,29
DA:24,29
FN:33,T ExampleWebApp.Backend.WebApi.CommonResponseDto`1::get_Data()
FNDA:56,T ExampleWebApp.Backend.WebApi.CommonResponseDto`1::get_Data()
DA:34,56
FN:36,System.Void ExampleWebApp.Backend.WebApi.CommonResponseDto`1::.ctor()
FNDA:0,System.Void ExampleWebApp.Backend.WebApi.CommonResponseDto`1::.ctor()
DA:37,0
DA:38,0
DA:39,0
FN:40,System.Void ExampleWebApp.Backend.WebApi.CommonResponseDto`1::.ctor(System.Net.HttpStatusCode,T)
FNDA:28,System.Void ExampleWebApp.Backend.WebApi.CommonResponseDto`1::.ctor(System.Net.HttpStatusCode,T)
DA:41,28
DA:42,28
DA:43,28
DA:44,28
LF:17
LH:11
BRF:0
BRH:0
FNF:7
FNH:5
end_of_record
SF:/home/devel0/Documents/opensource/example-webapp/backend/backend-api/Exceptions/InternalErrorException.cs
FN:8,System.Void ExampleWebApp.Backend.WebApi.InternalErrorException::.ctor(System.String)
FNDA:0,System.Void ExampleWebApp.Backend.WebApi.InternalErrorException::.ctor(System.String)
DA:9,0
DA:10,0
DA:11,0
LF:3
LH:0
BRF:0
BRH:0
FNF:1
FNH:0
end_of_record
SF:/home/devel0/Documents/opensource/example-webapp/backend/backend-api/Extensions/Auth.cs
FN:9,ExampleWebApp.Backend.WebApi.Types.UserClaimsNfo ExampleWebApp.Backend.WebApi.Extensions::GetUserInfoFromClaims(System.Security.Claims.ClaimsPrincipal)
FNDA:8,ExampleWebApp.Backend.WebApi.Types.UserClaimsNfo ExampleWebApp.Backend.WebApi.Extensions::GetUserInfoFromClaims(System.Security.Claims.ClaimsPrincipal)
DA:10,8
DA:11,8
DA:12,8
DA:14,8
DA:15,8
DA:16,8
DA:17,8
DA:18,8
DA:19,8
FN:24,System.Collections.Generic.List`1<System.Security.Claims.Claim> ExampleWebApp.Backend.WebApi.Extensions::GetJWTClaims(Microsoft.AspNetCore.Identity.UserManager`1<ExampleWebApp.Backend.Data.Types.ApplicationUser>,ExampleWebApp.Backend.Data.Types.ApplicationUser)
FNDA:14,System.Collections.Generic.List`1<System.Security.Claims.Claim> ExampleWebApp.Backend.WebApi.Extensions::GetJWTClaims(Microsoft.AspNetCore.Identity.UserManager`1<ExampleWebApp.Backend.Data.Types.ApplicationUser>,ExampleWebApp.Backend.Data.Types.ApplicationUser)
DA:25,14
DA:26,14
DA:27,0
DA:29,14
DA:31,14
DA:32,14
DA:33,14
DA:34,14
DA:35,14
DA:37,66
DA:38,12
DA:40,14
DA:41,14
BRDA:26,7,0,14
BRDA:26,7,1,0
BRDA:26,23,0,0
BRDA:26,23,1,14
BRDA:37,155,1,12
BRDA:37,155,0,14
FN:70,System.Void ExampleWebApp.Backend.WebApi.Extensions::SetupApplicationCookie(Microsoft.AspNetCore.Builder.WebApplicationBuilder)
FNDA:14,System.Void ExampleWebApp.Backend.WebApi.Extensions::SetupApplicationCookie(Microsoft.AspNetCore.Builder.WebApplicationBuilder)
DA:71,14
DA:72,14
DA:73,10
DA:74,10
DA:75,14
DA:76,14
DA:77,14
DA:78,14
DA:79,14
DA:80,14
DA:81,14
DA:82,10
DA:83,24
DA:84,14
FN:90,System.Void ExampleWebApp.Backend.WebApi.Extensions::SetupIdentityProvider(Microsoft.Extensions.DependencyInjection.IServiceCollection)
FNDA:14,System.Void ExampleWebApp.Backend.WebApi.Extensions::SetupIdentityProvider(Microsoft.Extensions.DependencyInjection.IServiceCollection)
DA:91,14
DA:92,14
DA:93,14
DA:94,14
DA:95,14
DA:96,14
DA:97,14
FN:102,System.Collections.Generic.List`1<System.String> ExampleWebApp.Backend.WebApi.Extensions::GetRoles(System.Collections.Generic.IEnumerable`1<System.Security.Claims.Claim>)
FNDA:117,System.Collections.Generic.List`1<System.String> ExampleWebApp.Backend.WebApi.Extensions::GetRoles(System.Collections.Generic.IEnumerable`1<System.Security.Claims.Claim>)
DA:103,117
FN:121,Microsoft.IdentityModel.Tokens.TokenValidationParameters ExampleWebApp.Backend.WebApi.Extensions::GetTokenVaildationParameters(Microsoft.Extensions.Configuration.IConfiguration,System.Boolean,System.Boolean,System.Boolean,System.Boolean)
FNDA:21,Microsoft.IdentityModel.Tokens.TokenValidationParameters ExampleWebApp.Backend.WebApi.Extensions::GetTokenVaildationParameters(Microsoft.Extensions.Configuration.IConfiguration,System.Boolean,System.Boolean,System.Boolean,System.Boolean)
DA:122,21
DA:123,21
DA:124,21
DA:125,21
DA:126,21
DA:127,21
DA:128,21
DA:129,21
DA:130,21
DA:131,21
DA:132,21
FN:140,System.Void ExampleWebApp.Backend.WebApi.Extensions::SetupJWTAuthentication(Microsoft.AspNetCore.Builder.WebApplicationBuilder)
FNDA:14,System.Void ExampleWebApp.Backend.WebApi.Extensions::SetupJWTAuthentication(Microsoft.AspNetCore.Builder.WebApplicationBuilder)
DA:141,14
DA:142,14
DA:143,14
DA:144,14
DA:145,14
DA:146,14
DA:147,14
DA:148,13
DA:149,13
DA:150,14
DA:151,26
DA:152,14
DA:153,13
DA:154,6
DA:155,6
DA:156,6
DA:157,5
DA:158,13
DA:159,13
DA:160,5
DA:161,5
DA:162,5
DA:163,5
DA:164,13
DA:165,5
DA:166,5
DA:167,13
DA:168,5
DA:169,5
DA:170,5
DA:171,5
DA:172,5
DA:173,5
DA:174,13
DA:175,5
DA:176,5
DA:177,4
DA:178,4
DA:179,4
DA:180,4
DA:181,13
DA:182,4
DA:183,3
DA:184,3
DA:185,3
DA:186,3
DA:187,13
DA:188,3
DA:189,3
DA:190,3
DA:191,0
DA:192,13
DA:193,3
DA:194,13
DA:195,3
DA:196,13
DA:197,3
DA:198,3
DA:199,3
DA:200,13
DA:201,3
DA:202,3
DA:203,3
DA:204,3
DA:205,3
DA:206,4
DA:207,5
DA:208,5
DA:209,19
DA:210,14
DA:211,13
DA:212,35
DA:213,35
DA:214,20
DA:215,13
DA:216,35
DA:217,48
DA:218,14
DA:219,27
BRDA:213,24,0,20
BRDA:213,24,1,35
BRDA:151,39,0,13
BRDA:151,39,1,13
FN:225,Microsoft.AspNetCore.Http.SameSiteMode ExampleWebApp.Backend.WebApi.Extensions::COOKIE_OPTION_SAME_SITE_MODE(Microsoft.Extensions.Hosting.IHostEnvironment)
FNDA:24,Microsoft.AspNetCore.Http.SameSiteMode ExampleWebApp.Backend.WebApi.Extensions::COOKIE_OPTION_SAME_SITE_MODE(Microsoft.Extensions.Hosting.IHostEnvironment)
DA:226,24
DA:227,24
DA:228,24
DA:231,0
DA:232,24
BRDA:227,9,0,24
BRDA:227,9,1,0
FN:239,System.Void ExampleWebApp.Backend.WebApi.Extensions::SetCookieOptions(Microsoft.Extensions.Hosting.IHostEnvironment,Microsoft.AspNetCore.Http.CookieBuilder)
FNDA:10,System.Void ExampleWebApp.Backend.WebApi.Extensions::SetCookieOptions(Microsoft.Extensions.Hosting.IHostEnvironment,Microsoft.AspNetCore.Http.CookieBuilder)
DA:240,10
DA:241,10
DA:242,10
DA:243,10
DA:244,10
FN:251,System.Void ExampleWebApp.Backend.WebApi.Extensions::SetCookieOptions(Microsoft.Extensions.Hosting.IHostEnvironment,Microsoft.AspNetCore.Http.CookieOptions)
FNDA:14,System.Void ExampleWebApp.Backend.WebApi.Extensions::SetCookieOptions(Microsoft.Extensions.Hosting.IHostEnvironment,Microsoft.AspNetCore.Http.CookieOptions)
DA:252,14
DA:253,14
DA:254,14
DA:255,14
DA:256,14
FN:261,ExampleWebApp.Backend.WebApi.Types.JwtCookies ExampleWebApp.Backend.WebApi.Extensions::GetJwtCookiesFromResponse(System.Net.Http.Headers.HttpResponseHeaders)
FNDA:14,ExampleWebApp.Backend.WebApi.Types.JwtCookies ExampleWebApp.Backend.WebApi.Extensions::GetJwtCookiesFromResponse(System.Net.Http.Headers.HttpResponseHeaders)
DA:262,14
DA:263,14
DA:264,14
DA:265,14
DA:267,110
DA:268,34
DA:269,34
DA:272,12
DA:273,12
DA:275,130
DA:276,47
DA:277,47
DA:279,24
DA:280,24
DA:281,24
DA:283,47
DA:284,12
DA:285,12
DA:287,34
DA:289,14
DA:290,14
DA:291,14
DA:292,14
DA:293,14
DA:294,14
DA:295,14
BRDA:267,267,1,34
BRDA:269,54,1,12
BRDA:275,237,1,47
BRDA:277,140,0,35
BRDA:277,154,0,23
BRDA:277,140,1,12
BRDA:277,154,1,12
BRDA:277,168,1,12
BRDA:277,168,0,47
BRDA:275,237,0,12
BRDA:269,54,0,34
BRDA:267,267,0,14
FN:300,ExampleWebApp.Backend.WebApi.Types.JwtCookies ExampleWebApp.Backend.WebApi.Extensions::GetJwtCookiesFromRequest(Microsoft.AspNetCore.Http.IHeaderDictionary)
FNDA:0,ExampleWebApp.Backend.WebApi.Types.JwtCookies ExampleWebApp.Backend.WebApi.Extensions::GetJwtCookiesFromRequest(Microsoft.AspNetCore.Http.IHeaderDictionary)
DA:301,0
DA:302,0
DA:303,0
DA:304,0
DA:306,0
DA:307,0
DA:308,0
DA:310,0
DA:312,0
DA:313,0
DA:314,0
DA:316,0
DA:317,0
DA:318,0
DA:319,0
DA:321,0
DA:323,0
DA:324,0
DA:326,0
DA:327,0
DA:328,0
DA:329,0
DA:331,0
DA:333,0
DA:334,0
DA:336,0
DA:337,0
DA:338,0
DA:339,0
DA:340,0
DA:341,0
DA:342,0
BRDA:306,247,1,0
BRDA:308,48,1,0
BRDA:312,234,1,0
BRDA:316,111,0,0
BRDA:321,156,0,0
BRDA:321,170,0,0
BRDA:321,156,1,0
BRDA:321,170,1,0
BRDA:321,184,1,0
BRDA:321,184,0,0
BRDA:316,111,1,0
BRDA:312,234,0,0
BRDA:308,48,0,0
BRDA:306,247,0,0
FN:133,System.Void ExampleWebApp.Backend.WebApi.Extensions::.cctor()
FNDA:1,System.Void ExampleWebApp.Backend.WebApi.Extensions::.cctor()
DA:134,1
FN:52,System.Boolean ExampleWebApp.Backend.WebApi.Extensions/<>c__DisplayClass2_0::<UpgradeRolesAsync>b__2(System.String)
FNDA:56,System.Boolean ExampleWebApp.Backend.WebApi.Extensions/<>c__DisplayClass2_0::<UpgradeRolesAsync>b__2(System.String)
DA:53,56
FN:46,System.Void ExampleWebApp.Backend.WebApi.Extensions/<UpgradeRolesAsync>d__2::MoveNext()
FNDA:14,System.Void ExampleWebApp.Backend.WebApi.Extensions/<UpgradeRolesAsync>d__2::MoveNext()
DA:47,14
DA:48,14
DA:49,14
DA:51,14
DA:55,14
DA:56,14
DA:57,14
DA:58,0
DA:60,70
DA:61,14
DA:62,14
DA:63,14
DA:64,14
DA:65,14
BRDA:55,317,0,14
BRDA:57,333,0,0
BRDA:57,333,1,14
BRDA:60,569,1,14
BRDA:60,569,0,14
BRDA:55,317,1,14
LF:223
LH:187
BRF:76
BRH:49
FNF:15
FNH:14
end_of_record
SF:/home/devel0/Documents/opensource/example-webapp/backend/backend-api/Extensions/Configuration.cs
FN:11,System.String ExampleWebApp.Backend.WebApi.Extensions::GetConfigVar(Microsoft.Extensions.Configuration.IConfiguration,System.String)
FNDA:240,System.String ExampleWebApp.Backend.WebApi.Extensions::GetConfigVar(Microsoft.Extensions.Configuration.IConfiguration,System.String)
DA:12,240
FN:19,T ExampleWebApp.Backend.WebApi.Extensions::GetConfigVar(Microsoft.Extensions.Configuration.IConfiguration,System.String)
FNDA:306,T ExampleWebApp.Backend.WebApi.Extensions::GetConfigVar(Microsoft.Extensions.Configuration.IConfiguration,System.String)
DA:20,306
DA:21,306
DA:22,306
DA:23,0
DA:24,0
DA:25,0
DA:26,0
DA:27,0
DA:28,0
DA:29,0
DA:30,0
DA:31,0
DA:32,0
DA:34,306
DA:35,306
DA:37,306
DA:38,306
BRDA:22,29,0,0
BRDA:26,63,0,0
BRDA:29,92,0,0
BRDA:29,92,1,0
BRDA:29,111,0,0
BRDA:29,111,1,0
BRDA:26,63,1,0
BRDA:22,29,1,306
BRDA:35,142,0,0
BRDA:35,142,1,306
LF:18
LH:8
BRF:10
BRH:2
FNF:2
FNH:2
end_of_record
SF:/home/devel0/Documents/opensource/example-webapp/backend/backend-api/Extensions/DatabaseService.cs
FN:17,System.Void ExampleWebApp.Backend.WebApi.Extensions::ConfigureDatabase(Microsoft.AspNetCore.Builder.WebApplicationBuilder)
FNDA:14,System.Void ExampleWebApp.Backend.WebApi.Extensions::ConfigureDatabase(Microsoft.AspNetCore.Builder.WebApplicationBuilder)
DA:18,14
DA:19,14
DA:20,14
DA:21,14
DA:22,14
DA:23,14
DA:24,14
DA:26,14
DA:27,14
DA:28,14
DA:33,14
DA:34,14
DA:35,14
DA:36,14
DA:37,14
DA:39,14
DA:40,14
DA:41,14
DA:42,14
DA:43,14
DA:44,14
DA:45,14
DA:46,28
DA:48,14
DA:49,73
DA:50,73
DA:51,146
DA:52,87
DA:54,14
DA:56,0
DA:61,0
DA:62,0
DA:63,0
DA:64,0
DA:65,0
DA:66,0
DA:67,0
DA:68,0
DA:69,0
DA:70,0
DA:71,0
DA:72,0
DA:73,0
DA:74,0
DA:75,0
DA:76,0
DA:77,0
DA:78,0
DA:79,0
DA:80,0
DA:81,0
DA:82,0
DA:83,0
DA:84,0
DA:85,0
DA:86,0
DA:87,0
DA:88,0
DA:89,0
DA:90,0
DA:91,0
DA:92,0
DA:93,0
DA:94,0
DA:95,0
DA:96,0
DA:97,0
DA:98,0
DA:99,14
BRDA:19,21,0,14
BRDA:19,21,1,14
BRDA:33,205,0,14
BRDA:35,226,0,14
BRDA:35,226,1,0
BRDA:33,205,1,0
BRDA:42,19,0,0
BRDA:42,19,1,14
BRDA:63,21,0,0
BRDA:63,34,0,0
BRDA:63,21,1,0
BRDA:63,34,1,0
BRDA:74,127,0,0
BRDA:76,148,0,0
BRDA:76,148,1,0
BRDA:74,127,1,0
BRDA:63,47,1,0
BRDA:63,47,0,0
BRDA:91,300,0,0
BRDA:91,300,1,0
FN:104,System.Void ExampleWebApp.Backend.WebApi.Extensions::ApplyDatabaseInitialMigration(Microsoft.AspNetCore.Builder.WebApplication)
FNDA:14,System.Void ExampleWebApp.Backend.WebApi.Extensions::ApplyDatabaseInitialMigration(Microsoft.AspNetCore.Builder.WebApplication)
DA:105,14
DA:106,14
DA:107,14
DA:109,14
DA:110,14
DA:112,14
DA:113,0
DA:115,14
DA:116,14
DA:117,14
DA:118,0
DA:119,0
DA:120,0
DA:121,14
DA:123,14
DA:124,14
DA:125,28
DA:126,0
DA:127,14
DA:128,14
DA:129,28
BRDA:112,65,0,14
BRDA:112,65,1,0
BRDA:112,83,0,0
BRDA:112,83,1,14
BRDA:115,102,0,14
BRDA:115,102,1,0
BRDA:115,120,0,14
BRDA:117,138,0,0
BRDA:117,138,1,14
BRDA:121,181,0,0
BRDA:121,181,1,14
BRDA:123,208,0,14
BRDA:125,272,1,0
BRDA:126,233,0,0
BRDA:126,233,1,0
BRDA:125,272,0,14
BRDA:123,208,1,14
BRDA:115,120,1,14
FN:9,System.Void ExampleWebApp.Backend.WebApi.Extensions::.cctor()
FNDA:2,System.Void ExampleWebApp.Backend.WebApi.Extensions::.cctor()
DA:10,2
DA:11,2
DA:12,2
LF:93
LH:49
BRF:38
BRH:15
FNF:3
FNH:3
end_of_record
SF:/home/devel0/Documents/opensource/example-webapp/backend/backend-api/Extensions/Response.cs
FN:12,Microsoft.AspNetCore.Mvc.ActionResult`1<T> ExampleWebApp.Backend.WebApi.Extensions::CommonResponse(Microsoft.AspNetCore.Mvc.ControllerBase,ExampleWebApp.Backend.WebApi.ICommonResponseDto`1<T>)
FNDA:28,Microsoft.AspNetCore.Mvc.ActionResult`1<T> ExampleWebApp.Backend.WebApi.Extensions::CommonResponse(Microsoft.AspNetCore.Mvc.ControllerBase,ExampleWebApp.Backend.WebApi.ICommonResponseDto`1<T>)
DA:13,28
FN:21,Microsoft.AspNetCore.Mvc.ActionResult ExampleWebApp.Backend.WebApi.Extensions::CommonResponse(Microsoft.AspNetCore.Mvc.ControllerBase,ExampleWebApp.Backend.WebApi.ICommonResponseDto)
FNDA:1,Microsoft.AspNetCore.Mvc.ActionResult ExampleWebApp.Backend.WebApi.Extensions::CommonResponse(Microsoft.AspNetCore.Mvc.ControllerBase,ExampleWebApp.Backend.WebApi.ICommonResponseDto)
DA:22,1
LF:2
LH:2
BRF:0
BRH:0
FNF:2
FNH:2
end_of_record
SF:/home/devel0/Documents/opensource/example-webapp/backend/backend-api/Extensions/SecurityPolicies.cs
FN:10,System.Void ExampleWebApp.Backend.WebApi.Extensions::SetupSecurityPolicies(Microsoft.AspNetCore.Builder.WebApplicationBuilder,System.String)
FNDA:14,System.Void ExampleWebApp.Backend.WebApi.Extensions::SetupSecurityPolicies(Microsoft.AspNetCore.Builder.WebApplicationBuilder,System.String)
DA:11,14
DA:12,14
DA:13,14
DA:14,14
DA:15,14
DA:16,14
DA:17,14
DA:18,14
DA:19,14
DA:20,14
DA:21,14
DA:22,14
DA:23,28
DA:24,28
DA:25,14
DA:26,14
BRDA:12,27,0,14
BRDA:12,27,1,14
BRDA:16,14,0,14
BRDA:16,14,1,14
FN:33,System.Void ExampleWebApp.Backend.WebApi.Extensions::SetupSecurityPolicies(Microsoft.AspNetCore.Builder.WebApplication)
FNDA:14,System.Void ExampleWebApp.Backend.WebApi.Extensions::SetupSecurityPolicies(Microsoft.AspNetCore.Builder.WebApplication)
DA:34,14
DA:35,14
DA:36,0
DA:37,0
DA:39,0
DA:42,14
DA:43,14
DA:44,14
DA:46,14
DA:47,14
DA:48,14
BRDA:35,17,0,0
BRDA:35,17,1,14
LF:27
LH:24
BRF:6
BRH:5
FNF:2
FNH:2
end_of_record
SF:/home/devel0/Documents/opensource/example-webapp/backend/backend-api/Extensions/Swagger.cs
FN:8,System.Void ExampleWebApp.Backend.WebApi.Extensions::AddSwaggerGenCustom(Microsoft.Extensions.DependencyInjection.IServiceCollection)
FNDA:14,System.Void ExampleWebApp.Backend.WebApi.Extensions::AddSwaggerGenCustom(Microsoft.Extensions.DependencyInjection.IServiceCollection)
DA:9,14
DA:10,14
DA:11,13
DA:12,13
DA:13,14
DA:14,14
DA:15,13
DA:16,13
DA:17,14
DA:18,13
DA:19,26
DA:20,13
DA:21,26
DA:22,13
DA:23,13
DA:24,26
DA:25,13
DA:26,13
DA:27,26
DA:28,13
DA:29,13
DA:30,26
DA:31,13
DA:32,13
DA:33,26
DA:34,13
DA:35,13
DA:36,26
DA:37,13
DA:38,13
DA:39,26
DA:40,13
DA:41,13
DA:42,26
DA:43,13
DA:44,13
DA:45,13
DA:46,26
DA:47,39
DA:48,14
DA:49,13
DA:50,13
DA:51,13
DA:52,13
DA:53,13
DA:54,13
DA:55,13
DA:56,13
DA:57,13
DA:58,14
DA:59,13
DA:60,13
DA:61,13
DA:62,13
DA:63,13
DA:64,13
DA:65,13
DA:66,13
DA:67,13
DA:68,13
DA:69,13
DA:70,13
DA:71,13
DA:72,13
DA:73,14
DA:74,14
DA:75,13
DA:76,0
DA:77,0
DA:78,13
DA:79,27
BRDA:77,9,0,0
BRDA:77,9,1,0
FN:84,System.Nullable`1<System.ValueTuple`2<System.String,System.String>> ExampleWebApp.Backend.WebApi.Extensions::ConfigSwagger(Microsoft.AspNetCore.Builder.WebApplication)
FNDA:14,System.Nullable`1<System.ValueTuple`2<System.String,System.String>> ExampleWebApp.Backend.WebApi.Extensions::ConfigSwagger(Microsoft.AspNetCore.Builder.WebApplication)
DA:85,14
DA:86,14
DA:87,14
DA:88,14
DA:90,14
DA:92,14
DA:93,14
DA:94,14
DA:95,14
DA:96,14
DA:97,28
DA:98,14
DA:99,0
DA:100,0
DA:101,0
DA:102,14
DA:104,14
DA:105,14
DA:106,14
DA:107,14
DA:110,0
DA:111,14
BRDA:86,14,0,14
BRDA:86,14,1,0
LF:93
LH:87
BRF:4
BRH:1
FNF:2
FNH:2
end_of_record
SF:/home/devel0/Documents/opensource/example-webapp/backend/backend-api/Extensions/DatabaseSeeding.cs
FN:9,System.Void ExampleWebApp.Backend.WebApi.Extensions/<InitializeDatabaseAsync>d__16::MoveNext()
FNDA:14,System.Void ExampleWebApp.Backend.WebApi.Extensions/<InitializeDatabaseAsync>d__16::MoveNext()
DA:10,14
DA:11,14
DA:12,14
DA:13,14
DA:14,14
DA:15,14
DA:16,14
DA:18,14
DA:19,14
DA:20,14
DA:22,14
DA:23,14
DA:24,14
DA:25,14
DA:26,14
DA:27,14
DA:28,14
DA:30,14
DA:31,14
DA:34,14
DA:35,14
DA:37,14
DA:38,14
DA:39,14
DA:41,14
DA:42,0
DA:43,14
DA:45,14
BRDA:22,293,0,14
BRDA:31,491,0,0
BRDA:31,491,1,14
BRDA:41,1171,0,0
BRDA:41,1171,1,14
BRDA:22,293,1,14
LF:28
LH:27
BRF:6
BRH:4
FNF:1
FNH:1
end_of_record
SF:/home/devel0/Documents/opensource/example-webapp/backend/backend-api/Filters/Auth.cs
FN:8,System.Void ExampleWebApp.Backend.WebApi.JWTFilter::OnAuthorization(Microsoft.AspNetCore.Mvc.Filters.AuthorizationFilterContext)
FNDA:29,System.Void ExampleWebApp.Backend.WebApi.JWTFilter::OnAuthorization(Microsoft.AspNetCore.Mvc.Filters.AuthorizationFilterContext)
DA:9,29
DA:10,29
DA:11,29
LF:3
LH:3
BRF:0
BRH:0
FNF:1
FNH:1
end_of_record
SF:/home/devel0/Documents/opensource/example-webapp/backend/backend-api/Services/AuthService.cs
FN:16,System.Void ExampleWebApp.Backend.WebApi.AuthService::.ctor(Microsoft.AspNetCore.Identity.UserManager`1<ExampleWebApp.Backend.Data.Types.ApplicationUser>,Microsoft.AspNetCore.Identity.RoleManager`1<Microsoft.AspNetCore.Identity.IdentityRole>,Microsoft.AspNetCore.Identity.SignInManager`1<ExampleWebApp.Backend.Data.Types.ApplicationUser>,ExampleWebApp.Backend.WebApi.IJWTService,Microsoft.AspNetCore.Http.IHttpContextAccessor,Microsoft.Extensions.Hosting.IHostEnvironment,Microsoft.Extensions.Logging.ILogger`1<ExampleWebApp.Backend.WebApi.AuthService>,Microsoft.Extensions.Configuration.IConfiguration,Microsoft.AspNetCore.Authentication.IAuthenticationService)
FNDA:29,System.Void ExampleWebApp.Backend.WebApi.AuthService::.ctor(Microsoft.AspNetCore.Identity.UserManager`1<ExampleWebApp.Backend.Data.Types.ApplicationUser>,Microsoft.AspNetCore.Identity.RoleManager`1<Microsoft.AspNetCore.Identity.IdentityRole>,Microsoft.AspNetCore.Identity.SignInManager`1<ExampleWebApp.Backend.Data.Types.ApplicationUser>,ExampleWebApp.Backend.WebApi.IJWTService,Microsoft.AspNetCore.Http.IHttpContextAccessor,Microsoft.Extensions.Hosting.IHostEnvironment,Microsoft.Extensions.Logging.ILogger`1<ExampleWebApp.Backend.WebApi.AuthService>,Microsoft.Extensions.Configuration.IConfiguration,Microsoft.AspNetCore.Authentication.IAuthenticationService)
DA:17,29
DA:18,29
DA:19,29
DA:20,29
DA:21,29
DA:22,29
DA:23,29
DA:24,29
DA:25,29
DA:26,29
DA:27,29
DA:28,29
DA:29,29
DA:30,29
DA:31,29
DA:32,29
DA:33,29
DA:34,29
DA:35,29
DA:36,29
DA:37,29
FN:248,System.Boolean ExampleWebApp.Backend.WebApi.AuthService/<>c::<AllRolesAsync>b__16_0(Microsoft.AspNetCore.Identity.IdentityRole)
FNDA:6,System.Boolean ExampleWebApp.Backend.WebApi.AuthService/<>c::<AllRolesAsync>b__16_0(Microsoft.AspNetCore.Identity.IdentityRole)
DA:249,6
FN:249,System.String ExampleWebApp.Backend.WebApi.AuthService/<>c::<AllRolesAsync>b__16_1(Microsoft.AspNetCore.Identity.IdentityRole)
FNDA:6,System.String ExampleWebApp.Backend.WebApi.AuthService/<>c::<AllRolesAsync>b__16_1(Microsoft.AspNetCore.Identity.IdentityRole)
DA:250,6
FN:291,System.Boolean ExampleWebApp.Backend.WebApi.AuthService/<>c__DisplayClass18_0::<SetUserRolesAsync>b__0(System.String)
FNDA:5,System.Boolean ExampleWebApp.Backend.WebApi.AuthService/<>c__DisplayClass18_0::<SetUserRolesAsync>b__0(System.String)
DA:292,5
FN:295,System.Boolean ExampleWebApp.Backend.WebApi.AuthService/<>c__DisplayClass18_0::<SetUserRolesAsync>b__1(System.String)
FNDA:8,System.Boolean ExampleWebApp.Backend.WebApi.AuthService/<>c__DisplayClass18_0::<SetUserRolesAsync>b__1(System.String)
DA:296,8
FN:296,System.Boolean ExampleWebApp.Backend.WebApi.AuthService/<>c__DisplayClass18_0::<SetUserRolesAsync>b__2(System.String)
FNDA:4,System.Boolean ExampleWebApp.Backend.WebApi.AuthService/<>c__DisplayClass18_0::<SetUserRolesAsync>b__2(System.String)
DA:297,4
FN:246,System.Void ExampleWebApp.Backend.WebApi.AuthService/<AllRolesAsync>d__16::MoveNext()
FNDA:2,System.Void ExampleWebApp.Backend.WebApi.AuthService/<AllRolesAsync>d__16::MoveNext()
DA:247,2
DA:248,2
DA:251,2
DA:252,2
FN:149,System.Void ExampleWebApp.Backend.WebApi.AuthService/<CurrentUserAsync>d__13::MoveNext()
FNDA:7,System.Void ExampleWebApp.Backend.WebApi.AuthService/<CurrentUserAsync>d__13::MoveNext()
DA:150,7
DA:151,7
DA:152,0
DA:153,0
DA:154,0
DA:156,7
DA:158,7
DA:159,7
DA:160,7
DA:161,7
DA:163,7
DA:164,0
DA:165,0
DA:166,0
DA:169,7
DA:171,7
DA:172,0
DA:173,0
DA:174,0
DA:176,7
DA:177,7
DA:178,7
DA:179,7
DA:180,7
DA:181,7
DA:182,7
DA:183,7
DA:184,7
DA:188,0
DA:189,0
DA:190,0
DA:191,7
BRDA:151,29,0,0
BRDA:151,29,1,7
BRDA:158,98,0,7
BRDA:163,154,0,7
BRDA:163,154,1,0
BRDA:163,172,0,0
BRDA:163,172,1,7
BRDA:171,258,0,0
BRDA:171,258,1,7
BRDA:158,98,1,0
FN:254,System.Void ExampleWebApp.Backend.WebApi.AuthService/<ListRolesAsync>d__17::MoveNext()
FNDA:0,System.Void ExampleWebApp.Backend.WebApi.AuthService/<ListRolesAsync>d__17::MoveNext()
DA:255,0
DA:256,0
DA:258,0
DA:259,0
DA:260,0
DA:261,0
DA:264,0
DA:265,0
BRDA:258,153,0,0
BRDA:258,153,1,0
FN:213,System.Void ExampleWebApp.Backend.WebApi.AuthService/<ListUsersAsync>d__15::MoveNext()
FNDA:3,System.Void ExampleWebApp.Backend.WebApi.AuthService/<ListUsersAsync>d__15::MoveNext()
DA:214,3
DA:215,3
DA:217,3
DA:219,21
DA:220,6
DA:221,6
DA:223,6
DA:224,0
DA:225,0
DA:226,0
DA:229,6
DA:230,6
DA:231,6
DA:232,6
DA:233,6
DA:234,6
DA:235,6
DA:236,6
DA:237,6
DA:238,6
DA:239,6
DA:240,6
DA:241,6
DA:243,3
DA:244,3
BRDA:219,657,1,6
BRDA:223,383,0,6
BRDA:223,383,1,0
BRDA:223,406,0,0
BRDA:223,406,1,6
BRDA:219,657,0,3
FN:134,System.Void ExampleWebApp.Backend.WebApi.AuthService/<LockoutUserAsync>d__12::MoveNext()
FNDA:1,System.Void ExampleWebApp.Backend.WebApi.AuthService/<LockoutUserAsync>d__12::MoveNext()
DA:135,1
DA:136,1
DA:137,1
DA:138,1
DA:139,1
DA:140,0
DA:141,1
DA:142,1
DA:146,0
DA:147,1
BRDA:137,180,0,1
BRDA:139,198,0,0
BRDA:139,198,1,1
BRDA:137,180,1,0
FN:40,System.Void ExampleWebApp.Backend.WebApi.AuthService/<LoginAsync>d__10::MoveNext()
FNDA:13,System.Void ExampleWebApp.Backend.WebApi.AuthService/<LoginAsync>d__10::MoveNext()
DA:41,13
DA:42,13
DA:44,13
DA:45,12
DA:47,1
DA:48,2
DA:49,1
DA:50,1
DA:52,0
DA:53,0
DA:55,12
DA:56,1
DA:57,1
DA:58,1
DA:60,11
DA:61,11
DA:62,11
DA:63,11
DA:64,0
DA:66,11
DA:67,11
DA:69,11
DA:70,11
DA:72,11
DA:73,11
DA:75,11
DA:76,11
DA:77,0
DA:78,0
DA:79,0
DA:81,11
DA:83,11
DA:84,11
DA:85,11
DA:87,11
DA:88,11
DA:89,11
DA:90,11
DA:91,11
DA:92,11
DA:93,11
DA:94,11
DA:95,11
DA:96,11
DA:97,13
BRDA:44,78,0,12
BRDA:44,78,1,1
BRDA:48,249,0,1
BRDA:48,249,1,0
BRDA:55,459,0,11
BRDA:55,459,1,12
BRDA:55,621,0,1
BRDA:55,621,1,11
BRDA:63,720,0,11
BRDA:63,720,1,0
BRDA:63,738,0,0
BRDA:63,738,1,11
BRDA:76,1023,0,0
BRDA:76,1023,1,11
FN:193,System.Void ExampleWebApp.Backend.WebApi.AuthService/<LogoutAsync>d__14::MoveNext()
FNDA:0,System.Void ExampleWebApp.Backend.WebApi.AuthService/<LogoutAsync>d__14::MoveNext()
DA:194,0
DA:195,0
DA:197,0
DA:198,0
DA:199,0
DA:200,0
DA:201,0
DA:203,0
DA:204,0
DA:206,0
DA:207,0
DA:208,0
DA:210,0
DA:211,0
BRDA:198,156,0,0
BRDA:198,156,1,0
FN:100,System.Void ExampleWebApp.Backend.WebApi.AuthService/<RegisterUserAsync>d__11::MoveNext()
FNDA:3,System.Void ExampleWebApp.Backend.WebApi.AuthService/<RegisterUserAsync>d__11::MoveNext()
DA:101,3
DA:102,3
DA:103,3
DA:104,3
DA:105,3
DA:106,3
DA:108,3
DA:109,3
DA:110,3
DA:111,3
DA:112,3
DA:113,3
DA:114,3
DA:115,3
DA:116,3
DA:117,3
DA:120,0
DA:121,0
DA:123,0
DA:124,0
DA:125,0
DA:126,0
DA:127,0
DA:128,0
DA:129,0
DA:131,3
BRDA:109,227,0,3
BRDA:109,227,1,0
FN:268,System.Void ExampleWebApp.Backend.WebApi.AuthService/<SetUserRolesAsync>d__18::MoveNext()
FNDA:2,System.Void ExampleWebApp.Backend.WebApi.AuthService/<SetUserRolesAsync>d__18::MoveNext()
DA:269,2
DA:270,2
DA:271,0
DA:272,0
DA:273,0
DA:274,0
DA:275,0
DA:276,0
DA:279,2
DA:281,2
DA:282,0
DA:283,0
DA:284,0
DA:285,0
DA:286,0
DA:287,0
DA:290,2
DA:291,2
DA:294,2
DA:295,2
DA:299,2
DA:300,2
DA:302,2
DA:303,0
DA:304,0
DA:305,0
DA:306,0
DA:308,2
DA:309,2
DA:310,2
DA:311,2
DA:312,2
DA:313,2
DA:317,0
DA:318,0
DA:319,0
DA:320,0
DA:321,0
DA:322,0
DA:324,2
BRDA:270,111,0,0
BRDA:270,111,1,2
BRDA:281,325,0,0
BRDA:281,325,1,2
BRDA:294,751,0,2
BRDA:302,1091,0,0
BRDA:302,1091,1,2
BRDA:294,751,1,0
LF:230
LH:154
BRF:48
BRH:26
FNF:15
FNH:13
end_of_record
SF:/home/devel0/Documents/opensource/example-webapp/backend/backend-api/Services/JWTService.cs
FN:21,System.TimeSpan ExampleWebApp.Backend.WebApi.JWTService::get_AccessTokenLifetime()
FNDA:14,System.TimeSpan ExampleWebApp.Backend.WebApi.JWTService::get_AccessTokenLifetime()
DA:22,14
DA:23,14
FN:24,System.TimeSpan ExampleWebApp.Backend.WebApi.JWTService::get_RefreshTokenLifetime()
FNDA:14,System.TimeSpan ExampleWebApp.Backend.WebApi.JWTService::get_RefreshTokenLifetime()
DA:25,14
DA:26,14
FN:27,Microsoft.IdentityModel.Tokens.SymmetricSecurityKey ExampleWebApp.Backend.WebApi.JWTService::get_JwtEncryptionKey()
FNDA:28,Microsoft.IdentityModel.Tokens.SymmetricSecurityKey ExampleWebApp.Backend.WebApi.JWTService::get_JwtEncryptionKey()
DA:28,28
DA:29,28
FN:30,System.String ExampleWebApp.Backend.WebApi.JWTService::get_Issuer()
FNDA:14,System.String ExampleWebApp.Backend.WebApi.JWTService::get_Issuer()
DA:31,14
FN:32,System.String ExampleWebApp.Backend.WebApi.JWTService::get_Audience()
FNDA:14,System.String ExampleWebApp.Backend.WebApi.JWTService::get_Audience()
DA:33,14
FN:35,System.String ExampleWebApp.Backend.WebApi.JWTService::GenerateAccessToken(System.String,System.String,System.Collections.Generic.IList`1<System.Security.Claims.Claim>)
FNDA:14,System.String ExampleWebApp.Backend.WebApi.JWTService::GenerateAccessToken(System.String,System.String,System.Collections.Generic.IList`1<System.Security.Claims.Claim>)
DA:36,14
DA:37,14
DA:39,14
DA:40,14
DA:41,14
DA:42,14
DA:43,14
DA:44,14
DA:45,14
DA:46,14
DA:48,14
DA:50,14
DA:52,14
DA:56,14
DA:57,14
FN:59,ExampleWebApp.Backend.WebApi.Types.RenewAccessTokenNfo ExampleWebApp.Backend.WebApi.JWTService::RenewAccessToken(System.String,System.String)
FNDA:3,ExampleWebApp.Backend.WebApi.Types.RenewAccessTokenNfo ExampleWebApp.Backend.WebApi.JWTService::RenewAccessToken(System.String,System.String)
DA:60,3
DA:61,3
DA:62,3
DA:64,3
DA:66,3
DA:68,3
DA:70,3
DA:72,3
DA:74,3
DA:75,3
DA:77,3
DA:78,3
DA:80,3
DA:81,3
DA:82,3
DA:83,3
DA:84,3
DA:85,3
DA:86,3
DA:87,3
BRDA:62,23,0,0
BRDA:62,23,1,3
BRDA:66,63,0,0
BRDA:66,63,1,3
BRDA:68,93,0,0
BRDA:68,93,1,3
BRDA:72,222,0,3
BRDA:72,251,0,2
BRDA:72,251,1,1
BRDA:72,222,1,0
BRDA:72,277,0,0
BRDA:72,277,1,3
BRDA:75,299,0,0
BRDA:75,299,1,3
FN:89,System.String ExampleWebApp.Backend.WebApi.JWTService::GetValidRefreshToken(System.String)
FNDA:14,System.String ExampleWebApp.Backend.WebApi.JWTService::GetValidRefreshToken(System.String)
DA:90,14
DA:91,14
DA:92,14
DA:93,14
DA:95,14
DA:97,50
DA:98,4
DA:99,4
DA:100,1
DA:103,3
DA:104,4
DA:106,14
DA:107,0
DA:108,0
DA:112,0
DA:119,14
DA:120,14
DA:121,14
DA:122,14
DA:123,14
DA:124,14
DA:126,14
DA:128,14
DA:129,14
DA:130,14
DA:131,14
DA:132,14
DA:133,14
DA:134,14
DA:136,14
DA:138,14
DA:140,14
DA:141,14
BRDA:97,220,1,4
BRDA:99,180,0,1
BRDA:99,180,1,3
BRDA:97,220,0,14
BRDA:106,252,0,0
BRDA:106,252,1,14
FN:143,System.Security.Claims.ClaimsPrincipal ExampleWebApp.Backend.WebApi.JWTService::GetPrincipalFromExpiredToken(System.String)
FNDA:8,System.Security.Claims.ClaimsPrincipal ExampleWebApp.Backend.WebApi.JWTService::GetPrincipalFromExpiredToken(System.String)
DA:144,8
DA:148,8
DA:149,8
DA:151,8
DA:152,8
DA:153,8
DA:154,0
DA:155,8
DA:156,0
DA:157,0
DA:159,0
DA:162,8
DA:163,8
BRDA:153,45,0,8
BRDA:153,45,1,0
BRDA:153,76,0,0
BRDA:153,76,1,8
FN:165,System.Boolean ExampleWebApp.Backend.WebApi.JWTService::IsRefreshTokenStillValid(System.String,System.String)
FNDA:8,System.Boolean ExampleWebApp.Backend.WebApi.JWTService::IsRefreshTokenStillValid(System.String,System.String)
DA:166,8
DA:167,8
DA:168,8
DA:170,8
DA:172,8
DA:174,9
DA:176,7
DA:177,8
BRDA:170,201,0,0
BRDA:170,201,1,8
BRDA:174,230,0,1
BRDA:174,230,1,7
FN:9,System.Void ExampleWebApp.Backend.WebApi.JWTService::.ctor(Microsoft.Extensions.Logging.ILogger`1<ExampleWebApp.Backend.WebApi.JWTService>,Microsoft.Extensions.Configuration.IConfiguration,Microsoft.AspNetCore.Identity.UserManager`1<ExampleWebApp.Backend.Data.Types.ApplicationUser>,ExampleWebApp.Backend.Data.ApplicationDbContext)
FNDA:31,System.Void ExampleWebApp.Backend.WebApi.JWTService::.ctor(Microsoft.Extensions.Logging.ILogger`1<ExampleWebApp.Backend.WebApi.JWTService>,Microsoft.Extensions.Configuration.IConfiguration,Microsoft.AspNetCore.Identity.UserManager`1<ExampleWebApp.Backend.Data.Types.ApplicationUser>,ExampleWebApp.Backend.Data.ApplicationDbContext)
DA:10,31
DA:11,31
DA:12,31
DA:13,31
DA:14,31
DA:15,31
DA:16,31
DA:17,31
DA:18,31
DA:19,31
DA:20,31
LF:108
LH:101
BRF:28
BRH:18
FNF:11
FNH:11
end_of_record
SF:/home/devel0/Documents/opensource/example-webapp/backend/backend-api/Toolkit/Misc.cs
FN:8,System.Boolean ExampleWebApp.Backend.WebApi.Toolkit::IsUnitTesting()
FNDA:133,System.Boolean ExampleWebApp.Backend.WebApi.Toolkit::IsUnitTesting()
DA:9,133
BRDA:9,12,0,133
BRDA:9,12,1,0
LF:1
LH:1
BRF:2
BRH:1
FNF:1
FNH:1
end_of_record
SF:/home/devel0/Documents/opensource/example-webapp/backend/backend-api/Types/JwtCookies.cs
FN:11,System.String ExampleWebApp.Backend.WebApi.Types.JwtCookies::get_AccessToken()
FNDA:43,System.String ExampleWebApp.Backend.WebApi.Types.JwtCookies::get_AccessToken()
DA:12,43
FN:16,System.String ExampleWebApp.Backend.WebApi.Types.JwtCookies::get_UserName()
FNDA:18,System.String ExampleWebApp.Backend.WebApi.Types.JwtCookies::get_UserName()
DA:17,18
FN:21,System.String ExampleWebApp.Backend.WebApi.Types.JwtCookies::get_RefreshToken()
FNDA:36,System.String ExampleWebApp.Backend.WebApi.Types.JwtCookies::get_RefreshToken()
DA:22,36
LF:3
LH:3
BRF:0
BRH:0
FNF:3
FNH:3
end_of_record
SF:/home/devel0/Documents/opensource/example-webapp/backend/backend-api/Types/RenewAccessTokenNfo.cs
FN:11,System.String ExampleWebApp.Backend.WebApi.Types.RenewAccessTokenNfo::get_AccessToken()
FNDA:6,System.String ExampleWebApp.Backend.WebApi.Types.RenewAccessTokenNfo::get_AccessToken()
DA:12,6
FN:16,System.String ExampleWebApp.Backend.WebApi.Types.RenewAccessTokenNfo::get_RefreshToken()
FNDA:6,System.String ExampleWebApp.Backend.WebApi.Types.RenewAccessTokenNfo::get_RefreshToken()
DA:17,6
FN:21,System.String ExampleWebApp.Backend.WebApi.Types.RenewAccessTokenNfo::get_UserName()
FNDA:6,System.String ExampleWebApp.Backend.WebApi.Types.RenewAccessTokenNfo::get_UserName()
DA:22,6
FN:26,System.Security.Claims.ClaimsPrincipal ExampleWebApp.Backend.WebApi.Types.RenewAccessTokenNfo::get_Principal()
FNDA:6,System.Security.Claims.ClaimsPrincipal ExampleWebApp.Backend.WebApi.Types.RenewAccessTokenNfo::get_Principal()
DA:27,6
LF:4
LH:4
BRF:0
BRH:0
FNF:4
FNH:4
end_of_record
SF:/home/devel0/Documents/opensource/example-webapp/backend/backend-api/Types/UserClaimsNfo.cs
FN:11,System.String ExampleWebApp.Backend.WebApi.Types.UserClaimsNfo::get_UserName()
FNDA:16,System.String ExampleWebApp.Backend.WebApi.Types.UserClaimsNfo::get_UserName()
DA:12,16
FN:16,System.String ExampleWebApp.Backend.WebApi.Types.UserClaimsNfo::get_Email()
FNDA:8,System.String ExampleWebApp.Backend.WebApi.Types.UserClaimsNfo::get_Email()
DA:17,8
LF:2
LH:2
BRF:0
BRH:0
FNF:2
FNH:2
end_of_record
SF:/home/devel0/Documents/opensource/example-webapp/backend/backend-data/migrations-sqlite/Migrations/20231022131212_init.cs
FN:12,System.Void migrations_sqlite.Migrations.init::Up(Microsoft.EntityFrameworkCore.Migrations.MigrationBuilder)
FNDA:14,System.Void migrations_sqlite.Migrations.init::Up(Microsoft.EntityFrameworkCore.Migrations.MigrationBuilder)
DA:13,14
DA:14,14
DA:15,14
DA:16,14
DA:17,14
DA:18,14
DA:19,14
DA:20,14
DA:21,14
DA:22,14
DA:23,14
DA:24,14
DA:25,14
DA:26,28
DA:28,14
DA:29,14
DA:30,14
DA:31,14
DA:32,14
DA:33,14
DA:34,14
DA:35,14
DA:36,14
DA:37,14
DA:38,14
DA:39,14
DA:40,14
DA:41,14
DA:42,14
DA:43,14
DA:44,14
DA:45,14
DA:46,14
DA:47,14
DA:48,14
DA:49,14
DA:50,14
DA:51,28
DA:53,14
DA:54,14
DA:55,14
DA:56,14
DA:57,14
DA:58,14
DA:59,14
DA:60,14
DA:61,14
DA:62,14
DA:63,14
DA:64,14
DA:65,14
DA:66,28
DA:68,14
DA:69,14
DA:70,14
DA:71,14
DA:72,14
DA:73,14
DA:74,14
DA:75,14
DA:76,14
DA:77,14
DA:78,14
DA:79,14
DA:80,14
DA:81,28
DA:83,14
DA:84,14
DA:85,14
DA:86,14
DA:87,14
DA:88,14
DA:89,14
DA:90,14
DA:91,14
DA:92,14
DA:93,14
DA:94,14
DA:95,14
DA:96,14
DA:97,14
DA:98,14
DA:99,14
DA:100,14
DA:101,14
DA:102,28
DA:104,14
DA:105,14
DA:106,14
DA:107,14
DA:108,14
DA:109,14
DA:110,14
DA:111,14
DA:112,14
DA:113,14
DA:114,14
DA:115,14
DA:116,14
DA:117,14
DA:118,14
DA:119,14
DA:120,14
DA:121,14
DA:122,14
DA:123,28
DA:125,14
DA:126,14
DA:127,14
DA:128,14
DA:129,14
DA:130,14
DA:131,14
DA:132,14
DA:133,14
DA:134,14
DA:135,14
DA:136,14
DA:137,14
DA:138,14
DA:139,14
DA:140,14
DA:141,14
DA:142,14
DA:143,28
DA:145,14
DA:146,14
DA:147,14
DA:148,14
DA:149,14
DA:150,14
DA:151,14
DA:152,14
DA:153,14
DA:154,14
DA:155,14
DA:156,14
DA:157,14
DA:158,14
DA:159,14
DA:160,14
DA:161,14
DA:162,14
DA:163,14
DA:164,14
DA:165,14
DA:166,14
DA:167,28
DA:169,14
DA:170,14
DA:171,14
DA:172,14
DA:173,14
DA:174,14
DA:175,14
DA:176,14
DA:177,14
DA:178,14
DA:179,14
DA:180,14
DA:181,14
DA:182,14
DA:183,14
DA:184,14
DA:185,14
DA:186,14
DA:187,28
DA:189,14
DA:190,14
DA:191,14
DA:192,14
DA:194,14
DA:195,14
DA:196,14
DA:197,14
DA:198,14
DA:200,14
DA:201,14
DA:202,14
DA:203,14
DA:205,14
DA:206,14
DA:207,14
DA:208,14
DA:210,14
DA:211,14
DA:212,14
DA:213,14
DA:215,14
DA:216,14
DA:217,14
DA:218,14
DA:220,14
DA:221,14
DA:222,14
DA:223,14
DA:224,14
DA:225,14
FN:228,System.Void migrations_sqlite.Migrations.init::Down(Microsoft.EntityFrameworkCore.Migrations.MigrationBuilder)
FNDA:0,System.Void migrations_sqlite.Migrations.init::Down(Microsoft.EntityFrameworkCore.Migrations.MigrationBuilder)
DA:229,0
DA:230,0
DA:231,0
DA:233,0
DA:234,0
DA:236,0
DA:237,0
DA:239,0
DA:240,0
DA:242,0
DA:243,0
DA:245,0
DA:246,0
DA:248,0
DA:249,0
DA:251,0
DA:252,0
DA:254,0
DA:255,0
DA:256,0
LF:218
LH:198
BRF:0
BRH:0
FNF:2
FNH:1
end_of_record
SF:/home/devel0/Documents/opensource/example-webapp/backend/backend-data/migrations-sqlite/Migrations/20231022131212_init.Designer.cs
FN:18,System.Void migrations_sqlite.Migrations.init::BuildTargetModel(Microsoft.EntityFrameworkCore.ModelBuilder)
FNDA:14,System.Void migrations_sqlite.Migrations.init::BuildTargetModel(Microsoft.EntityFrameworkCore.ModelBuilder)
DA:19,14
DA:21,14
DA:23,14
DA:24,14
DA:25,14
DA:26,14
DA:27,14
DA:28,14
DA:29,14
DA:30,14
DA:31,14
DA:32,14
DA:33,14
DA:34,14
DA:35,14
DA:36,14
DA:37,14
DA:38,14
DA:39,14
DA:40,14
DA:41,14
DA:42,14
DA:43,14
DA:44,14
DA:45,14
DA:46,14
DA:47,14
DA:48,14
DA:49,14
DA:50,14
DA:51,14
DA:52,14
DA:53,14
DA:54,14
DA:55,14
DA:56,14
DA:57,14
DA:58,14
DA:59,14
DA:60,14
DA:61,14
DA:62,14
DA:63,14
DA:64,14
DA:65,14
DA:66,14
DA:67,14
DA:68,14
DA:69,14
DA:70,14
DA:71,14
DA:72,14
DA:73,14
DA:74,14
DA:75,14
DA:76,14
DA:77,14
DA:78,14
DA:79,14
DA:80,14
DA:81,14
DA:82,14
DA:83,14
DA:84,14
DA:85,28
DA:87,14
DA:88,14
DA:89,14
DA:90,14
DA:91,14
DA:92,14
DA:93,14
DA:94,14
DA:95,14
DA:96,14
DA:97,14
DA:98,14
DA:99,14
DA:100,14
DA:101,14
DA:102,14
DA:103,14
DA:104,14
DA:105,14
DA:106,28
DA:108,14
DA:109,14
DA:110,14
DA:111,14
DA:112,14
DA:113,14
DA:114,14
DA:115,14
DA:116,14
DA:117,14
DA:118,14
DA:119,14
DA:120,14
DA:121,14
DA:122,14
DA:123,14
DA:124,14
DA:125,14
DA:126,14
DA:127,14
DA:128,14
DA:129,14
DA:130,14
DA:131,28
DA:133,14
DA:134,14
DA:135,14
DA:136,14
DA:137,14
DA:138,14
DA:139,14
DA:140,14
DA:141,14
DA:142,14
DA:143,14
DA:144,14
DA:145,14
DA:146,14
DA:147,14
DA:148,14
DA:149,14
DA:150,14
DA:151,14
DA:152,14
DA:153,14
DA:154,14
DA:155,14
DA:156,14
DA:157,28
DA:159,14
DA:160,14
DA:161,14
DA:162,14
DA:163,14
DA:164,14
DA:165,14
DA:166,14
DA:167,14
DA:168,14
DA:169,14
DA:170,14
DA:171,14
DA:172,14
DA:173,14
DA:174,14
DA:175,14
DA:176,14
DA:177,14
DA:178,14
DA:179,14
DA:180,28
DA:182,14
DA:183,14
DA:184,14
DA:185,14
DA:186,14
DA:187,14
DA:188,14
DA:189,14
DA:190,14
DA:191,14
DA:192,14
DA:193,14
DA:194,14
DA:195,14
DA:196,14
DA:197,14
DA:198,14
DA:199,14
DA:200,14
DA:201,14
DA:202,14
DA:203,28
DA:205,14
DA:206,14
DA:207,14
DA:208,14
DA:209,14
DA:210,14
DA:211,14
DA:212,14
DA:213,14
DA:214,14
DA:215,14
DA:216,14
DA:217,14
DA:218,14
DA:219,14
DA:220,14
DA:221,14
DA:222,14
DA:223,14
DA:224,14
DA:225,28
DA:227,14
DA:228,14
DA:229,14
DA:230,14
DA:231,14
DA:232,14
DA:233,14
DA:234,14
DA:235,14
DA:236,14
DA:237,14
DA:238,14
DA:239,14
DA:240,28
DA:242,14
DA:243,14
DA:244,14
DA:245,14
DA:246,14
DA:247,14
DA:248,14
DA:249,14
DA:250,14
DA:251,14
DA:252,14
DA:253,14
DA:254,14
DA:255,14
DA:256,14
DA:257,14
DA:258,14
DA:259,28
DA:261,14
DA:262,14
DA:263,14
DA:264,14
DA:265,14
DA:266,14
DA:267,14
DA:268,28
DA:270,14
DA:271,14
DA:272,14
DA:273,14
DA:274,14
DA:275,14
DA:276,14
DA:277,28
DA:279,14
DA:280,14
DA:281,14
DA:282,14
DA:283,14
DA:284,14
DA:285,14
DA:286,28
DA:288,14
DA:289,14
DA:290,14
DA:291,14
DA:292,14
DA:293,14
DA:294,14
DA:295,14
DA:296,14
DA:297,14
DA:298,14
DA:299,14
DA:300,14
DA:301,28
DA:303,14
DA:304,14
DA:305,14
DA:306,14
DA:307,14
DA:308,14
DA:309,14
DA:310,28
DA:312,14
LF:278
LH:278
BRF:0
BRH:0
FNF:1
FNH:1
end_of_record
SF:/home/devel0/Documents/opensource/example-webapp/backend/backend-data/migrations-sqlite/Migrations/ApplicationDbContextModelSnapshot.cs
FN:15,System.Void migrations_sqlite.Migrations.ApplicationDbContextModelSnapshot::BuildModel(Microsoft.EntityFrameworkCore.ModelBuilder)
FNDA:0,System.Void migrations_sqlite.Migrations.ApplicationDbContextModelSnapshot::BuildModel(Microsoft.EntityFrameworkCore.ModelBuilder)
DA:16,0
DA:18,0
DA:20,0
DA:21,0
DA:22,0
DA:23,0
DA:24,0
DA:25,0
DA:26,0
DA:27,0
DA:28,0
DA:29,0
DA:30,0
DA:31,0
DA:32,0
DA:33,0
DA:34,0
DA:35,0
DA:36,0
DA:37,0
DA:38,0
DA:39,0
DA:40,0
DA:41,0
DA:42,0
DA:43,0
DA:44,0
DA:45,0
DA:46,0
DA:47,0
DA:48,0
DA:49,0
DA:50,0
DA:51,0
DA:52,0
DA:53,0
DA:54,0
DA:55,0
DA:56,0
DA:57,0
DA:58,0
DA:59,0
DA:60,0
DA:61,0
DA:62,0
DA:63,0
DA:64,0
DA:65,0
DA:66,0
DA:67,0
DA:68,0
DA:69,0
DA:70,0
DA:71,0
DA:72,0
DA:73,0
DA:74,0
DA:75,0
DA:76,0
DA:77,0
DA:78,0
DA:79,0
DA:80,0
DA:81,0
DA:82,0
DA:84,0
DA:85,0
DA:86,0
DA:87,0
DA:88,0
DA:89,0
DA:90,0
DA:91,0
DA:92,0
DA:93,0
DA:94,0
DA:95,0
DA:96,0
DA:97,0
DA:98,0
DA:99,0
DA:100,0
DA:101,0
DA:102,0
DA:103,0
DA:105,0
DA:106,0
DA:107,0
DA:108,0
DA:109,0
DA:110,0
DA:111,0
DA:112,0
DA:113,0
DA:114,0
DA:115,0
DA:116,0
DA:117,0
DA:118,0
DA:119,0
DA:120,0
DA:121,0
DA:122,0
DA:123,0
DA:124,0
DA:125,0
DA:126,0
DA:127,0
DA:128,0
DA:130,0
DA:131,0
DA:132,0
DA:133,0
DA:134,0
DA:135,0
DA:136,0
DA:137,0
DA:138,0
DA:139,0
DA:140,0
DA:141,0
DA:142,0
DA:143,0
DA:144,0
DA:145,0
DA:146,0
DA:147,0
DA:148,0
DA:149,0
DA:150,0
DA:151,0
DA:152,0
DA:153,0
DA:154,0
DA:156,0
DA:157,0
DA:158,0
DA:159,0
DA:160,0
DA:161,0
DA:162,0
DA:163,0
DA:164,0
DA:165,0
DA:166,0
DA:167,0
DA:168,0
DA:169,0
DA:170,0
DA:171,0
DA:172,0
DA:173,0
DA:174,0
DA:175,0
DA:176,0
DA:177,0
DA:179,0
DA:180,0
DA:181,0
DA:182,0
DA:183,0
DA:184,0
DA:185,0
DA:186,0
DA:187,0
DA:188,0
DA:189,0
DA:190,0
DA:191,0
DA:192,0
DA:193,0
DA:194,0
DA:195,0
DA:196,0
DA:197,0
DA:198,0
DA:199,0
DA:200,0
DA:202,0
DA:203,0
DA:204,0
DA:205,0
DA:206,0
DA:207,0
DA:208,0
DA:209,0
DA:210,0
DA:211,0
DA:212,0
DA:213,0
DA:214,0
DA:215,0
DA:216,0
DA:217,0
DA:218,0
DA:219,0
DA:220,0
DA:221,0
DA:222,0
DA:224,0
DA:225,0
DA:226,0
DA:227,0
DA:228,0
DA:229,0
DA:230,0
DA:231,0
DA:232,0
DA:233,0
DA:234,0
DA:235,0
DA:236,0
DA:237,0
DA:239,0
DA:240,0
DA:241,0
DA:242,0
DA:243,0
DA:244,0
DA:245,0
DA:246,0
DA:247,0
DA:248,0
DA:249,0
DA:250,0
DA:251,0
DA:252,0
DA:253,0
DA:254,0
DA:255,0
DA:256,0
DA:258,0
DA:259,0
DA:260,0
DA:261,0
DA:262,0
DA:263,0
DA:264,0
DA:265,0
DA:267,0
DA:268,0
DA:269,0
DA:270,0
DA:271,0
DA:272,0
DA:273,0
DA:274,0
DA:276,0
DA:277,0
DA:278,0
DA:279,0
DA:280,0
DA:281,0
DA:282,0
DA:283,0
DA:285,0
DA:286,0
DA:287,0
DA:288,0
DA:289,0
DA:290,0
DA:291,0
DA:292,0
DA:293,0
DA:294,0
DA:295,0
DA:296,0
DA:297,0
DA:298,0
DA:300,0
DA:301,0
DA:302,0
DA:303,0
DA:304,0
DA:305,0
DA:306,0
DA:307,0
DA:309,0
LF:278
LH:0
BRF:0
BRH:0
FNF:1
FNH:0
end_of_record